[2022-10-12T01:24:32.206+0000] {processor.py:156} INFO - Started process (PID=63) to work on /home/airflow/.local/lib/python3.7/site-packages/airflow/example_dags/example_branch_operator.py
[2022-10-12T01:24:32.207+0000] {processor.py:758} INFO - Processing file /home/airflow/.local/lib/python3.7/site-packages/airflow/example_dags/example_branch_operator.py for tasks to queue
[2022-10-12T01:24:32.207+0000] {logging_mixin.py:117} INFO - [2022-10-12T01:24:32.207+0000] {dagbag.py:525} INFO - Filling up the DagBag from /home/airflow/.local/lib/python3.7/site-packages/airflow/example_dags/example_branch_operator.py
[2022-10-12T01:24:32.227+0000] {processor.py:768} INFO - DAG(s) dict_keys(['example_branch_operator']) retrieved from /home/airflow/.local/lib/python3.7/site-packages/airflow/example_dags/example_branch_operator.py
[2022-10-12T01:24:32.252+0000] {logging_mixin.py:117} INFO - [2022-10-12T01:24:32.252+0000] {dag.py:2573} INFO - Sync 1 DAGs
[2022-10-12T01:24:32.289+0000] {logging_mixin.py:117} INFO - [2022-10-12T01:24:32.289+0000] {dag.py:3328} INFO - Setting next_dagrun for example_branch_operator to 2022-10-11T00:00:00+00:00, run_after=2022-10-12T00:00:00+00:00
[2022-10-12T01:24:32.311+0000] {processor.py:178} INFO - Processing /home/airflow/.local/lib/python3.7/site-packages/airflow/example_dags/example_branch_operator.py took 0.107 seconds
[2022-10-12T01:25:02.627+0000] {processor.py:156} INFO - Started process (PID=125) to work on /home/airflow/.local/lib/python3.7/site-packages/airflow/example_dags/example_branch_operator.py
[2022-10-12T01:25:02.628+0000] {processor.py:758} INFO - Processing file /home/airflow/.local/lib/python3.7/site-packages/airflow/example_dags/example_branch_operator.py for tasks to queue
[2022-10-12T01:25:02.628+0000] {logging_mixin.py:117} INFO - [2022-10-12T01:25:02.628+0000] {dagbag.py:525} INFO - Filling up the DagBag from /home/airflow/.local/lib/python3.7/site-packages/airflow/example_dags/example_branch_operator.py
[2022-10-12T01:25:02.640+0000] {processor.py:768} INFO - DAG(s) dict_keys(['example_branch_operator']) retrieved from /home/airflow/.local/lib/python3.7/site-packages/airflow/example_dags/example_branch_operator.py
[2022-10-12T01:25:02.668+0000] {logging_mixin.py:117} INFO - [2022-10-12T01:25:02.668+0000] {dag.py:2573} INFO - Sync 1 DAGs
[2022-10-12T01:25:02.686+0000] {logging_mixin.py:117} INFO - [2022-10-12T01:25:02.686+0000] {dag.py:3328} INFO - Setting next_dagrun for example_branch_operator to 2022-10-11T00:00:00+00:00, run_after=2022-10-12T00:00:00+00:00
[2022-10-12T01:25:02.701+0000] {processor.py:178} INFO - Processing /home/airflow/.local/lib/python3.7/site-packages/airflow/example_dags/example_branch_operator.py took 0.076 seconds
[2022-10-12T01:25:32.953+0000] {processor.py:156} INFO - Started process (PID=189) to work on /home/airflow/.local/lib/python3.7/site-packages/airflow/example_dags/example_branch_operator.py
[2022-10-12T01:25:32.954+0000] {processor.py:758} INFO - Processing file /home/airflow/.local/lib/python3.7/site-packages/airflow/example_dags/example_branch_operator.py for tasks to queue
[2022-10-12T01:25:32.954+0000] {logging_mixin.py:117} INFO - [2022-10-12T01:25:32.954+0000] {dagbag.py:525} INFO - Filling up the DagBag from /home/airflow/.local/lib/python3.7/site-packages/airflow/example_dags/example_branch_operator.py
[2022-10-12T01:25:32.968+0000] {processor.py:768} INFO - DAG(s) dict_keys(['example_branch_operator']) retrieved from /home/airflow/.local/lib/python3.7/site-packages/airflow/example_dags/example_branch_operator.py
[2022-10-12T01:25:32.999+0000] {logging_mixin.py:117} INFO - [2022-10-12T01:25:32.998+0000] {dag.py:2573} INFO - Sync 1 DAGs
[2022-10-12T01:25:33.019+0000] {logging_mixin.py:117} INFO - [2022-10-12T01:25:33.019+0000] {dag.py:3328} INFO - Setting next_dagrun for example_branch_operator to 2022-10-11T00:00:00+00:00, run_after=2022-10-12T00:00:00+00:00
[2022-10-12T01:25:33.034+0000] {processor.py:178} INFO - Processing /home/airflow/.local/lib/python3.7/site-packages/airflow/example_dags/example_branch_operator.py took 0.082 seconds
[2022-10-12T01:26:04.154+0000] {processor.py:156} INFO - Started process (PID=251) to work on /home/airflow/.local/lib/python3.7/site-packages/airflow/example_dags/example_branch_operator.py
[2022-10-12T01:26:04.155+0000] {processor.py:758} INFO - Processing file /home/airflow/.local/lib/python3.7/site-packages/airflow/example_dags/example_branch_operator.py for tasks to queue
[2022-10-12T01:26:04.155+0000] {logging_mixin.py:117} INFO - [2022-10-12T01:26:04.155+0000] {dagbag.py:525} INFO - Filling up the DagBag from /home/airflow/.local/lib/python3.7/site-packages/airflow/example_dags/example_branch_operator.py
[2022-10-12T01:26:04.171+0000] {processor.py:768} INFO - DAG(s) dict_keys(['example_branch_operator']) retrieved from /home/airflow/.local/lib/python3.7/site-packages/airflow/example_dags/example_branch_operator.py
[2022-10-12T01:26:04.211+0000] {logging_mixin.py:117} INFO - [2022-10-12T01:26:04.211+0000] {dag.py:2573} INFO - Sync 1 DAGs
[2022-10-12T01:26:04.245+0000] {logging_mixin.py:117} INFO - [2022-10-12T01:26:04.245+0000] {dag.py:3328} INFO - Setting next_dagrun for example_branch_operator to 2022-10-11T00:00:00+00:00, run_after=2022-10-12T00:00:00+00:00
[2022-10-12T01:26:04.300+0000] {processor.py:178} INFO - Processing /home/airflow/.local/lib/python3.7/site-packages/airflow/example_dags/example_branch_operator.py took 0.148 seconds
