[2022-10-12T01:24:31.298+0000] {processor.py:156} INFO - Started process (PID=48) to work on /home/airflow/.local/lib/python3.7/site-packages/airflow/example_dags/example_branch_labels.py
[2022-10-12T01:24:31.298+0000] {processor.py:758} INFO - Processing file /home/airflow/.local/lib/python3.7/site-packages/airflow/example_dags/example_branch_labels.py for tasks to queue
[2022-10-12T01:24:31.299+0000] {logging_mixin.py:117} INFO - [2022-10-12T01:24:31.298+0000] {dagbag.py:525} INFO - Filling up the DagBag from /home/airflow/.local/lib/python3.7/site-packages/airflow/example_dags/example_branch_labels.py
[2022-10-12T01:24:31.333+0000] {processor.py:768} INFO - DAG(s) dict_keys(['example_branch_labels']) retrieved from /home/airflow/.local/lib/python3.7/site-packages/airflow/example_dags/example_branch_labels.py
[2022-10-12T01:24:31.366+0000] {logging_mixin.py:117} INFO - [2022-10-12T01:24:31.365+0000] {dag.py:2573} INFO - Sync 1 DAGs
[2022-10-12T01:24:31.389+0000] {logging_mixin.py:117} INFO - [2022-10-12T01:24:31.388+0000] {dag.py:3328} INFO - Setting next_dagrun for example_branch_labels to 2022-10-11T00:00:00+00:00, run_after=2022-10-12T00:00:00+00:00
[2022-10-12T01:24:31.409+0000] {processor.py:178} INFO - Processing /home/airflow/.local/lib/python3.7/site-packages/airflow/example_dags/example_branch_labels.py took 0.113 seconds
[2022-10-12T01:25:01.679+0000] {processor.py:156} INFO - Started process (PID=110) to work on /home/airflow/.local/lib/python3.7/site-packages/airflow/example_dags/example_branch_labels.py
[2022-10-12T01:25:01.679+0000] {processor.py:758} INFO - Processing file /home/airflow/.local/lib/python3.7/site-packages/airflow/example_dags/example_branch_labels.py for tasks to queue
[2022-10-12T01:25:01.680+0000] {logging_mixin.py:117} INFO - [2022-10-12T01:25:01.680+0000] {dagbag.py:525} INFO - Filling up the DagBag from /home/airflow/.local/lib/python3.7/site-packages/airflow/example_dags/example_branch_labels.py
[2022-10-12T01:25:01.690+0000] {processor.py:768} INFO - DAG(s) dict_keys(['example_branch_labels']) retrieved from /home/airflow/.local/lib/python3.7/site-packages/airflow/example_dags/example_branch_labels.py
[2022-10-12T01:25:01.718+0000] {logging_mixin.py:117} INFO - [2022-10-12T01:25:01.718+0000] {dag.py:2573} INFO - Sync 1 DAGs
[2022-10-12T01:25:01.737+0000] {logging_mixin.py:117} INFO - [2022-10-12T01:25:01.737+0000] {dag.py:3328} INFO - Setting next_dagrun for example_branch_labels to 2022-10-11T00:00:00+00:00, run_after=2022-10-12T00:00:00+00:00
[2022-10-12T01:25:01.752+0000] {processor.py:178} INFO - Processing /home/airflow/.local/lib/python3.7/site-packages/airflow/example_dags/example_branch_labels.py took 0.075 seconds
[2022-10-12T01:25:31.927+0000] {processor.py:156} INFO - Started process (PID=174) to work on /home/airflow/.local/lib/python3.7/site-packages/airflow/example_dags/example_branch_labels.py
[2022-10-12T01:25:31.927+0000] {processor.py:758} INFO - Processing file /home/airflow/.local/lib/python3.7/site-packages/airflow/example_dags/example_branch_labels.py for tasks to queue
[2022-10-12T01:25:31.928+0000] {logging_mixin.py:117} INFO - [2022-10-12T01:25:31.928+0000] {dagbag.py:525} INFO - Filling up the DagBag from /home/airflow/.local/lib/python3.7/site-packages/airflow/example_dags/example_branch_labels.py
[2022-10-12T01:25:31.940+0000] {processor.py:768} INFO - DAG(s) dict_keys(['example_branch_labels']) retrieved from /home/airflow/.local/lib/python3.7/site-packages/airflow/example_dags/example_branch_labels.py
[2022-10-12T01:25:31.970+0000] {logging_mixin.py:117} INFO - [2022-10-12T01:25:31.970+0000] {dag.py:2573} INFO - Sync 1 DAGs
[2022-10-12T01:25:31.991+0000] {logging_mixin.py:117} INFO - [2022-10-12T01:25:31.990+0000] {dag.py:3328} INFO - Setting next_dagrun for example_branch_labels to 2022-10-11T00:00:00+00:00, run_after=2022-10-12T00:00:00+00:00
[2022-10-12T01:25:32.008+0000] {processor.py:178} INFO - Processing /home/airflow/.local/lib/python3.7/site-packages/airflow/example_dags/example_branch_labels.py took 0.083 seconds
[2022-10-12T01:26:02.384+0000] {processor.py:156} INFO - Started process (PID=228) to work on /home/airflow/.local/lib/python3.7/site-packages/airflow/example_dags/example_branch_labels.py
[2022-10-12T01:26:02.384+0000] {processor.py:758} INFO - Processing file /home/airflow/.local/lib/python3.7/site-packages/airflow/example_dags/example_branch_labels.py for tasks to queue
[2022-10-12T01:26:02.385+0000] {logging_mixin.py:117} INFO - [2022-10-12T01:26:02.385+0000] {dagbag.py:525} INFO - Filling up the DagBag from /home/airflow/.local/lib/python3.7/site-packages/airflow/example_dags/example_branch_labels.py
[2022-10-12T01:26:02.399+0000] {processor.py:768} INFO - DAG(s) dict_keys(['example_branch_labels']) retrieved from /home/airflow/.local/lib/python3.7/site-packages/airflow/example_dags/example_branch_labels.py
[2022-10-12T01:26:02.446+0000] {logging_mixin.py:117} INFO - [2022-10-12T01:26:02.445+0000] {dag.py:2573} INFO - Sync 1 DAGs
[2022-10-12T01:26:02.480+0000] {logging_mixin.py:117} INFO - [2022-10-12T01:26:02.479+0000] {dag.py:3328} INFO - Setting next_dagrun for example_branch_labels to 2022-10-11T00:00:00+00:00, run_after=2022-10-12T00:00:00+00:00
[2022-10-12T01:26:02.498+0000] {processor.py:178} INFO - Processing /home/airflow/.local/lib/python3.7/site-packages/airflow/example_dags/example_branch_labels.py took 0.118 seconds
