[2022-10-12T01:24:31.172+0000] {processor.py:156} INFO - Started process (PID=46) to work on /home/airflow/.local/lib/python3.7/site-packages/airflow/example_dags/example_task_group_decorator.py
[2022-10-12T01:24:31.173+0000] {processor.py:758} INFO - Processing file /home/airflow/.local/lib/python3.7/site-packages/airflow/example_dags/example_task_group_decorator.py for tasks to queue
[2022-10-12T01:24:31.173+0000] {logging_mixin.py:117} INFO - [2022-10-12T01:24:31.173+0000] {dagbag.py:525} INFO - Filling up the DagBag from /home/airflow/.local/lib/python3.7/site-packages/airflow/example_dags/example_task_group_decorator.py
[2022-10-12T01:24:31.205+0000] {processor.py:768} INFO - DAG(s) dict_keys(['example_task_group_decorator']) retrieved from /home/airflow/.local/lib/python3.7/site-packages/airflow/example_dags/example_task_group_decorator.py
[2022-10-12T01:24:31.241+0000] {logging_mixin.py:117} INFO - [2022-10-12T01:24:31.241+0000] {dag.py:2573} INFO - Sync 1 DAGs
[2022-10-12T01:24:31.261+0000] {logging_mixin.py:117} INFO - [2022-10-12T01:24:31.261+0000] {dag.py:3328} INFO - Setting next_dagrun for example_task_group_decorator to 2022-10-11T01:24:31.261356+00:00, run_after=2022-10-12T01:24:31.261356+00:00
[2022-10-12T01:24:31.276+0000] {processor.py:178} INFO - Processing /home/airflow/.local/lib/python3.7/site-packages/airflow/example_dags/example_task_group_decorator.py took 0.106 seconds
[2022-10-12T01:25:01.565+0000] {processor.py:156} INFO - Started process (PID=108) to work on /home/airflow/.local/lib/python3.7/site-packages/airflow/example_dags/example_task_group_decorator.py
[2022-10-12T01:25:01.566+0000] {processor.py:758} INFO - Processing file /home/airflow/.local/lib/python3.7/site-packages/airflow/example_dags/example_task_group_decorator.py for tasks to queue
[2022-10-12T01:25:01.566+0000] {logging_mixin.py:117} INFO - [2022-10-12T01:25:01.566+0000] {dagbag.py:525} INFO - Filling up the DagBag from /home/airflow/.local/lib/python3.7/site-packages/airflow/example_dags/example_task_group_decorator.py
[2022-10-12T01:25:01.589+0000] {processor.py:768} INFO - DAG(s) dict_keys(['example_task_group_decorator']) retrieved from /home/airflow/.local/lib/python3.7/site-packages/airflow/example_dags/example_task_group_decorator.py
[2022-10-12T01:25:01.621+0000] {logging_mixin.py:117} INFO - [2022-10-12T01:25:01.621+0000] {dag.py:2573} INFO - Sync 1 DAGs
[2022-10-12T01:25:01.641+0000] {logging_mixin.py:117} INFO - [2022-10-12T01:25:01.641+0000] {dag.py:3328} INFO - Setting next_dagrun for example_task_group_decorator to 2022-10-11T01:25:01.641051+00:00, run_after=2022-10-12T01:25:01.641051+00:00
[2022-10-12T01:25:01.656+0000] {processor.py:178} INFO - Processing /home/airflow/.local/lib/python3.7/site-packages/airflow/example_dags/example_task_group_decorator.py took 0.093 seconds
[2022-10-12T01:25:31.815+0000] {processor.py:156} INFO - Started process (PID=172) to work on /home/airflow/.local/lib/python3.7/site-packages/airflow/example_dags/example_task_group_decorator.py
[2022-10-12T01:25:31.815+0000] {processor.py:758} INFO - Processing file /home/airflow/.local/lib/python3.7/site-packages/airflow/example_dags/example_task_group_decorator.py for tasks to queue
[2022-10-12T01:25:31.816+0000] {logging_mixin.py:117} INFO - [2022-10-12T01:25:31.815+0000] {dagbag.py:525} INFO - Filling up the DagBag from /home/airflow/.local/lib/python3.7/site-packages/airflow/example_dags/example_task_group_decorator.py
[2022-10-12T01:25:31.841+0000] {processor.py:768} INFO - DAG(s) dict_keys(['example_task_group_decorator']) retrieved from /home/airflow/.local/lib/python3.7/site-packages/airflow/example_dags/example_task_group_decorator.py
[2022-10-12T01:25:31.871+0000] {logging_mixin.py:117} INFO - [2022-10-12T01:25:31.871+0000] {dag.py:2573} INFO - Sync 1 DAGs
[2022-10-12T01:25:31.891+0000] {logging_mixin.py:117} INFO - [2022-10-12T01:25:31.891+0000] {dag.py:3328} INFO - Setting next_dagrun for example_task_group_decorator to 2022-10-11T01:25:31.891460+00:00, run_after=2022-10-12T01:25:31.891460+00:00
[2022-10-12T01:25:31.907+0000] {processor.py:178} INFO - Processing /home/airflow/.local/lib/python3.7/site-packages/airflow/example_dags/example_task_group_decorator.py took 0.095 seconds
[2022-10-12T01:26:02.220+0000] {processor.py:156} INFO - Started process (PID=226) to work on /home/airflow/.local/lib/python3.7/site-packages/airflow/example_dags/example_task_group_decorator.py
[2022-10-12T01:26:02.222+0000] {processor.py:758} INFO - Processing file /home/airflow/.local/lib/python3.7/site-packages/airflow/example_dags/example_task_group_decorator.py for tasks to queue
[2022-10-12T01:26:02.223+0000] {logging_mixin.py:117} INFO - [2022-10-12T01:26:02.222+0000] {dagbag.py:525} INFO - Filling up the DagBag from /home/airflow/.local/lib/python3.7/site-packages/airflow/example_dags/example_task_group_decorator.py
[2022-10-12T01:26:02.255+0000] {processor.py:768} INFO - DAG(s) dict_keys(['example_task_group_decorator']) retrieved from /home/airflow/.local/lib/python3.7/site-packages/airflow/example_dags/example_task_group_decorator.py
[2022-10-12T01:26:02.290+0000] {logging_mixin.py:117} INFO - [2022-10-12T01:26:02.290+0000] {dag.py:2573} INFO - Sync 1 DAGs
[2022-10-12T01:26:02.314+0000] {logging_mixin.py:117} INFO - [2022-10-12T01:26:02.314+0000] {dag.py:3328} INFO - Setting next_dagrun for example_task_group_decorator to 2022-10-11T01:26:02.313765+00:00, run_after=2022-10-12T01:26:02.313765+00:00
[2022-10-12T01:26:02.351+0000] {processor.py:178} INFO - Processing /home/airflow/.local/lib/python3.7/site-packages/airflow/example_dags/example_task_group_decorator.py took 0.134 seconds
