[2022-10-12T01:24:32.594+0000] {processor.py:156} INFO - Started process (PID=69) to work on /home/airflow/.local/lib/python3.7/site-packages/airflow/example_dags/example_dag_decorator.py
[2022-10-12T01:24:32.594+0000] {processor.py:758} INFO - Processing file /home/airflow/.local/lib/python3.7/site-packages/airflow/example_dags/example_dag_decorator.py for tasks to queue
[2022-10-12T01:24:32.595+0000] {logging_mixin.py:117} INFO - [2022-10-12T01:24:32.595+0000] {dagbag.py:525} INFO - Filling up the DagBag from /home/airflow/.local/lib/python3.7/site-packages/airflow/example_dags/example_dag_decorator.py
[2022-10-12T01:24:32.621+0000] {processor.py:768} INFO - DAG(s) dict_keys(['example_dag_decorator']) retrieved from /home/airflow/.local/lib/python3.7/site-packages/airflow/example_dags/example_dag_decorator.py
[2022-10-12T01:24:32.641+0000] {logging_mixin.py:117} INFO - [2022-10-12T01:24:32.641+0000] {dag.py:2573} INFO - Sync 1 DAGs
[2022-10-12T01:24:32.670+0000] {logging_mixin.py:117} INFO - [2022-10-12T01:24:32.670+0000] {dag.py:3328} INFO - Setting next_dagrun for example_dag_decorator to None, run_after=None
[2022-10-12T01:24:32.694+0000] {processor.py:178} INFO - Processing /home/airflow/.local/lib/python3.7/site-packages/airflow/example_dags/example_dag_decorator.py took 0.102 seconds
[2022-10-12T01:25:02.940+0000] {processor.py:156} INFO - Started process (PID=131) to work on /home/airflow/.local/lib/python3.7/site-packages/airflow/example_dags/example_dag_decorator.py
[2022-10-12T01:25:02.941+0000] {processor.py:758} INFO - Processing file /home/airflow/.local/lib/python3.7/site-packages/airflow/example_dags/example_dag_decorator.py for tasks to queue
[2022-10-12T01:25:02.941+0000] {logging_mixin.py:117} INFO - [2022-10-12T01:25:02.941+0000] {dagbag.py:525} INFO - Filling up the DagBag from /home/airflow/.local/lib/python3.7/site-packages/airflow/example_dags/example_dag_decorator.py
[2022-10-12T01:25:02.963+0000] {processor.py:768} INFO - DAG(s) dict_keys(['example_dag_decorator']) retrieved from /home/airflow/.local/lib/python3.7/site-packages/airflow/example_dags/example_dag_decorator.py
[2022-10-12T01:25:03.021+0000] {logging_mixin.py:117} INFO - [2022-10-12T01:25:03.021+0000] {dag.py:2573} INFO - Sync 1 DAGs
[2022-10-12T01:25:03.037+0000] {logging_mixin.py:117} INFO - [2022-10-12T01:25:03.037+0000] {dag.py:3328} INFO - Setting next_dagrun for example_dag_decorator to None, run_after=None
[2022-10-12T01:25:03.052+0000] {processor.py:178} INFO - Processing /home/airflow/.local/lib/python3.7/site-packages/airflow/example_dags/example_dag_decorator.py took 0.114 seconds
[2022-10-12T01:25:33.299+0000] {processor.py:156} INFO - Started process (PID=195) to work on /home/airflow/.local/lib/python3.7/site-packages/airflow/example_dags/example_dag_decorator.py
[2022-10-12T01:25:33.300+0000] {processor.py:758} INFO - Processing file /home/airflow/.local/lib/python3.7/site-packages/airflow/example_dags/example_dag_decorator.py for tasks to queue
[2022-10-12T01:25:33.301+0000] {logging_mixin.py:117} INFO - [2022-10-12T01:25:33.300+0000] {dagbag.py:525} INFO - Filling up the DagBag from /home/airflow/.local/lib/python3.7/site-packages/airflow/example_dags/example_dag_decorator.py
[2022-10-12T01:25:33.325+0000] {processor.py:768} INFO - DAG(s) dict_keys(['example_dag_decorator']) retrieved from /home/airflow/.local/lib/python3.7/site-packages/airflow/example_dags/example_dag_decorator.py
[2022-10-12T01:25:33.406+0000] {logging_mixin.py:117} INFO - [2022-10-12T01:25:33.405+0000] {dag.py:2573} INFO - Sync 1 DAGs
[2022-10-12T01:25:33.424+0000] {logging_mixin.py:117} INFO - [2022-10-12T01:25:33.424+0000] {dag.py:3328} INFO - Setting next_dagrun for example_dag_decorator to None, run_after=None
[2022-10-12T01:25:33.441+0000] {processor.py:178} INFO - Processing /home/airflow/.local/lib/python3.7/site-packages/airflow/example_dags/example_dag_decorator.py took 0.143 seconds
[2022-10-12T01:26:04.778+0000] {processor.py:156} INFO - Started process (PID=257) to work on /home/airflow/.local/lib/python3.7/site-packages/airflow/example_dags/example_dag_decorator.py
[2022-10-12T01:26:04.779+0000] {processor.py:758} INFO - Processing file /home/airflow/.local/lib/python3.7/site-packages/airflow/example_dags/example_dag_decorator.py for tasks to queue
[2022-10-12T01:26:04.779+0000] {logging_mixin.py:117} INFO - [2022-10-12T01:26:04.779+0000] {dagbag.py:525} INFO - Filling up the DagBag from /home/airflow/.local/lib/python3.7/site-packages/airflow/example_dags/example_dag_decorator.py
[2022-10-12T01:26:04.803+0000] {processor.py:768} INFO - DAG(s) dict_keys(['example_dag_decorator']) retrieved from /home/airflow/.local/lib/python3.7/site-packages/airflow/example_dags/example_dag_decorator.py
[2022-10-12T01:26:04.870+0000] {logging_mixin.py:117} INFO - [2022-10-12T01:26:04.870+0000] {dag.py:2573} INFO - Sync 1 DAGs
[2022-10-12T01:26:04.890+0000] {logging_mixin.py:117} INFO - [2022-10-12T01:26:04.890+0000] {dag.py:3328} INFO - Setting next_dagrun for example_dag_decorator to None, run_after=None
[2022-10-12T01:26:04.909+0000] {processor.py:178} INFO - Processing /home/airflow/.local/lib/python3.7/site-packages/airflow/example_dags/example_dag_decorator.py took 0.134 seconds
