[2022-10-12T01:24:32.399+0000] {processor.py:156} INFO - Started process (PID=66) to work on /home/airflow/.local/lib/python3.7/site-packages/airflow/example_dags/example_task_group.py
[2022-10-12T01:24:32.399+0000] {processor.py:758} INFO - Processing file /home/airflow/.local/lib/python3.7/site-packages/airflow/example_dags/example_task_group.py for tasks to queue
[2022-10-12T01:24:32.400+0000] {logging_mixin.py:117} INFO - [2022-10-12T01:24:32.400+0000] {dagbag.py:525} INFO - Filling up the DagBag from /home/airflow/.local/lib/python3.7/site-packages/airflow/example_dags/example_task_group.py
[2022-10-12T01:24:32.413+0000] {processor.py:768} INFO - DAG(s) dict_keys(['example_task_group']) retrieved from /home/airflow/.local/lib/python3.7/site-packages/airflow/example_dags/example_task_group.py
[2022-10-12T01:24:32.435+0000] {logging_mixin.py:117} INFO - [2022-10-12T01:24:32.435+0000] {dag.py:2573} INFO - Sync 1 DAGs
[2022-10-12T01:24:32.461+0000] {logging_mixin.py:117} INFO - [2022-10-12T01:24:32.460+0000] {dag.py:3328} INFO - Setting next_dagrun for example_task_group to 2022-10-11T01:24:32.460685+00:00, run_after=2022-10-12T01:24:32.460685+00:00
[2022-10-12T01:24:32.477+0000] {processor.py:178} INFO - Processing /home/airflow/.local/lib/python3.7/site-packages/airflow/example_dags/example_task_group.py took 0.080 seconds
[2022-10-12T01:25:02.813+0000] {processor.py:156} INFO - Started process (PID=128) to work on /home/airflow/.local/lib/python3.7/site-packages/airflow/example_dags/example_task_group.py
[2022-10-12T01:25:02.814+0000] {processor.py:758} INFO - Processing file /home/airflow/.local/lib/python3.7/site-packages/airflow/example_dags/example_task_group.py for tasks to queue
[2022-10-12T01:25:02.815+0000] {logging_mixin.py:117} INFO - [2022-10-12T01:25:02.814+0000] {dagbag.py:525} INFO - Filling up the DagBag from /home/airflow/.local/lib/python3.7/site-packages/airflow/example_dags/example_task_group.py
[2022-10-12T01:25:02.826+0000] {processor.py:768} INFO - DAG(s) dict_keys(['example_task_group']) retrieved from /home/airflow/.local/lib/python3.7/site-packages/airflow/example_dags/example_task_group.py
[2022-10-12T01:25:02.854+0000] {logging_mixin.py:117} INFO - [2022-10-12T01:25:02.854+0000] {dag.py:2573} INFO - Sync 1 DAGs
[2022-10-12T01:25:02.872+0000] {logging_mixin.py:117} INFO - [2022-10-12T01:25:02.872+0000] {dag.py:3328} INFO - Setting next_dagrun for example_task_group to 2022-10-11T01:25:02.871812+00:00, run_after=2022-10-12T01:25:02.871812+00:00
[2022-10-12T01:25:02.885+0000] {processor.py:178} INFO - Processing /home/airflow/.local/lib/python3.7/site-packages/airflow/example_dags/example_task_group.py took 0.073 seconds
[2022-10-12T01:25:33.146+0000] {processor.py:156} INFO - Started process (PID=192) to work on /home/airflow/.local/lib/python3.7/site-packages/airflow/example_dags/example_task_group.py
[2022-10-12T01:25:33.147+0000] {processor.py:758} INFO - Processing file /home/airflow/.local/lib/python3.7/site-packages/airflow/example_dags/example_task_group.py for tasks to queue
[2022-10-12T01:25:33.148+0000] {logging_mixin.py:117} INFO - [2022-10-12T01:25:33.148+0000] {dagbag.py:525} INFO - Filling up the DagBag from /home/airflow/.local/lib/python3.7/site-packages/airflow/example_dags/example_task_group.py
[2022-10-12T01:25:33.162+0000] {processor.py:768} INFO - DAG(s) dict_keys(['example_task_group']) retrieved from /home/airflow/.local/lib/python3.7/site-packages/airflow/example_dags/example_task_group.py
[2022-10-12T01:25:33.198+0000] {logging_mixin.py:117} INFO - [2022-10-12T01:25:33.198+0000] {dag.py:2573} INFO - Sync 1 DAGs
[2022-10-12T01:25:33.226+0000] {logging_mixin.py:117} INFO - [2022-10-12T01:25:33.226+0000] {dag.py:3328} INFO - Setting next_dagrun for example_task_group to 2022-10-11T01:25:33.226306+00:00, run_after=2022-10-12T01:25:33.226306+00:00
[2022-10-12T01:25:33.251+0000] {processor.py:178} INFO - Processing /home/airflow/.local/lib/python3.7/site-packages/airflow/example_dags/example_task_group.py took 0.107 seconds
[2022-10-12T01:26:04.514+0000] {processor.py:156} INFO - Started process (PID=254) to work on /home/airflow/.local/lib/python3.7/site-packages/airflow/example_dags/example_task_group.py
[2022-10-12T01:26:04.515+0000] {processor.py:758} INFO - Processing file /home/airflow/.local/lib/python3.7/site-packages/airflow/example_dags/example_task_group.py for tasks to queue
[2022-10-12T01:26:04.515+0000] {logging_mixin.py:117} INFO - [2022-10-12T01:26:04.515+0000] {dagbag.py:525} INFO - Filling up the DagBag from /home/airflow/.local/lib/python3.7/site-packages/airflow/example_dags/example_task_group.py
[2022-10-12T01:26:04.534+0000] {processor.py:768} INFO - DAG(s) dict_keys(['example_task_group']) retrieved from /home/airflow/.local/lib/python3.7/site-packages/airflow/example_dags/example_task_group.py
[2022-10-12T01:26:04.573+0000] {logging_mixin.py:117} INFO - [2022-10-12T01:26:04.573+0000] {dag.py:2573} INFO - Sync 1 DAGs
[2022-10-12T01:26:04.602+0000] {logging_mixin.py:117} INFO - [2022-10-12T01:26:04.602+0000] {dag.py:3328} INFO - Setting next_dagrun for example_task_group to 2022-10-11T01:26:04.602437+00:00, run_after=2022-10-12T01:26:04.602437+00:00
[2022-10-12T01:26:04.623+0000] {processor.py:178} INFO - Processing /home/airflow/.local/lib/python3.7/site-packages/airflow/example_dags/example_task_group.py took 0.111 seconds
