[2022-10-12T01:24:31.924+0000] {processor.py:156} INFO - Started process (PID=58) to work on /home/airflow/.local/lib/python3.7/site-packages/airflow/example_dags/example_subdag_operator.py
[2022-10-12T01:24:31.925+0000] {processor.py:758} INFO - Processing file /home/airflow/.local/lib/python3.7/site-packages/airflow/example_dags/example_subdag_operator.py for tasks to queue
[2022-10-12T01:24:31.925+0000] {logging_mixin.py:117} INFO - [2022-10-12T01:24:31.925+0000] {dagbag.py:525} INFO - Filling up the DagBag from /home/airflow/.local/lib/python3.7/site-packages/airflow/example_dags/example_subdag_operator.py
[2022-10-12T01:24:31.954+0000] {processor.py:768} INFO - DAG(s) dict_keys(['example_subdag_operator.section-1', 'example_subdag_operator.section-2', 'example_subdag_operator']) retrieved from /home/airflow/.local/lib/python3.7/site-packages/airflow/example_dags/example_subdag_operator.py
[2022-10-12T01:24:31.970+0000] {logging_mixin.py:117} INFO - [2022-10-12T01:24:31.970+0000] {dag.py:2573} INFO - Sync 3 DAGs
[2022-10-12T01:24:31.993+0000] {logging_mixin.py:117} INFO - [2022-10-12T01:24:31.993+0000] {dag.py:3328} INFO - Setting next_dagrun for example_subdag_operator to 2022-01-01T00:00:00+00:00, run_after=2022-01-01T00:00:00+00:00
[2022-10-12T01:24:31.998+0000] {logging_mixin.py:117} INFO - [2022-10-12T01:24:31.997+0000] {dag.py:3328} INFO - Setting next_dagrun for example_subdag_operator.section-1 to None, run_after=None
[2022-10-12T01:24:31.999+0000] {logging_mixin.py:117} INFO - [2022-10-12T01:24:31.999+0000] {dag.py:3328} INFO - Setting next_dagrun for example_subdag_operator.section-2 to None, run_after=None
[2022-10-12T01:24:32.008+0000] {logging_mixin.py:117} INFO - [2022-10-12T01:24:32.008+0000] {dag.py:2573} INFO - Sync 2 DAGs
[2022-10-12T01:24:32.016+0000] {logging_mixin.py:117} INFO - [2022-10-12T01:24:32.015+0000] {dag.py:3328} INFO - Setting next_dagrun for example_subdag_operator.section-1 to None, run_after=None
[2022-10-12T01:24:32.016+0000] {logging_mixin.py:117} INFO - [2022-10-12T01:24:32.016+0000] {dag.py:3328} INFO - Setting next_dagrun for example_subdag_operator.section-2 to None, run_after=None
[2022-10-12T01:24:32.028+0000] {processor.py:178} INFO - Processing /home/airflow/.local/lib/python3.7/site-packages/airflow/example_dags/example_subdag_operator.py took 0.107 seconds
[2022-10-12T01:25:02.169+0000] {processor.py:156} INFO - Started process (PID=120) to work on /home/airflow/.local/lib/python3.7/site-packages/airflow/example_dags/example_subdag_operator.py
[2022-10-12T01:25:02.170+0000] {processor.py:758} INFO - Processing file /home/airflow/.local/lib/python3.7/site-packages/airflow/example_dags/example_subdag_operator.py for tasks to queue
[2022-10-12T01:25:02.170+0000] {logging_mixin.py:117} INFO - [2022-10-12T01:25:02.170+0000] {dagbag.py:525} INFO - Filling up the DagBag from /home/airflow/.local/lib/python3.7/site-packages/airflow/example_dags/example_subdag_operator.py
[2022-10-12T01:25:02.192+0000] {processor.py:768} INFO - DAG(s) dict_keys(['example_subdag_operator.section-1', 'example_subdag_operator.section-2', 'example_subdag_operator']) retrieved from /home/airflow/.local/lib/python3.7/site-packages/airflow/example_dags/example_subdag_operator.py
[2022-10-12T01:25:02.337+0000] {logging_mixin.py:117} INFO - [2022-10-12T01:25:02.337+0000] {dag.py:2573} INFO - Sync 3 DAGs
[2022-10-12T01:25:02.355+0000] {logging_mixin.py:117} INFO - [2022-10-12T01:25:02.354+0000] {dag.py:3328} INFO - Setting next_dagrun for example_subdag_operator to 2022-01-01T00:00:00+00:00, run_after=2022-01-01T00:00:00+00:00
[2022-10-12T01:25:02.358+0000] {logging_mixin.py:117} INFO - [2022-10-12T01:25:02.358+0000] {dag.py:3328} INFO - Setting next_dagrun for example_subdag_operator.section-1 to None, run_after=None
[2022-10-12T01:25:02.359+0000] {logging_mixin.py:117} INFO - [2022-10-12T01:25:02.359+0000] {dag.py:3328} INFO - Setting next_dagrun for example_subdag_operator.section-2 to None, run_after=None
[2022-10-12T01:25:02.364+0000] {logging_mixin.py:117} INFO - [2022-10-12T01:25:02.364+0000] {dag.py:2573} INFO - Sync 2 DAGs
[2022-10-12T01:25:02.369+0000] {logging_mixin.py:117} INFO - [2022-10-12T01:25:02.369+0000] {dag.py:3328} INFO - Setting next_dagrun for example_subdag_operator.section-1 to None, run_after=None
[2022-10-12T01:25:02.369+0000] {logging_mixin.py:117} INFO - [2022-10-12T01:25:02.369+0000] {dag.py:3328} INFO - Setting next_dagrun for example_subdag_operator.section-2 to None, run_after=None
[2022-10-12T01:25:02.381+0000] {processor.py:178} INFO - Processing /home/airflow/.local/lib/python3.7/site-packages/airflow/example_dags/example_subdag_operator.py took 0.213 seconds
[2022-10-12T01:25:32.464+0000] {processor.py:156} INFO - Started process (PID=184) to work on /home/airflow/.local/lib/python3.7/site-packages/airflow/example_dags/example_subdag_operator.py
[2022-10-12T01:25:32.465+0000] {processor.py:758} INFO - Processing file /home/airflow/.local/lib/python3.7/site-packages/airflow/example_dags/example_subdag_operator.py for tasks to queue
[2022-10-12T01:25:32.465+0000] {logging_mixin.py:117} INFO - [2022-10-12T01:25:32.465+0000] {dagbag.py:525} INFO - Filling up the DagBag from /home/airflow/.local/lib/python3.7/site-packages/airflow/example_dags/example_subdag_operator.py
[2022-10-12T01:25:32.491+0000] {processor.py:768} INFO - DAG(s) dict_keys(['example_subdag_operator.section-1', 'example_subdag_operator.section-2', 'example_subdag_operator']) retrieved from /home/airflow/.local/lib/python3.7/site-packages/airflow/example_dags/example_subdag_operator.py
[2022-10-12T01:25:32.655+0000] {logging_mixin.py:117} INFO - [2022-10-12T01:25:32.655+0000] {dag.py:2573} INFO - Sync 3 DAGs
[2022-10-12T01:25:32.676+0000] {logging_mixin.py:117} INFO - [2022-10-12T01:25:32.676+0000] {dag.py:3328} INFO - Setting next_dagrun for example_subdag_operator to 2022-01-01T00:00:00+00:00, run_after=2022-01-01T00:00:00+00:00
[2022-10-12T01:25:32.678+0000] {logging_mixin.py:117} INFO - [2022-10-12T01:25:32.678+0000] {dag.py:3328} INFO - Setting next_dagrun for example_subdag_operator.section-1 to None, run_after=None
[2022-10-12T01:25:32.679+0000] {logging_mixin.py:117} INFO - [2022-10-12T01:25:32.679+0000] {dag.py:3328} INFO - Setting next_dagrun for example_subdag_operator.section-2 to None, run_after=None
[2022-10-12T01:25:32.685+0000] {logging_mixin.py:117} INFO - [2022-10-12T01:25:32.685+0000] {dag.py:2573} INFO - Sync 2 DAGs
[2022-10-12T01:25:32.690+0000] {logging_mixin.py:117} INFO - [2022-10-12T01:25:32.690+0000] {dag.py:3328} INFO - Setting next_dagrun for example_subdag_operator.section-1 to None, run_after=None
[2022-10-12T01:25:32.690+0000] {logging_mixin.py:117} INFO - [2022-10-12T01:25:32.690+0000] {dag.py:3328} INFO - Setting next_dagrun for example_subdag_operator.section-2 to None, run_after=None
[2022-10-12T01:25:32.698+0000] {processor.py:178} INFO - Processing /home/airflow/.local/lib/python3.7/site-packages/airflow/example_dags/example_subdag_operator.py took 0.236 seconds
[2022-10-12T01:26:03.425+0000] {processor.py:156} INFO - Started process (PID=246) to work on /home/airflow/.local/lib/python3.7/site-packages/airflow/example_dags/example_subdag_operator.py
[2022-10-12T01:26:03.425+0000] {processor.py:758} INFO - Processing file /home/airflow/.local/lib/python3.7/site-packages/airflow/example_dags/example_subdag_operator.py for tasks to queue
[2022-10-12T01:26:03.426+0000] {logging_mixin.py:117} INFO - [2022-10-12T01:26:03.426+0000] {dagbag.py:525} INFO - Filling up the DagBag from /home/airflow/.local/lib/python3.7/site-packages/airflow/example_dags/example_subdag_operator.py
[2022-10-12T01:26:03.460+0000] {processor.py:768} INFO - DAG(s) dict_keys(['example_subdag_operator.section-1', 'example_subdag_operator.section-2', 'example_subdag_operator']) retrieved from /home/airflow/.local/lib/python3.7/site-packages/airflow/example_dags/example_subdag_operator.py
[2022-10-12T01:26:03.704+0000] {logging_mixin.py:117} INFO - [2022-10-12T01:26:03.703+0000] {dag.py:2573} INFO - Sync 3 DAGs
[2022-10-12T01:26:03.735+0000] {logging_mixin.py:117} INFO - [2022-10-12T01:26:03.735+0000] {dag.py:3328} INFO - Setting next_dagrun for example_subdag_operator to 2022-01-01T00:00:00+00:00, run_after=2022-01-01T00:00:00+00:00
[2022-10-12T01:26:03.740+0000] {logging_mixin.py:117} INFO - [2022-10-12T01:26:03.740+0000] {dag.py:3328} INFO - Setting next_dagrun for example_subdag_operator.section-1 to None, run_after=None
[2022-10-12T01:26:03.741+0000] {logging_mixin.py:117} INFO - [2022-10-12T01:26:03.741+0000] {dag.py:3328} INFO - Setting next_dagrun for example_subdag_operator.section-2 to None, run_after=None
[2022-10-12T01:26:03.751+0000] {logging_mixin.py:117} INFO - [2022-10-12T01:26:03.751+0000] {dag.py:2573} INFO - Sync 2 DAGs
[2022-10-12T01:26:03.759+0000] {logging_mixin.py:117} INFO - [2022-10-12T01:26:03.759+0000] {dag.py:3328} INFO - Setting next_dagrun for example_subdag_operator.section-1 to None, run_after=None
[2022-10-12T01:26:03.759+0000] {logging_mixin.py:117} INFO - [2022-10-12T01:26:03.759+0000] {dag.py:3328} INFO - Setting next_dagrun for example_subdag_operator.section-2 to None, run_after=None
[2022-10-12T01:26:03.785+0000] {processor.py:178} INFO - Processing /home/airflow/.local/lib/python3.7/site-packages/airflow/example_dags/example_subdag_operator.py took 0.362 seconds
