[2022-10-12T01:24:31.432+0000] {processor.py:156} INFO - Started process (PID=50) to work on /home/airflow/.local/lib/python3.7/site-packages/airflow/example_dags/example_xcom.py
[2022-10-12T01:24:31.432+0000] {processor.py:758} INFO - Processing file /home/airflow/.local/lib/python3.7/site-packages/airflow/example_dags/example_xcom.py for tasks to queue
[2022-10-12T01:24:31.433+0000] {logging_mixin.py:117} INFO - [2022-10-12T01:24:31.433+0000] {dagbag.py:525} INFO - Filling up the DagBag from /home/airflow/.local/lib/python3.7/site-packages/airflow/example_dags/example_xcom.py
[2022-10-12T01:24:31.457+0000] {processor.py:768} INFO - DAG(s) dict_keys(['example_xcom']) retrieved from /home/airflow/.local/lib/python3.7/site-packages/airflow/example_dags/example_xcom.py
[2022-10-12T01:24:31.483+0000] {logging_mixin.py:117} INFO - [2022-10-12T01:24:31.483+0000] {dag.py:2573} INFO - Sync 1 DAGs
[2022-10-12T01:24:31.512+0000] {logging_mixin.py:117} INFO - [2022-10-12T01:24:31.511+0000] {dag.py:3328} INFO - Setting next_dagrun for example_xcom to 2021-01-01T00:00:00+00:00, run_after=2021-01-01T00:00:00+00:00
[2022-10-12T01:24:31.532+0000] {processor.py:178} INFO - Processing /home/airflow/.local/lib/python3.7/site-packages/airflow/example_dags/example_xcom.py took 0.103 seconds
[2022-10-12T01:25:01.770+0000] {processor.py:156} INFO - Started process (PID=112) to work on /home/airflow/.local/lib/python3.7/site-packages/airflow/example_dags/example_xcom.py
[2022-10-12T01:25:01.770+0000] {processor.py:758} INFO - Processing file /home/airflow/.local/lib/python3.7/site-packages/airflow/example_dags/example_xcom.py for tasks to queue
[2022-10-12T01:25:01.771+0000] {logging_mixin.py:117} INFO - [2022-10-12T01:25:01.771+0000] {dagbag.py:525} INFO - Filling up the DagBag from /home/airflow/.local/lib/python3.7/site-packages/airflow/example_dags/example_xcom.py
[2022-10-12T01:25:01.786+0000] {processor.py:768} INFO - DAG(s) dict_keys(['example_xcom']) retrieved from /home/airflow/.local/lib/python3.7/site-packages/airflow/example_dags/example_xcom.py
[2022-10-12T01:25:01.815+0000] {logging_mixin.py:117} INFO - [2022-10-12T01:25:01.815+0000] {dag.py:2573} INFO - Sync 1 DAGs
[2022-10-12T01:25:01.833+0000] {logging_mixin.py:117} INFO - [2022-10-12T01:25:01.832+0000] {dag.py:3328} INFO - Setting next_dagrun for example_xcom to 2021-01-01T00:00:00+00:00, run_after=2021-01-01T00:00:00+00:00
[2022-10-12T01:25:01.849+0000] {processor.py:178} INFO - Processing /home/airflow/.local/lib/python3.7/site-packages/airflow/example_dags/example_xcom.py took 0.081 seconds
[2022-10-12T01:25:32.030+0000] {processor.py:156} INFO - Started process (PID=176) to work on /home/airflow/.local/lib/python3.7/site-packages/airflow/example_dags/example_xcom.py
[2022-10-12T01:25:32.030+0000] {processor.py:758} INFO - Processing file /home/airflow/.local/lib/python3.7/site-packages/airflow/example_dags/example_xcom.py for tasks to queue
[2022-10-12T01:25:32.031+0000] {logging_mixin.py:117} INFO - [2022-10-12T01:25:32.031+0000] {dagbag.py:525} INFO - Filling up the DagBag from /home/airflow/.local/lib/python3.7/site-packages/airflow/example_dags/example_xcom.py
[2022-10-12T01:25:32.050+0000] {processor.py:768} INFO - DAG(s) dict_keys(['example_xcom']) retrieved from /home/airflow/.local/lib/python3.7/site-packages/airflow/example_dags/example_xcom.py
[2022-10-12T01:25:32.079+0000] {logging_mixin.py:117} INFO - [2022-10-12T01:25:32.079+0000] {dag.py:2573} INFO - Sync 1 DAGs
[2022-10-12T01:25:32.099+0000] {logging_mixin.py:117} INFO - [2022-10-12T01:25:32.099+0000] {dag.py:3328} INFO - Setting next_dagrun for example_xcom to 2021-01-01T00:00:00+00:00, run_after=2021-01-01T00:00:00+00:00
[2022-10-12T01:25:32.117+0000] {processor.py:178} INFO - Processing /home/airflow/.local/lib/python3.7/site-packages/airflow/example_dags/example_xcom.py took 0.089 seconds
[2022-10-12T01:26:02.536+0000] {processor.py:156} INFO - Started process (PID=236) to work on /home/airflow/.local/lib/python3.7/site-packages/airflow/example_dags/example_xcom.py
[2022-10-12T01:26:02.539+0000] {processor.py:758} INFO - Processing file /home/airflow/.local/lib/python3.7/site-packages/airflow/example_dags/example_xcom.py for tasks to queue
[2022-10-12T01:26:02.540+0000] {logging_mixin.py:117} INFO - [2022-10-12T01:26:02.539+0000] {dagbag.py:525} INFO - Filling up the DagBag from /home/airflow/.local/lib/python3.7/site-packages/airflow/example_dags/example_xcom.py
[2022-10-12T01:26:02.566+0000] {processor.py:768} INFO - DAG(s) dict_keys(['example_xcom']) retrieved from /home/airflow/.local/lib/python3.7/site-packages/airflow/example_dags/example_xcom.py
[2022-10-12T01:26:02.615+0000] {logging_mixin.py:117} INFO - [2022-10-12T01:26:02.615+0000] {dag.py:2573} INFO - Sync 1 DAGs
[2022-10-12T01:26:02.657+0000] {logging_mixin.py:117} INFO - [2022-10-12T01:26:02.656+0000] {dag.py:3328} INFO - Setting next_dagrun for example_xcom to 2021-01-01T00:00:00+00:00, run_after=2021-01-01T00:00:00+00:00
[2022-10-12T01:26:02.701+0000] {processor.py:178} INFO - Processing /home/airflow/.local/lib/python3.7/site-packages/airflow/example_dags/example_xcom.py took 0.168 seconds
