[2022-10-12T01:24:32.723+0000] {processor.py:156} INFO - Started process (PID=71) to work on /home/airflow/.local/lib/python3.7/site-packages/airflow/example_dags/example_sla_dag.py
[2022-10-12T01:24:32.723+0000] {processor.py:758} INFO - Processing file /home/airflow/.local/lib/python3.7/site-packages/airflow/example_dags/example_sla_dag.py for tasks to queue
[2022-10-12T01:24:32.723+0000] {logging_mixin.py:117} INFO - [2022-10-12T01:24:32.723+0000] {dagbag.py:525} INFO - Filling up the DagBag from /home/airflow/.local/lib/python3.7/site-packages/airflow/example_dags/example_sla_dag.py
[2022-10-12T01:24:32.741+0000] {processor.py:768} INFO - DAG(s) dict_keys(['example_sla_dag']) retrieved from /home/airflow/.local/lib/python3.7/site-packages/airflow/example_dags/example_sla_dag.py
[2022-10-12T01:24:32.761+0000] {logging_mixin.py:117} INFO - [2022-10-12T01:24:32.761+0000] {dag.py:2573} INFO - Sync 1 DAGs
[2022-10-12T01:24:32.788+0000] {logging_mixin.py:117} INFO - [2022-10-12T01:24:32.788+0000] {dag.py:3328} INFO - Setting next_dagrun for example_sla_dag to 2022-10-12T01:22:00+00:00, run_after=2022-10-12T01:24:00+00:00
[2022-10-12T01:24:32.816+0000] {processor.py:178} INFO - Processing /home/airflow/.local/lib/python3.7/site-packages/airflow/example_dags/example_sla_dag.py took 0.095 seconds
[2022-10-12T01:25:03.070+0000] {processor.py:156} INFO - Started process (PID=133) to work on /home/airflow/.local/lib/python3.7/site-packages/airflow/example_dags/example_sla_dag.py
[2022-10-12T01:25:03.071+0000] {processor.py:758} INFO - Processing file /home/airflow/.local/lib/python3.7/site-packages/airflow/example_dags/example_sla_dag.py for tasks to queue
[2022-10-12T01:25:03.071+0000] {logging_mixin.py:117} INFO - [2022-10-12T01:25:03.071+0000] {dagbag.py:525} INFO - Filling up the DagBag from /home/airflow/.local/lib/python3.7/site-packages/airflow/example_dags/example_sla_dag.py
[2022-10-12T01:25:03.088+0000] {processor.py:768} INFO - DAG(s) dict_keys(['example_sla_dag']) retrieved from /home/airflow/.local/lib/python3.7/site-packages/airflow/example_dags/example_sla_dag.py
[2022-10-12T01:25:03.118+0000] {logging_mixin.py:117} INFO - [2022-10-12T01:25:03.118+0000] {dag.py:2573} INFO - Sync 1 DAGs
[2022-10-12T01:25:03.139+0000] {logging_mixin.py:117} INFO - [2022-10-12T01:25:03.139+0000] {dag.py:3328} INFO - Setting next_dagrun for example_sla_dag to 2022-10-12T01:22:00+00:00, run_after=2022-10-12T01:24:00+00:00
[2022-10-12T01:25:03.155+0000] {processor.py:178} INFO - Processing /home/airflow/.local/lib/python3.7/site-packages/airflow/example_dags/example_sla_dag.py took 0.087 seconds
[2022-10-12T01:25:33.463+0000] {processor.py:156} INFO - Started process (PID=197) to work on /home/airflow/.local/lib/python3.7/site-packages/airflow/example_dags/example_sla_dag.py
[2022-10-12T01:25:33.464+0000] {processor.py:758} INFO - Processing file /home/airflow/.local/lib/python3.7/site-packages/airflow/example_dags/example_sla_dag.py for tasks to queue
[2022-10-12T01:25:33.465+0000] {logging_mixin.py:117} INFO - [2022-10-12T01:25:33.465+0000] {dagbag.py:525} INFO - Filling up the DagBag from /home/airflow/.local/lib/python3.7/site-packages/airflow/example_dags/example_sla_dag.py
[2022-10-12T01:25:33.483+0000] {processor.py:768} INFO - DAG(s) dict_keys(['example_sla_dag']) retrieved from /home/airflow/.local/lib/python3.7/site-packages/airflow/example_dags/example_sla_dag.py
[2022-10-12T01:25:33.510+0000] {logging_mixin.py:117} INFO - [2022-10-12T01:25:33.510+0000] {dag.py:2573} INFO - Sync 1 DAGs
[2022-10-12T01:25:33.533+0000] {logging_mixin.py:117} INFO - [2022-10-12T01:25:33.533+0000] {dag.py:3328} INFO - Setting next_dagrun for example_sla_dag to 2022-10-12T01:22:00+00:00, run_after=2022-10-12T01:24:00+00:00
[2022-10-12T01:25:33.546+0000] {processor.py:178} INFO - Processing /home/airflow/.local/lib/python3.7/site-packages/airflow/example_dags/example_sla_dag.py took 0.085 seconds
[2022-10-12T01:26:04.931+0000] {processor.py:156} INFO - Started process (PID=259) to work on /home/airflow/.local/lib/python3.7/site-packages/airflow/example_dags/example_sla_dag.py
[2022-10-12T01:26:04.932+0000] {processor.py:758} INFO - Processing file /home/airflow/.local/lib/python3.7/site-packages/airflow/example_dags/example_sla_dag.py for tasks to queue
[2022-10-12T01:26:04.932+0000] {logging_mixin.py:117} INFO - [2022-10-12T01:26:04.932+0000] {dagbag.py:525} INFO - Filling up the DagBag from /home/airflow/.local/lib/python3.7/site-packages/airflow/example_dags/example_sla_dag.py
[2022-10-12T01:26:04.951+0000] {processor.py:768} INFO - DAG(s) dict_keys(['example_sla_dag']) retrieved from /home/airflow/.local/lib/python3.7/site-packages/airflow/example_dags/example_sla_dag.py
[2022-10-12T01:26:04.984+0000] {logging_mixin.py:117} INFO - [2022-10-12T01:26:04.983+0000] {dag.py:2573} INFO - Sync 1 DAGs
[2022-10-12T01:26:05.009+0000] {logging_mixin.py:117} INFO - [2022-10-12T01:26:05.009+0000] {dag.py:3328} INFO - Setting next_dagrun for example_sla_dag to 2022-10-12T01:24:00+00:00, run_after=2022-10-12T01:26:00+00:00
[2022-10-12T01:26:05.026+0000] {processor.py:178} INFO - Processing /home/airflow/.local/lib/python3.7/site-packages/airflow/example_dags/example_sla_dag.py took 0.098 seconds
