[2022-10-12T01:24:31.077+0000] {processor.py:156} INFO - Started process (PID=44) to work on /home/airflow/.local/lib/python3.7/site-packages/airflow/example_dags/example_complex.py
[2022-10-12T01:24:31.077+0000] {processor.py:758} INFO - Processing file /home/airflow/.local/lib/python3.7/site-packages/airflow/example_dags/example_complex.py for tasks to queue
[2022-10-12T01:24:31.078+0000] {logging_mixin.py:117} INFO - [2022-10-12T01:24:31.078+0000] {dagbag.py:525} INFO - Filling up the DagBag from /home/airflow/.local/lib/python3.7/site-packages/airflow/example_dags/example_complex.py
[2022-10-12T01:24:31.093+0000] {processor.py:768} INFO - DAG(s) dict_keys(['example_complex']) retrieved from /home/airflow/.local/lib/python3.7/site-packages/airflow/example_dags/example_complex.py
[2022-10-12T01:24:31.111+0000] {logging_mixin.py:117} INFO - [2022-10-12T01:24:31.111+0000] {dag.py:2573} INFO - Sync 1 DAGs
[2022-10-12T01:24:31.132+0000] {logging_mixin.py:117} INFO - [2022-10-12T01:24:31.132+0000] {dag.py:3328} INFO - Setting next_dagrun for example_complex to None, run_after=None
[2022-10-12T01:24:31.147+0000] {processor.py:178} INFO - Processing /home/airflow/.local/lib/python3.7/site-packages/airflow/example_dags/example_complex.py took 0.072 seconds
[2022-10-12T01:25:01.464+0000] {processor.py:156} INFO - Started process (PID=106) to work on /home/airflow/.local/lib/python3.7/site-packages/airflow/example_dags/example_complex.py
[2022-10-12T01:25:01.465+0000] {processor.py:758} INFO - Processing file /home/airflow/.local/lib/python3.7/site-packages/airflow/example_dags/example_complex.py for tasks to queue
[2022-10-12T01:25:01.465+0000] {logging_mixin.py:117} INFO - [2022-10-12T01:25:01.465+0000] {dagbag.py:525} INFO - Filling up the DagBag from /home/airflow/.local/lib/python3.7/site-packages/airflow/example_dags/example_complex.py
[2022-10-12T01:25:01.481+0000] {processor.py:768} INFO - DAG(s) dict_keys(['example_complex']) retrieved from /home/airflow/.local/lib/python3.7/site-packages/airflow/example_dags/example_complex.py
[2022-10-12T01:25:01.515+0000] {logging_mixin.py:117} INFO - [2022-10-12T01:25:01.515+0000] {dag.py:2573} INFO - Sync 1 DAGs
[2022-10-12T01:25:01.532+0000] {logging_mixin.py:117} INFO - [2022-10-12T01:25:01.532+0000] {dag.py:3328} INFO - Setting next_dagrun for example_complex to None, run_after=None
[2022-10-12T01:25:01.547+0000] {processor.py:178} INFO - Processing /home/airflow/.local/lib/python3.7/site-packages/airflow/example_dags/example_complex.py took 0.085 seconds
[2022-10-12T01:25:31.800+0000] {processor.py:156} INFO - Started process (PID=171) to work on /home/airflow/.local/lib/python3.7/site-packages/airflow/example_dags/example_complex.py
[2022-10-12T01:25:31.800+0000] {processor.py:758} INFO - Processing file /home/airflow/.local/lib/python3.7/site-packages/airflow/example_dags/example_complex.py for tasks to queue
[2022-10-12T01:25:31.801+0000] {logging_mixin.py:117} INFO - [2022-10-12T01:25:31.800+0000] {dagbag.py:525} INFO - Filling up the DagBag from /home/airflow/.local/lib/python3.7/site-packages/airflow/example_dags/example_complex.py
[2022-10-12T01:25:31.817+0000] {processor.py:768} INFO - DAG(s) dict_keys(['example_complex']) retrieved from /home/airflow/.local/lib/python3.7/site-packages/airflow/example_dags/example_complex.py
[2022-10-12T01:25:31.851+0000] {logging_mixin.py:117} INFO - [2022-10-12T01:25:31.851+0000] {dag.py:2573} INFO - Sync 1 DAGs
[2022-10-12T01:25:31.870+0000] {logging_mixin.py:117} INFO - [2022-10-12T01:25:31.870+0000] {dag.py:3328} INFO - Setting next_dagrun for example_complex to None, run_after=None
[2022-10-12T01:25:31.886+0000] {processor.py:178} INFO - Processing /home/airflow/.local/lib/python3.7/site-packages/airflow/example_dags/example_complex.py took 0.089 seconds
[2022-10-12T01:26:02.074+0000] {processor.py:156} INFO - Started process (PID=224) to work on /home/airflow/.local/lib/python3.7/site-packages/airflow/example_dags/example_complex.py
[2022-10-12T01:26:02.075+0000] {processor.py:758} INFO - Processing file /home/airflow/.local/lib/python3.7/site-packages/airflow/example_dags/example_complex.py for tasks to queue
[2022-10-12T01:26:02.075+0000] {logging_mixin.py:117} INFO - [2022-10-12T01:26:02.075+0000] {dagbag.py:525} INFO - Filling up the DagBag from /home/airflow/.local/lib/python3.7/site-packages/airflow/example_dags/example_complex.py
[2022-10-12T01:26:02.096+0000] {processor.py:768} INFO - DAG(s) dict_keys(['example_complex']) retrieved from /home/airflow/.local/lib/python3.7/site-packages/airflow/example_dags/example_complex.py
[2022-10-12T01:26:02.142+0000] {logging_mixin.py:117} INFO - [2022-10-12T01:26:02.142+0000] {dag.py:2573} INFO - Sync 1 DAGs
[2022-10-12T01:26:02.170+0000] {logging_mixin.py:117} INFO - [2022-10-12T01:26:02.169+0000] {dag.py:3328} INFO - Setting next_dagrun for example_complex to None, run_after=None
[2022-10-12T01:26:02.189+0000] {processor.py:178} INFO - Processing /home/airflow/.local/lib/python3.7/site-packages/airflow/example_dags/example_complex.py took 0.118 seconds
