[2022-10-12T01:24:31.970+0000] {processor.py:156} INFO - Started process (PID=59) to work on /home/airflow/.local/lib/python3.7/site-packages/airflow/example_dags/example_latest_only.py
[2022-10-12T01:24:31.971+0000] {processor.py:758} INFO - Processing file /home/airflow/.local/lib/python3.7/site-packages/airflow/example_dags/example_latest_only.py for tasks to queue
[2022-10-12T01:24:31.971+0000] {logging_mixin.py:117} INFO - [2022-10-12T01:24:31.971+0000] {dagbag.py:525} INFO - Filling up the DagBag from /home/airflow/.local/lib/python3.7/site-packages/airflow/example_dags/example_latest_only.py
[2022-10-12T01:24:31.984+0000] {processor.py:768} INFO - DAG(s) dict_keys(['latest_only']) retrieved from /home/airflow/.local/lib/python3.7/site-packages/airflow/example_dags/example_latest_only.py
[2022-10-12T01:24:32.004+0000] {logging_mixin.py:117} INFO - [2022-10-12T01:24:32.004+0000] {dag.py:2573} INFO - Sync 1 DAGs
[2022-10-12T01:24:32.024+0000] {logging_mixin.py:117} INFO - [2022-10-12T01:24:32.024+0000] {dag.py:3328} INFO - Setting next_dagrun for latest_only to 2022-10-11T21:24:32.024319+00:00, run_after=2022-10-12T01:24:32.024319+00:00
[2022-10-12T01:24:32.044+0000] {processor.py:178} INFO - Processing /home/airflow/.local/lib/python3.7/site-packages/airflow/example_dags/example_latest_only.py took 0.076 seconds
[2022-10-12T01:25:02.259+0000] {processor.py:156} INFO - Started process (PID=121) to work on /home/airflow/.local/lib/python3.7/site-packages/airflow/example_dags/example_latest_only.py
[2022-10-12T01:25:02.260+0000] {processor.py:758} INFO - Processing file /home/airflow/.local/lib/python3.7/site-packages/airflow/example_dags/example_latest_only.py for tasks to queue
[2022-10-12T01:25:02.260+0000] {logging_mixin.py:117} INFO - [2022-10-12T01:25:02.260+0000] {dagbag.py:525} INFO - Filling up the DagBag from /home/airflow/.local/lib/python3.7/site-packages/airflow/example_dags/example_latest_only.py
[2022-10-12T01:25:02.269+0000] {processor.py:768} INFO - DAG(s) dict_keys(['latest_only']) retrieved from /home/airflow/.local/lib/python3.7/site-packages/airflow/example_dags/example_latest_only.py
[2022-10-12T01:25:02.297+0000] {logging_mixin.py:117} INFO - [2022-10-12T01:25:02.297+0000] {dag.py:2573} INFO - Sync 1 DAGs
[2022-10-12T01:25:02.315+0000] {logging_mixin.py:117} INFO - [2022-10-12T01:25:02.315+0000] {dag.py:3328} INFO - Setting next_dagrun for latest_only to 2022-10-11T21:25:02.315086+00:00, run_after=2022-10-12T01:25:02.315086+00:00
[2022-10-12T01:25:02.329+0000] {processor.py:178} INFO - Processing /home/airflow/.local/lib/python3.7/site-packages/airflow/example_dags/example_latest_only.py took 0.071 seconds
[2022-10-12T01:25:32.560+0000] {processor.py:156} INFO - Started process (PID=185) to work on /home/airflow/.local/lib/python3.7/site-packages/airflow/example_dags/example_latest_only.py
[2022-10-12T01:25:32.560+0000] {processor.py:758} INFO - Processing file /home/airflow/.local/lib/python3.7/site-packages/airflow/example_dags/example_latest_only.py for tasks to queue
[2022-10-12T01:25:32.561+0000] {logging_mixin.py:117} INFO - [2022-10-12T01:25:32.561+0000] {dagbag.py:525} INFO - Filling up the DagBag from /home/airflow/.local/lib/python3.7/site-packages/airflow/example_dags/example_latest_only.py
[2022-10-12T01:25:32.573+0000] {processor.py:768} INFO - DAG(s) dict_keys(['latest_only']) retrieved from /home/airflow/.local/lib/python3.7/site-packages/airflow/example_dags/example_latest_only.py
[2022-10-12T01:25:32.605+0000] {logging_mixin.py:117} INFO - [2022-10-12T01:25:32.605+0000] {dag.py:2573} INFO - Sync 1 DAGs
[2022-10-12T01:25:32.633+0000] {logging_mixin.py:117} INFO - [2022-10-12T01:25:32.632+0000] {dag.py:3328} INFO - Setting next_dagrun for latest_only to 2022-10-11T21:25:32.632679+00:00, run_after=2022-10-12T01:25:32.632679+00:00
[2022-10-12T01:25:32.652+0000] {processor.py:178} INFO - Processing /home/airflow/.local/lib/python3.7/site-packages/airflow/example_dags/example_latest_only.py took 0.094 seconds
[2022-10-12T01:26:03.482+0000] {processor.py:156} INFO - Started process (PID=247) to work on /home/airflow/.local/lib/python3.7/site-packages/airflow/example_dags/example_latest_only.py
[2022-10-12T01:26:03.483+0000] {processor.py:758} INFO - Processing file /home/airflow/.local/lib/python3.7/site-packages/airflow/example_dags/example_latest_only.py for tasks to queue
[2022-10-12T01:26:03.484+0000] {logging_mixin.py:117} INFO - [2022-10-12T01:26:03.484+0000] {dagbag.py:525} INFO - Filling up the DagBag from /home/airflow/.local/lib/python3.7/site-packages/airflow/example_dags/example_latest_only.py
[2022-10-12T01:26:03.496+0000] {processor.py:768} INFO - DAG(s) dict_keys(['latest_only']) retrieved from /home/airflow/.local/lib/python3.7/site-packages/airflow/example_dags/example_latest_only.py
[2022-10-12T01:26:03.540+0000] {logging_mixin.py:117} INFO - [2022-10-12T01:26:03.540+0000] {dag.py:2573} INFO - Sync 1 DAGs
[2022-10-12T01:26:03.573+0000] {logging_mixin.py:117} INFO - [2022-10-12T01:26:03.573+0000] {dag.py:3328} INFO - Setting next_dagrun for latest_only to 2022-10-11T21:26:03.573163+00:00, run_after=2022-10-12T01:26:03.573163+00:00
[2022-10-12T01:26:03.597+0000] {processor.py:178} INFO - Processing /home/airflow/.local/lib/python3.7/site-packages/airflow/example_dags/example_latest_only.py took 0.117 seconds
