[2022-10-12T01:24:32.053+0000] {processor.py:156} INFO - Started process (PID=60) to work on /home/airflow/.local/lib/python3.7/site-packages/airflow/example_dags/example_datasets.py
[2022-10-12T01:24:32.054+0000] {processor.py:758} INFO - Processing file /home/airflow/.local/lib/python3.7/site-packages/airflow/example_dags/example_datasets.py for tasks to queue
[2022-10-12T01:24:32.054+0000] {logging_mixin.py:117} INFO - [2022-10-12T01:24:32.054+0000] {dagbag.py:525} INFO - Filling up the DagBag from /home/airflow/.local/lib/python3.7/site-packages/airflow/example_dags/example_datasets.py
[2022-10-12T01:24:32.075+0000] {processor.py:768} INFO - DAG(s) dict_keys(['dataset_consumes_1_and_2', 'dataset_produces_1', 'dataset_consumes_1', 'dataset_consumes_unknown_never_scheduled', 'dataset_produces_2', 'dataset_consumes_1_never_scheduled']) retrieved from /home/airflow/.local/lib/python3.7/site-packages/airflow/example_dags/example_datasets.py
[2022-10-12T01:24:32.100+0000] {logging_mixin.py:117} INFO - [2022-10-12T01:24:32.100+0000] {dag.py:2573} INFO - Sync 6 DAGs
[2022-10-12T01:24:32.133+0000] {logging_mixin.py:117} INFO - [2022-10-12T01:24:32.132+0000] {dag.py:3328} INFO - Setting next_dagrun for dataset_consumes_1 to None, run_after=None
[2022-10-12T01:24:32.138+0000] {logging_mixin.py:117} INFO - [2022-10-12T01:24:32.137+0000] {dag.py:3328} INFO - Setting next_dagrun for dataset_consumes_1_and_2 to None, run_after=None
[2022-10-12T01:24:32.140+0000] {logging_mixin.py:117} INFO - [2022-10-12T01:24:32.140+0000] {dag.py:3328} INFO - Setting next_dagrun for dataset_consumes_1_never_scheduled to None, run_after=None
[2022-10-12T01:24:32.142+0000] {logging_mixin.py:117} INFO - [2022-10-12T01:24:32.141+0000] {dag.py:3328} INFO - Setting next_dagrun for dataset_consumes_unknown_never_scheduled to None, run_after=None
[2022-10-12T01:24:32.146+0000] {logging_mixin.py:117} INFO - [2022-10-12T01:24:32.146+0000] {dag.py:3328} INFO - Setting next_dagrun for dataset_produces_1 to 2022-10-11T00:00:00+00:00, run_after=2022-10-12T00:00:00+00:00
[2022-10-12T01:24:32.148+0000] {logging_mixin.py:117} INFO - [2022-10-12T01:24:32.147+0000] {dag.py:3328} INFO - Setting next_dagrun for dataset_produces_2 to None, run_after=None
[2022-10-12T01:24:32.180+0000] {processor.py:178} INFO - Processing /home/airflow/.local/lib/python3.7/site-packages/airflow/example_dags/example_datasets.py took 0.129 seconds
[2022-10-12T01:25:02.358+0000] {processor.py:156} INFO - Started process (PID=122) to work on /home/airflow/.local/lib/python3.7/site-packages/airflow/example_dags/example_datasets.py
[2022-10-12T01:25:02.358+0000] {processor.py:758} INFO - Processing file /home/airflow/.local/lib/python3.7/site-packages/airflow/example_dags/example_datasets.py for tasks to queue
[2022-10-12T01:25:02.359+0000] {logging_mixin.py:117} INFO - [2022-10-12T01:25:02.359+0000] {dagbag.py:525} INFO - Filling up the DagBag from /home/airflow/.local/lib/python3.7/site-packages/airflow/example_dags/example_datasets.py
[2022-10-12T01:25:02.371+0000] {processor.py:768} INFO - DAG(s) dict_keys(['dataset_produces_1', 'dataset_consumes_1_and_2', 'dataset_consumes_unknown_never_scheduled', 'dataset_consumes_1_never_scheduled', 'dataset_consumes_1', 'dataset_produces_2']) retrieved from /home/airflow/.local/lib/python3.7/site-packages/airflow/example_dags/example_datasets.py
[2022-10-12T01:25:02.457+0000] {logging_mixin.py:117} INFO - [2022-10-12T01:25:02.457+0000] {dag.py:2573} INFO - Sync 6 DAGs
[2022-10-12T01:25:02.479+0000] {logging_mixin.py:117} INFO - [2022-10-12T01:25:02.479+0000] {dag.py:3328} INFO - Setting next_dagrun for dataset_consumes_1 to None, run_after=None
[2022-10-12T01:25:02.481+0000] {logging_mixin.py:117} INFO - [2022-10-12T01:25:02.481+0000] {dag.py:3328} INFO - Setting next_dagrun for dataset_consumes_1_and_2 to None, run_after=None
[2022-10-12T01:25:02.482+0000] {logging_mixin.py:117} INFO - [2022-10-12T01:25:02.482+0000] {dag.py:3328} INFO - Setting next_dagrun for dataset_consumes_1_never_scheduled to None, run_after=None
[2022-10-12T01:25:02.483+0000] {logging_mixin.py:117} INFO - [2022-10-12T01:25:02.483+0000] {dag.py:3328} INFO - Setting next_dagrun for dataset_consumes_unknown_never_scheduled to None, run_after=None
[2022-10-12T01:25:02.485+0000] {logging_mixin.py:117} INFO - [2022-10-12T01:25:02.485+0000] {dag.py:3328} INFO - Setting next_dagrun for dataset_produces_1 to 2022-10-11T00:00:00+00:00, run_after=2022-10-12T00:00:00+00:00
[2022-10-12T01:25:02.486+0000] {logging_mixin.py:117} INFO - [2022-10-12T01:25:02.486+0000] {dag.py:3328} INFO - Setting next_dagrun for dataset_produces_2 to None, run_after=None
[2022-10-12T01:25:02.508+0000] {processor.py:178} INFO - Processing /home/airflow/.local/lib/python3.7/site-packages/airflow/example_dags/example_datasets.py took 0.152 seconds
[2022-10-12T01:25:32.671+0000] {processor.py:156} INFO - Started process (PID=186) to work on /home/airflow/.local/lib/python3.7/site-packages/airflow/example_dags/example_datasets.py
[2022-10-12T01:25:32.672+0000] {processor.py:758} INFO - Processing file /home/airflow/.local/lib/python3.7/site-packages/airflow/example_dags/example_datasets.py for tasks to queue
[2022-10-12T01:25:32.672+0000] {logging_mixin.py:117} INFO - [2022-10-12T01:25:32.672+0000] {dagbag.py:525} INFO - Filling up the DagBag from /home/airflow/.local/lib/python3.7/site-packages/airflow/example_dags/example_datasets.py
[2022-10-12T01:25:32.687+0000] {processor.py:768} INFO - DAG(s) dict_keys(['dataset_consumes_1', 'dataset_produces_2', 'dataset_produces_1', 'dataset_consumes_1_never_scheduled', 'dataset_consumes_1_and_2', 'dataset_consumes_unknown_never_scheduled']) retrieved from /home/airflow/.local/lib/python3.7/site-packages/airflow/example_dags/example_datasets.py
[2022-10-12T01:25:32.728+0000] {logging_mixin.py:117} INFO - [2022-10-12T01:25:32.728+0000] {dag.py:2573} INFO - Sync 6 DAGs
[2022-10-12T01:25:32.750+0000] {logging_mixin.py:117} INFO - [2022-10-12T01:25:32.749+0000] {dag.py:3328} INFO - Setting next_dagrun for dataset_consumes_1 to None, run_after=None
[2022-10-12T01:25:32.753+0000] {logging_mixin.py:117} INFO - [2022-10-12T01:25:32.753+0000] {dag.py:3328} INFO - Setting next_dagrun for dataset_consumes_1_and_2 to None, run_after=None
[2022-10-12T01:25:32.754+0000] {logging_mixin.py:117} INFO - [2022-10-12T01:25:32.754+0000] {dag.py:3328} INFO - Setting next_dagrun for dataset_consumes_1_never_scheduled to None, run_after=None
[2022-10-12T01:25:32.755+0000] {logging_mixin.py:117} INFO - [2022-10-12T01:25:32.755+0000] {dag.py:3328} INFO - Setting next_dagrun for dataset_consumes_unknown_never_scheduled to None, run_after=None
[2022-10-12T01:25:32.757+0000] {logging_mixin.py:117} INFO - [2022-10-12T01:25:32.757+0000] {dag.py:3328} INFO - Setting next_dagrun for dataset_produces_1 to 2022-10-11T00:00:00+00:00, run_after=2022-10-12T00:00:00+00:00
[2022-10-12T01:25:32.758+0000] {logging_mixin.py:117} INFO - [2022-10-12T01:25:32.758+0000] {dag.py:3328} INFO - Setting next_dagrun for dataset_produces_2 to None, run_after=None
[2022-10-12T01:25:32.780+0000] {processor.py:178} INFO - Processing /home/airflow/.local/lib/python3.7/site-packages/airflow/example_dags/example_datasets.py took 0.111 seconds
[2022-10-12T01:26:03.623+0000] {processor.py:156} INFO - Started process (PID=248) to work on /home/airflow/.local/lib/python3.7/site-packages/airflow/example_dags/example_datasets.py
[2022-10-12T01:26:03.624+0000] {processor.py:758} INFO - Processing file /home/airflow/.local/lib/python3.7/site-packages/airflow/example_dags/example_datasets.py for tasks to queue
[2022-10-12T01:26:03.625+0000] {logging_mixin.py:117} INFO - [2022-10-12T01:26:03.625+0000] {dagbag.py:525} INFO - Filling up the DagBag from /home/airflow/.local/lib/python3.7/site-packages/airflow/example_dags/example_datasets.py
[2022-10-12T01:26:03.643+0000] {processor.py:768} INFO - DAG(s) dict_keys(['dataset_consumes_1', 'dataset_consumes_1_never_scheduled', 'dataset_consumes_unknown_never_scheduled', 'dataset_produces_1', 'dataset_produces_2', 'dataset_consumes_1_and_2']) retrieved from /home/airflow/.local/lib/python3.7/site-packages/airflow/example_dags/example_datasets.py
[2022-10-12T01:26:03.703+0000] {logging_mixin.py:117} INFO - [2022-10-12T01:26:03.702+0000] {dag.py:2573} INFO - Sync 6 DAGs
[2022-10-12T01:26:03.732+0000] {logging_mixin.py:117} INFO - [2022-10-12T01:26:03.732+0000] {dag.py:3328} INFO - Setting next_dagrun for dataset_consumes_1 to None, run_after=None
[2022-10-12T01:26:03.737+0000] {logging_mixin.py:117} INFO - [2022-10-12T01:26:03.737+0000] {dag.py:3328} INFO - Setting next_dagrun for dataset_consumes_1_and_2 to None, run_after=None
[2022-10-12T01:26:03.740+0000] {logging_mixin.py:117} INFO - [2022-10-12T01:26:03.740+0000] {dag.py:3328} INFO - Setting next_dagrun for dataset_consumes_1_never_scheduled to None, run_after=None
[2022-10-12T01:26:03.741+0000] {logging_mixin.py:117} INFO - [2022-10-12T01:26:03.741+0000] {dag.py:3328} INFO - Setting next_dagrun for dataset_consumes_unknown_never_scheduled to None, run_after=None
[2022-10-12T01:26:03.745+0000] {logging_mixin.py:117} INFO - [2022-10-12T01:26:03.745+0000] {dag.py:3328} INFO - Setting next_dagrun for dataset_produces_1 to 2022-10-11T00:00:00+00:00, run_after=2022-10-12T00:00:00+00:00
[2022-10-12T01:26:03.747+0000] {logging_mixin.py:117} INFO - [2022-10-12T01:26:03.747+0000] {dag.py:3328} INFO - Setting next_dagrun for dataset_produces_2 to None, run_after=None
[2022-10-12T01:26:03.799+0000] {processor.py:178} INFO - Processing /home/airflow/.local/lib/python3.7/site-packages/airflow/example_dags/example_datasets.py took 0.179 seconds
