[2022-10-12T01:24:30.981+0000] {processor.py:156} INFO - Started process (PID=43) to work on /home/airflow/.local/lib/python3.7/site-packages/airflow/example_dags/example_trigger_target_dag.py
[2022-10-12T01:24:30.981+0000] {processor.py:758} INFO - Processing file /home/airflow/.local/lib/python3.7/site-packages/airflow/example_dags/example_trigger_target_dag.py for tasks to queue
[2022-10-12T01:24:30.982+0000] {logging_mixin.py:117} INFO - [2022-10-12T01:24:30.981+0000] {dagbag.py:525} INFO - Filling up the DagBag from /home/airflow/.local/lib/python3.7/site-packages/airflow/example_dags/example_trigger_target_dag.py
[2022-10-12T01:24:30.998+0000] {processor.py:768} INFO - DAG(s) dict_keys(['example_trigger_target_dag']) retrieved from /home/airflow/.local/lib/python3.7/site-packages/airflow/example_dags/example_trigger_target_dag.py
[2022-10-12T01:24:31.019+0000] {logging_mixin.py:117} INFO - [2022-10-12T01:24:31.019+0000] {dag.py:2573} INFO - Sync 1 DAGs
[2022-10-12T01:24:31.038+0000] {logging_mixin.py:117} INFO - [2022-10-12T01:24:31.038+0000] {dag.py:3328} INFO - Setting next_dagrun for example_trigger_target_dag to None, run_after=None
[2022-10-12T01:24:31.057+0000] {processor.py:178} INFO - Processing /home/airflow/.local/lib/python3.7/site-packages/airflow/example_dags/example_trigger_target_dag.py took 0.078 seconds
[2022-10-12T01:25:01.365+0000] {processor.py:156} INFO - Started process (PID=105) to work on /home/airflow/.local/lib/python3.7/site-packages/airflow/example_dags/example_trigger_target_dag.py
[2022-10-12T01:25:01.365+0000] {processor.py:758} INFO - Processing file /home/airflow/.local/lib/python3.7/site-packages/airflow/example_dags/example_trigger_target_dag.py for tasks to queue
[2022-10-12T01:25:01.366+0000] {logging_mixin.py:117} INFO - [2022-10-12T01:25:01.366+0000] {dagbag.py:525} INFO - Filling up the DagBag from /home/airflow/.local/lib/python3.7/site-packages/airflow/example_dags/example_trigger_target_dag.py
[2022-10-12T01:25:01.384+0000] {processor.py:768} INFO - DAG(s) dict_keys(['example_trigger_target_dag']) retrieved from /home/airflow/.local/lib/python3.7/site-packages/airflow/example_dags/example_trigger_target_dag.py
[2022-10-12T01:25:01.414+0000] {logging_mixin.py:117} INFO - [2022-10-12T01:25:01.414+0000] {dag.py:2573} INFO - Sync 1 DAGs
[2022-10-12T01:25:01.436+0000] {logging_mixin.py:117} INFO - [2022-10-12T01:25:01.436+0000] {dag.py:3328} INFO - Setting next_dagrun for example_trigger_target_dag to None, run_after=None
[2022-10-12T01:25:01.454+0000] {processor.py:178} INFO - Processing /home/airflow/.local/lib/python3.7/site-packages/airflow/example_dags/example_trigger_target_dag.py took 0.091 seconds
[2022-10-12T01:25:31.683+0000] {processor.py:156} INFO - Started process (PID=169) to work on /home/airflow/.local/lib/python3.7/site-packages/airflow/example_dags/example_trigger_target_dag.py
[2022-10-12T01:25:31.684+0000] {processor.py:758} INFO - Processing file /home/airflow/.local/lib/python3.7/site-packages/airflow/example_dags/example_trigger_target_dag.py for tasks to queue
[2022-10-12T01:25:31.685+0000] {logging_mixin.py:117} INFO - [2022-10-12T01:25:31.685+0000] {dagbag.py:525} INFO - Filling up the DagBag from /home/airflow/.local/lib/python3.7/site-packages/airflow/example_dags/example_trigger_target_dag.py
[2022-10-12T01:25:31.704+0000] {processor.py:768} INFO - DAG(s) dict_keys(['example_trigger_target_dag']) retrieved from /home/airflow/.local/lib/python3.7/site-packages/airflow/example_dags/example_trigger_target_dag.py
[2022-10-12T01:25:31.740+0000] {logging_mixin.py:117} INFO - [2022-10-12T01:25:31.740+0000] {dag.py:2573} INFO - Sync 1 DAGs
[2022-10-12T01:25:31.770+0000] {logging_mixin.py:117} INFO - [2022-10-12T01:25:31.770+0000] {dag.py:3328} INFO - Setting next_dagrun for example_trigger_target_dag to None, run_after=None
[2022-10-12T01:25:31.791+0000] {processor.py:178} INFO - Processing /home/airflow/.local/lib/python3.7/site-packages/airflow/example_dags/example_trigger_target_dag.py took 0.109 seconds
[2022-10-12T01:26:01.964+0000] {processor.py:156} INFO - Started process (PID=223) to work on /home/airflow/.local/lib/python3.7/site-packages/airflow/example_dags/example_trigger_target_dag.py
[2022-10-12T01:26:01.965+0000] {processor.py:758} INFO - Processing file /home/airflow/.local/lib/python3.7/site-packages/airflow/example_dags/example_trigger_target_dag.py for tasks to queue
[2022-10-12T01:26:01.965+0000] {logging_mixin.py:117} INFO - [2022-10-12T01:26:01.965+0000] {dagbag.py:525} INFO - Filling up the DagBag from /home/airflow/.local/lib/python3.7/site-packages/airflow/example_dags/example_trigger_target_dag.py
[2022-10-12T01:26:01.985+0000] {processor.py:768} INFO - DAG(s) dict_keys(['example_trigger_target_dag']) retrieved from /home/airflow/.local/lib/python3.7/site-packages/airflow/example_dags/example_trigger_target_dag.py
[2022-10-12T01:26:02.022+0000] {logging_mixin.py:117} INFO - [2022-10-12T01:26:02.021+0000] {dag.py:2573} INFO - Sync 1 DAGs
[2022-10-12T01:26:02.043+0000] {logging_mixin.py:117} INFO - [2022-10-12T01:26:02.043+0000] {dag.py:3328} INFO - Setting next_dagrun for example_trigger_target_dag to None, run_after=None
[2022-10-12T01:26:02.066+0000] {processor.py:178} INFO - Processing /home/airflow/.local/lib/python3.7/site-packages/airflow/example_dags/example_trigger_target_dag.py took 0.105 seconds
