[2022-10-12T01:24:31.383+0000] {processor.py:156} INFO - Started process (PID=49) to work on /home/airflow/.local/lib/python3.7/site-packages/airflow/example_dags/example_short_circuit_decorator.py
[2022-10-12T01:24:31.384+0000] {processor.py:758} INFO - Processing file /home/airflow/.local/lib/python3.7/site-packages/airflow/example_dags/example_short_circuit_decorator.py for tasks to queue
[2022-10-12T01:24:31.384+0000] {logging_mixin.py:117} INFO - [2022-10-12T01:24:31.384+0000] {dagbag.py:525} INFO - Filling up the DagBag from /home/airflow/.local/lib/python3.7/site-packages/airflow/example_dags/example_short_circuit_decorator.py
[2022-10-12T01:24:31.404+0000] {processor.py:768} INFO - DAG(s) dict_keys(['example_short_circuit_decorator']) retrieved from /home/airflow/.local/lib/python3.7/site-packages/airflow/example_dags/example_short_circuit_decorator.py
[2022-10-12T01:24:31.425+0000] {logging_mixin.py:117} INFO - [2022-10-12T01:24:31.425+0000] {dag.py:2573} INFO - Sync 1 DAGs
[2022-10-12T01:24:31.450+0000] {logging_mixin.py:117} INFO - [2022-10-12T01:24:31.450+0000] {dag.py:3328} INFO - Setting next_dagrun for example_short_circuit_decorator to 2022-10-11T01:24:31.450094+00:00, run_after=2022-10-12T01:24:31.450094+00:00
[2022-10-12T01:24:31.470+0000] {processor.py:178} INFO - Processing /home/airflow/.local/lib/python3.7/site-packages/airflow/example_dags/example_short_circuit_decorator.py took 0.088 seconds
[2022-10-12T01:25:01.761+0000] {processor.py:156} INFO - Started process (PID=111) to work on /home/airflow/.local/lib/python3.7/site-packages/airflow/example_dags/example_short_circuit_decorator.py
[2022-10-12T01:25:01.762+0000] {processor.py:758} INFO - Processing file /home/airflow/.local/lib/python3.7/site-packages/airflow/example_dags/example_short_circuit_decorator.py for tasks to queue
[2022-10-12T01:25:01.763+0000] {logging_mixin.py:117} INFO - [2022-10-12T01:25:01.762+0000] {dagbag.py:525} INFO - Filling up the DagBag from /home/airflow/.local/lib/python3.7/site-packages/airflow/example_dags/example_short_circuit_decorator.py
[2022-10-12T01:25:01.779+0000] {processor.py:768} INFO - DAG(s) dict_keys(['example_short_circuit_decorator']) retrieved from /home/airflow/.local/lib/python3.7/site-packages/airflow/example_dags/example_short_circuit_decorator.py
[2022-10-12T01:25:01.808+0000] {logging_mixin.py:117} INFO - [2022-10-12T01:25:01.808+0000] {dag.py:2573} INFO - Sync 1 DAGs
[2022-10-12T01:25:01.825+0000] {logging_mixin.py:117} INFO - [2022-10-12T01:25:01.825+0000] {dag.py:3328} INFO - Setting next_dagrun for example_short_circuit_decorator to 2022-10-11T01:25:01.825337+00:00, run_after=2022-10-12T01:25:01.825337+00:00
[2022-10-12T01:25:01.841+0000] {processor.py:178} INFO - Processing /home/airflow/.local/lib/python3.7/site-packages/airflow/example_dags/example_short_circuit_decorator.py took 0.082 seconds
[2022-10-12T01:25:32.015+0000] {processor.py:156} INFO - Started process (PID=175) to work on /home/airflow/.local/lib/python3.7/site-packages/airflow/example_dags/example_short_circuit_decorator.py
[2022-10-12T01:25:32.016+0000] {processor.py:758} INFO - Processing file /home/airflow/.local/lib/python3.7/site-packages/airflow/example_dags/example_short_circuit_decorator.py for tasks to queue
[2022-10-12T01:25:32.017+0000] {logging_mixin.py:117} INFO - [2022-10-12T01:25:32.016+0000] {dagbag.py:525} INFO - Filling up the DagBag from /home/airflow/.local/lib/python3.7/site-packages/airflow/example_dags/example_short_circuit_decorator.py
[2022-10-12T01:25:32.037+0000] {processor.py:768} INFO - DAG(s) dict_keys(['example_short_circuit_decorator']) retrieved from /home/airflow/.local/lib/python3.7/site-packages/airflow/example_dags/example_short_circuit_decorator.py
[2022-10-12T01:25:32.068+0000] {logging_mixin.py:117} INFO - [2022-10-12T01:25:32.067+0000] {dag.py:2573} INFO - Sync 1 DAGs
[2022-10-12T01:25:32.089+0000] {logging_mixin.py:117} INFO - [2022-10-12T01:25:32.089+0000] {dag.py:3328} INFO - Setting next_dagrun for example_short_circuit_decorator to 2022-10-11T01:25:32.089681+00:00, run_after=2022-10-12T01:25:32.089681+00:00
[2022-10-12T01:25:32.106+0000] {processor.py:178} INFO - Processing /home/airflow/.local/lib/python3.7/site-packages/airflow/example_dags/example_short_circuit_decorator.py took 0.093 seconds
[2022-10-12T01:26:02.536+0000] {processor.py:156} INFO - Started process (PID=235) to work on /home/airflow/.local/lib/python3.7/site-packages/airflow/example_dags/example_short_circuit_decorator.py
[2022-10-12T01:26:02.537+0000] {processor.py:758} INFO - Processing file /home/airflow/.local/lib/python3.7/site-packages/airflow/example_dags/example_short_circuit_decorator.py for tasks to queue
[2022-10-12T01:26:02.538+0000] {logging_mixin.py:117} INFO - [2022-10-12T01:26:02.537+0000] {dagbag.py:525} INFO - Filling up the DagBag from /home/airflow/.local/lib/python3.7/site-packages/airflow/example_dags/example_short_circuit_decorator.py
[2022-10-12T01:26:02.566+0000] {processor.py:768} INFO - DAG(s) dict_keys(['example_short_circuit_decorator']) retrieved from /home/airflow/.local/lib/python3.7/site-packages/airflow/example_dags/example_short_circuit_decorator.py
[2022-10-12T01:26:02.613+0000] {logging_mixin.py:117} INFO - [2022-10-12T01:26:02.613+0000] {dag.py:2573} INFO - Sync 1 DAGs
[2022-10-12T01:26:02.642+0000] {logging_mixin.py:117} INFO - [2022-10-12T01:26:02.642+0000] {dag.py:3328} INFO - Setting next_dagrun for example_short_circuit_decorator to 2022-10-11T01:26:02.642169+00:00, run_after=2022-10-12T01:26:02.642169+00:00
[2022-10-12T01:26:02.670+0000] {processor.py:178} INFO - Processing /home/airflow/.local/lib/python3.7/site-packages/airflow/example_dags/example_short_circuit_decorator.py took 0.137 seconds
