[2022-10-12T01:24:31.559+0000] {processor.py:156} INFO - Started process (PID=52) to work on /home/airflow/.local/lib/python3.7/site-packages/airflow/example_dags/example_nested_branch_dag.py
[2022-10-12T01:24:31.559+0000] {processor.py:758} INFO - Processing file /home/airflow/.local/lib/python3.7/site-packages/airflow/example_dags/example_nested_branch_dag.py for tasks to queue
[2022-10-12T01:24:31.560+0000] {logging_mixin.py:117} INFO - [2022-10-12T01:24:31.560+0000] {dagbag.py:525} INFO - Filling up the DagBag from /home/airflow/.local/lib/python3.7/site-packages/airflow/example_dags/example_nested_branch_dag.py
[2022-10-12T01:24:31.596+0000] {processor.py:768} INFO - DAG(s) dict_keys(['example_nested_branch_dag']) retrieved from /home/airflow/.local/lib/python3.7/site-packages/airflow/example_dags/example_nested_branch_dag.py
[2022-10-12T01:24:31.624+0000] {logging_mixin.py:117} INFO - [2022-10-12T01:24:31.624+0000] {dag.py:2573} INFO - Sync 1 DAGs
[2022-10-12T01:24:31.659+0000] {logging_mixin.py:117} INFO - [2022-10-12T01:24:31.659+0000] {dag.py:3328} INFO - Setting next_dagrun for example_nested_branch_dag to 2022-10-11T00:00:00+00:00, run_after=2022-10-12T00:00:00+00:00
[2022-10-12T01:24:31.676+0000] {processor.py:178} INFO - Processing /home/airflow/.local/lib/python3.7/site-packages/airflow/example_dags/example_nested_branch_dag.py took 0.120 seconds
[2022-10-12T01:25:01.868+0000] {processor.py:156} INFO - Started process (PID=114) to work on /home/airflow/.local/lib/python3.7/site-packages/airflow/example_dags/example_nested_branch_dag.py
[2022-10-12T01:25:01.868+0000] {processor.py:758} INFO - Processing file /home/airflow/.local/lib/python3.7/site-packages/airflow/example_dags/example_nested_branch_dag.py for tasks to queue
[2022-10-12T01:25:01.868+0000] {logging_mixin.py:117} INFO - [2022-10-12T01:25:01.868+0000] {dagbag.py:525} INFO - Filling up the DagBag from /home/airflow/.local/lib/python3.7/site-packages/airflow/example_dags/example_nested_branch_dag.py
[2022-10-12T01:25:01.886+0000] {processor.py:768} INFO - DAG(s) dict_keys(['example_nested_branch_dag']) retrieved from /home/airflow/.local/lib/python3.7/site-packages/airflow/example_dags/example_nested_branch_dag.py
[2022-10-12T01:25:01.915+0000] {logging_mixin.py:117} INFO - [2022-10-12T01:25:01.914+0000] {dag.py:2573} INFO - Sync 1 DAGs
[2022-10-12T01:25:01.935+0000] {logging_mixin.py:117} INFO - [2022-10-12T01:25:01.934+0000] {dag.py:3328} INFO - Setting next_dagrun for example_nested_branch_dag to 2022-10-11T00:00:00+00:00, run_after=2022-10-12T00:00:00+00:00
[2022-10-12T01:25:01.951+0000] {processor.py:178} INFO - Processing /home/airflow/.local/lib/python3.7/site-packages/airflow/example_dags/example_nested_branch_dag.py took 0.085 seconds
[2022-10-12T01:25:32.137+0000] {processor.py:156} INFO - Started process (PID=178) to work on /home/airflow/.local/lib/python3.7/site-packages/airflow/example_dags/example_nested_branch_dag.py
[2022-10-12T01:25:32.137+0000] {processor.py:758} INFO - Processing file /home/airflow/.local/lib/python3.7/site-packages/airflow/example_dags/example_nested_branch_dag.py for tasks to queue
[2022-10-12T01:25:32.138+0000] {logging_mixin.py:117} INFO - [2022-10-12T01:25:32.138+0000] {dagbag.py:525} INFO - Filling up the DagBag from /home/airflow/.local/lib/python3.7/site-packages/airflow/example_dags/example_nested_branch_dag.py
[2022-10-12T01:25:32.158+0000] {processor.py:768} INFO - DAG(s) dict_keys(['example_nested_branch_dag']) retrieved from /home/airflow/.local/lib/python3.7/site-packages/airflow/example_dags/example_nested_branch_dag.py
[2022-10-12T01:25:32.187+0000] {logging_mixin.py:117} INFO - [2022-10-12T01:25:32.187+0000] {dag.py:2573} INFO - Sync 1 DAGs
[2022-10-12T01:25:32.210+0000] {logging_mixin.py:117} INFO - [2022-10-12T01:25:32.210+0000] {dag.py:3328} INFO - Setting next_dagrun for example_nested_branch_dag to 2022-10-11T00:00:00+00:00, run_after=2022-10-12T00:00:00+00:00
[2022-10-12T01:25:32.227+0000] {processor.py:178} INFO - Processing /home/airflow/.local/lib/python3.7/site-packages/airflow/example_dags/example_nested_branch_dag.py took 0.092 seconds
[2022-10-12T01:26:02.769+0000] {processor.py:156} INFO - Started process (PID=238) to work on /home/airflow/.local/lib/python3.7/site-packages/airflow/example_dags/example_nested_branch_dag.py
[2022-10-12T01:26:02.772+0000] {processor.py:758} INFO - Processing file /home/airflow/.local/lib/python3.7/site-packages/airflow/example_dags/example_nested_branch_dag.py for tasks to queue
[2022-10-12T01:26:02.773+0000] {logging_mixin.py:117} INFO - [2022-10-12T01:26:02.772+0000] {dagbag.py:525} INFO - Filling up the DagBag from /home/airflow/.local/lib/python3.7/site-packages/airflow/example_dags/example_nested_branch_dag.py
[2022-10-12T01:26:02.814+0000] {processor.py:768} INFO - DAG(s) dict_keys(['example_nested_branch_dag']) retrieved from /home/airflow/.local/lib/python3.7/site-packages/airflow/example_dags/example_nested_branch_dag.py
[2022-10-12T01:26:02.865+0000] {logging_mixin.py:117} INFO - [2022-10-12T01:26:02.864+0000] {dag.py:2573} INFO - Sync 1 DAGs
[2022-10-12T01:26:02.898+0000] {logging_mixin.py:117} INFO - [2022-10-12T01:26:02.897+0000] {dag.py:3328} INFO - Setting next_dagrun for example_nested_branch_dag to 2022-10-11T00:00:00+00:00, run_after=2022-10-12T00:00:00+00:00
[2022-10-12T01:26:02.939+0000] {processor.py:178} INFO - Processing /home/airflow/.local/lib/python3.7/site-packages/airflow/example_dags/example_nested_branch_dag.py took 0.175 seconds
