[2022-10-12T01:24:31.165+0000] {processor.py:156} INFO - Started process (PID=45) to work on /home/airflow/.local/lib/python3.7/site-packages/airflow/example_dags/example_latest_only_with_trigger.py
[2022-10-12T01:24:31.166+0000] {processor.py:758} INFO - Processing file /home/airflow/.local/lib/python3.7/site-packages/airflow/example_dags/example_latest_only_with_trigger.py for tasks to queue
[2022-10-12T01:24:31.166+0000] {logging_mixin.py:117} INFO - [2022-10-12T01:24:31.166+0000] {dagbag.py:525} INFO - Filling up the DagBag from /home/airflow/.local/lib/python3.7/site-packages/airflow/example_dags/example_latest_only_with_trigger.py
[2022-10-12T01:24:31.178+0000] {processor.py:768} INFO - DAG(s) dict_keys(['latest_only_with_trigger']) retrieved from /home/airflow/.local/lib/python3.7/site-packages/airflow/example_dags/example_latest_only_with_trigger.py
[2022-10-12T01:24:31.200+0000] {logging_mixin.py:117} INFO - [2022-10-12T01:24:31.200+0000] {dag.py:2573} INFO - Sync 1 DAGs
[2022-10-12T01:24:31.225+0000] {logging_mixin.py:117} INFO - [2022-10-12T01:24:31.224+0000] {dag.py:3328} INFO - Setting next_dagrun for latest_only_with_trigger to 2022-10-11T21:24:31.224736+00:00, run_after=2022-10-12T01:24:31.224736+00:00
[2022-10-12T01:24:31.244+0000] {processor.py:178} INFO - Processing /home/airflow/.local/lib/python3.7/site-packages/airflow/example_dags/example_latest_only_with_trigger.py took 0.080 seconds
[2022-10-12T01:25:01.476+0000] {processor.py:156} INFO - Started process (PID=107) to work on /home/airflow/.local/lib/python3.7/site-packages/airflow/example_dags/example_latest_only_with_trigger.py
[2022-10-12T01:25:01.477+0000] {processor.py:758} INFO - Processing file /home/airflow/.local/lib/python3.7/site-packages/airflow/example_dags/example_latest_only_with_trigger.py for tasks to queue
[2022-10-12T01:25:01.477+0000] {logging_mixin.py:117} INFO - [2022-10-12T01:25:01.477+0000] {dagbag.py:525} INFO - Filling up the DagBag from /home/airflow/.local/lib/python3.7/site-packages/airflow/example_dags/example_latest_only_with_trigger.py
[2022-10-12T01:25:01.487+0000] {processor.py:768} INFO - DAG(s) dict_keys(['latest_only_with_trigger']) retrieved from /home/airflow/.local/lib/python3.7/site-packages/airflow/example_dags/example_latest_only_with_trigger.py
[2022-10-12T01:25:01.515+0000] {logging_mixin.py:117} INFO - [2022-10-12T01:25:01.515+0000] {dag.py:2573} INFO - Sync 1 DAGs
[2022-10-12T01:25:01.533+0000] {logging_mixin.py:117} INFO - [2022-10-12T01:25:01.532+0000] {dag.py:3328} INFO - Setting next_dagrun for latest_only_with_trigger to 2022-10-11T21:25:01.532738+00:00, run_after=2022-10-12T01:25:01.532738+00:00
[2022-10-12T01:25:01.547+0000] {processor.py:178} INFO - Processing /home/airflow/.local/lib/python3.7/site-packages/airflow/example_dags/example_latest_only_with_trigger.py took 0.073 seconds
[2022-10-12T01:25:31.695+0000] {processor.py:156} INFO - Started process (PID=170) to work on /home/airflow/.local/lib/python3.7/site-packages/airflow/example_dags/example_latest_only_with_trigger.py
[2022-10-12T01:25:31.696+0000] {processor.py:758} INFO - Processing file /home/airflow/.local/lib/python3.7/site-packages/airflow/example_dags/example_latest_only_with_trigger.py for tasks to queue
[2022-10-12T01:25:31.696+0000] {logging_mixin.py:117} INFO - [2022-10-12T01:25:31.696+0000] {dagbag.py:525} INFO - Filling up the DagBag from /home/airflow/.local/lib/python3.7/site-packages/airflow/example_dags/example_latest_only_with_trigger.py
[2022-10-12T01:25:31.707+0000] {processor.py:768} INFO - DAG(s) dict_keys(['latest_only_with_trigger']) retrieved from /home/airflow/.local/lib/python3.7/site-packages/airflow/example_dags/example_latest_only_with_trigger.py
[2022-10-12T01:25:31.737+0000] {logging_mixin.py:117} INFO - [2022-10-12T01:25:31.737+0000] {dag.py:2573} INFO - Sync 1 DAGs
[2022-10-12T01:25:31.757+0000] {logging_mixin.py:117} INFO - [2022-10-12T01:25:31.757+0000] {dag.py:3328} INFO - Setting next_dagrun for latest_only_with_trigger to 2022-10-11T21:25:31.756917+00:00, run_after=2022-10-12T01:25:31.756917+00:00
[2022-10-12T01:25:31.776+0000] {processor.py:178} INFO - Processing /home/airflow/.local/lib/python3.7/site-packages/airflow/example_dags/example_latest_only_with_trigger.py took 0.083 seconds
[2022-10-12T01:26:02.098+0000] {processor.py:156} INFO - Started process (PID=225) to work on /home/airflow/.local/lib/python3.7/site-packages/airflow/example_dags/example_latest_only_with_trigger.py
[2022-10-12T01:26:02.099+0000] {processor.py:758} INFO - Processing file /home/airflow/.local/lib/python3.7/site-packages/airflow/example_dags/example_latest_only_with_trigger.py for tasks to queue
[2022-10-12T01:26:02.100+0000] {logging_mixin.py:117} INFO - [2022-10-12T01:26:02.100+0000] {dagbag.py:525} INFO - Filling up the DagBag from /home/airflow/.local/lib/python3.7/site-packages/airflow/example_dags/example_latest_only_with_trigger.py
[2022-10-12T01:26:02.114+0000] {processor.py:768} INFO - DAG(s) dict_keys(['latest_only_with_trigger']) retrieved from /home/airflow/.local/lib/python3.7/site-packages/airflow/example_dags/example_latest_only_with_trigger.py
[2022-10-12T01:26:02.157+0000] {logging_mixin.py:117} INFO - [2022-10-12T01:26:02.157+0000] {dag.py:2573} INFO - Sync 1 DAGs
[2022-10-12T01:26:02.188+0000] {logging_mixin.py:117} INFO - [2022-10-12T01:26:02.187+0000] {dag.py:3328} INFO - Setting next_dagrun for latest_only_with_trigger to 2022-10-11T21:26:02.187740+00:00, run_after=2022-10-12T01:26:02.187740+00:00
[2022-10-12T01:26:02.215+0000] {processor.py:178} INFO - Processing /home/airflow/.local/lib/python3.7/site-packages/airflow/example_dags/example_latest_only_with_trigger.py took 0.119 seconds
