[2022-10-12T01:24:32.186+0000] {processor.py:156} INFO - Started process (PID=62) to work on /home/airflow/.local/lib/python3.7/site-packages/airflow/example_dags/example_external_task_marker_dag.py
[2022-10-12T01:24:32.187+0000] {processor.py:758} INFO - Processing file /home/airflow/.local/lib/python3.7/site-packages/airflow/example_dags/example_external_task_marker_dag.py for tasks to queue
[2022-10-12T01:24:32.187+0000] {logging_mixin.py:117} INFO - [2022-10-12T01:24:32.187+0000] {dagbag.py:525} INFO - Filling up the DagBag from /home/airflow/.local/lib/python3.7/site-packages/airflow/example_dags/example_external_task_marker_dag.py
[2022-10-12T01:24:32.204+0000] {processor.py:768} INFO - DAG(s) dict_keys(['example_external_task_marker_child', 'example_external_task_marker_parent']) retrieved from /home/airflow/.local/lib/python3.7/site-packages/airflow/example_dags/example_external_task_marker_dag.py
[2022-10-12T01:24:32.224+0000] {logging_mixin.py:117} INFO - [2022-10-12T01:24:32.224+0000] {dag.py:2573} INFO - Sync 2 DAGs
[2022-10-12T01:24:32.254+0000] {logging_mixin.py:117} INFO - [2022-10-12T01:24:32.253+0000] {dag.py:3328} INFO - Setting next_dagrun for example_external_task_marker_child to None, run_after=None
[2022-10-12T01:24:32.257+0000] {logging_mixin.py:117} INFO - [2022-10-12T01:24:32.257+0000] {dag.py:3328} INFO - Setting next_dagrun for example_external_task_marker_parent to None, run_after=None
[2022-10-12T01:24:32.271+0000] {processor.py:178} INFO - Processing /home/airflow/.local/lib/python3.7/site-packages/airflow/example_dags/example_external_task_marker_dag.py took 0.087 seconds
[2022-10-12T01:25:02.526+0000] {processor.py:156} INFO - Started process (PID=124) to work on /home/airflow/.local/lib/python3.7/site-packages/airflow/example_dags/example_external_task_marker_dag.py
[2022-10-12T01:25:02.527+0000] {processor.py:758} INFO - Processing file /home/airflow/.local/lib/python3.7/site-packages/airflow/example_dags/example_external_task_marker_dag.py for tasks to queue
[2022-10-12T01:25:02.527+0000] {logging_mixin.py:117} INFO - [2022-10-12T01:25:02.527+0000] {dagbag.py:525} INFO - Filling up the DagBag from /home/airflow/.local/lib/python3.7/site-packages/airflow/example_dags/example_external_task_marker_dag.py
[2022-10-12T01:25:02.537+0000] {processor.py:768} INFO - DAG(s) dict_keys(['example_external_task_marker_child', 'example_external_task_marker_parent']) retrieved from /home/airflow/.local/lib/python3.7/site-packages/airflow/example_dags/example_external_task_marker_dag.py
[2022-10-12T01:25:02.685+0000] {logging_mixin.py:117} INFO - [2022-10-12T01:25:02.685+0000] {dag.py:2573} INFO - Sync 2 DAGs
[2022-10-12T01:25:02.705+0000] {logging_mixin.py:117} INFO - [2022-10-12T01:25:02.705+0000] {dag.py:3328} INFO - Setting next_dagrun for example_external_task_marker_child to None, run_after=None
[2022-10-12T01:25:02.707+0000] {logging_mixin.py:117} INFO - [2022-10-12T01:25:02.707+0000] {dag.py:3328} INFO - Setting next_dagrun for example_external_task_marker_parent to None, run_after=None
[2022-10-12T01:25:02.721+0000] {processor.py:178} INFO - Processing /home/airflow/.local/lib/python3.7/site-packages/airflow/example_dags/example_external_task_marker_dag.py took 0.197 seconds
[2022-10-12T01:25:32.798+0000] {processor.py:156} INFO - Started process (PID=188) to work on /home/airflow/.local/lib/python3.7/site-packages/airflow/example_dags/example_external_task_marker_dag.py
[2022-10-12T01:25:32.799+0000] {processor.py:758} INFO - Processing file /home/airflow/.local/lib/python3.7/site-packages/airflow/example_dags/example_external_task_marker_dag.py for tasks to queue
[2022-10-12T01:25:32.799+0000] {logging_mixin.py:117} INFO - [2022-10-12T01:25:32.799+0000] {dagbag.py:525} INFO - Filling up the DagBag from /home/airflow/.local/lib/python3.7/site-packages/airflow/example_dags/example_external_task_marker_dag.py
[2022-10-12T01:25:32.810+0000] {processor.py:768} INFO - DAG(s) dict_keys(['example_external_task_marker_parent', 'example_external_task_marker_child']) retrieved from /home/airflow/.local/lib/python3.7/site-packages/airflow/example_dags/example_external_task_marker_dag.py
[2022-10-12T01:25:32.972+0000] {logging_mixin.py:117} INFO - [2022-10-12T01:25:32.972+0000] {dag.py:2573} INFO - Sync 2 DAGs
[2022-10-12T01:25:32.992+0000] {logging_mixin.py:117} INFO - [2022-10-12T01:25:32.992+0000] {dag.py:3328} INFO - Setting next_dagrun for example_external_task_marker_child to None, run_after=None
[2022-10-12T01:25:32.995+0000] {logging_mixin.py:117} INFO - [2022-10-12T01:25:32.995+0000] {dag.py:3328} INFO - Setting next_dagrun for example_external_task_marker_parent to None, run_after=None
[2022-10-12T01:25:33.010+0000] {processor.py:178} INFO - Processing /home/airflow/.local/lib/python3.7/site-packages/airflow/example_dags/example_external_task_marker_dag.py took 0.214 seconds
[2022-10-12T01:26:04.147+0000] {processor.py:156} INFO - Started process (PID=250) to work on /home/airflow/.local/lib/python3.7/site-packages/airflow/example_dags/example_external_task_marker_dag.py
[2022-10-12T01:26:04.147+0000] {processor.py:758} INFO - Processing file /home/airflow/.local/lib/python3.7/site-packages/airflow/example_dags/example_external_task_marker_dag.py for tasks to queue
[2022-10-12T01:26:04.148+0000] {logging_mixin.py:117} INFO - [2022-10-12T01:26:04.148+0000] {dagbag.py:525} INFO - Filling up the DagBag from /home/airflow/.local/lib/python3.7/site-packages/airflow/example_dags/example_external_task_marker_dag.py
[2022-10-12T01:26:04.161+0000] {processor.py:768} INFO - DAG(s) dict_keys(['example_external_task_marker_child', 'example_external_task_marker_parent']) retrieved from /home/airflow/.local/lib/python3.7/site-packages/airflow/example_dags/example_external_task_marker_dag.py
[2022-10-12T01:26:04.391+0000] {logging_mixin.py:117} INFO - [2022-10-12T01:26:04.391+0000] {dag.py:2573} INFO - Sync 2 DAGs
[2022-10-12T01:26:04.425+0000] {logging_mixin.py:117} INFO - [2022-10-12T01:26:04.425+0000] {dag.py:3328} INFO - Setting next_dagrun for example_external_task_marker_child to None, run_after=None
[2022-10-12T01:26:04.430+0000] {logging_mixin.py:117} INFO - [2022-10-12T01:26:04.429+0000] {dag.py:3328} INFO - Setting next_dagrun for example_external_task_marker_parent to None, run_after=None
[2022-10-12T01:26:04.451+0000] {processor.py:178} INFO - Processing /home/airflow/.local/lib/python3.7/site-packages/airflow/example_dags/example_external_task_marker_dag.py took 0.307 seconds
