[2022-10-12T01:24:32.457+0000] {processor.py:156} INFO - Started process (PID=67) to work on /home/airflow/.local/lib/python3.7/site-packages/airflow/example_dags/example_branch_python_dop_operator_3.py
[2022-10-12T01:24:32.458+0000] {processor.py:758} INFO - Processing file /home/airflow/.local/lib/python3.7/site-packages/airflow/example_dags/example_branch_python_dop_operator_3.py for tasks to queue
[2022-10-12T01:24:32.458+0000] {logging_mixin.py:117} INFO - [2022-10-12T01:24:32.458+0000] {dagbag.py:525} INFO - Filling up the DagBag from /home/airflow/.local/lib/python3.7/site-packages/airflow/example_dags/example_branch_python_dop_operator_3.py
[2022-10-12T01:24:32.484+0000] {processor.py:768} INFO - DAG(s) dict_keys(['example_branch_dop_operator_v3']) retrieved from /home/airflow/.local/lib/python3.7/site-packages/airflow/example_dags/example_branch_python_dop_operator_3.py
[2022-10-12T01:24:32.511+0000] {logging_mixin.py:117} INFO - [2022-10-12T01:24:32.510+0000] {dag.py:2573} INFO - Sync 1 DAGs
[2022-10-12T01:24:32.547+0000] {logging_mixin.py:117} INFO - [2022-10-12T01:24:32.546+0000] {dag.py:3328} INFO - Setting next_dagrun for example_branch_dop_operator_v3 to 2022-10-12T01:23:00+00:00, run_after=2022-10-12T01:24:00+00:00
[2022-10-12T01:24:32.570+0000] {processor.py:178} INFO - Processing /home/airflow/.local/lib/python3.7/site-packages/airflow/example_dags/example_branch_python_dop_operator_3.py took 0.115 seconds
[2022-10-12T01:25:02.839+0000] {processor.py:156} INFO - Started process (PID=129) to work on /home/airflow/.local/lib/python3.7/site-packages/airflow/example_dags/example_branch_python_dop_operator_3.py
[2022-10-12T01:25:02.840+0000] {processor.py:758} INFO - Processing file /home/airflow/.local/lib/python3.7/site-packages/airflow/example_dags/example_branch_python_dop_operator_3.py for tasks to queue
[2022-10-12T01:25:02.840+0000] {logging_mixin.py:117} INFO - [2022-10-12T01:25:02.840+0000] {dagbag.py:525} INFO - Filling up the DagBag from /home/airflow/.local/lib/python3.7/site-packages/airflow/example_dags/example_branch_python_dop_operator_3.py
[2022-10-12T01:25:02.857+0000] {processor.py:768} INFO - DAG(s) dict_keys(['example_branch_dop_operator_v3']) retrieved from /home/airflow/.local/lib/python3.7/site-packages/airflow/example_dags/example_branch_python_dop_operator_3.py
[2022-10-12T01:25:02.884+0000] {logging_mixin.py:117} INFO - [2022-10-12T01:25:02.884+0000] {dag.py:2573} INFO - Sync 1 DAGs
[2022-10-12T01:25:02.906+0000] {logging_mixin.py:117} INFO - [2022-10-12T01:25:02.906+0000] {dag.py:3328} INFO - Setting next_dagrun for example_branch_dop_operator_v3 to 2022-10-12T01:24:00+00:00, run_after=2022-10-12T01:25:00+00:00
[2022-10-12T01:25:02.922+0000] {processor.py:178} INFO - Processing /home/airflow/.local/lib/python3.7/site-packages/airflow/example_dags/example_branch_python_dop_operator_3.py took 0.085 seconds
[2022-10-12T01:25:33.180+0000] {processor.py:156} INFO - Started process (PID=193) to work on /home/airflow/.local/lib/python3.7/site-packages/airflow/example_dags/example_branch_python_dop_operator_3.py
[2022-10-12T01:25:33.181+0000] {processor.py:758} INFO - Processing file /home/airflow/.local/lib/python3.7/site-packages/airflow/example_dags/example_branch_python_dop_operator_3.py for tasks to queue
[2022-10-12T01:25:33.181+0000] {logging_mixin.py:117} INFO - [2022-10-12T01:25:33.181+0000] {dagbag.py:525} INFO - Filling up the DagBag from /home/airflow/.local/lib/python3.7/site-packages/airflow/example_dags/example_branch_python_dop_operator_3.py
[2022-10-12T01:25:33.206+0000] {processor.py:768} INFO - DAG(s) dict_keys(['example_branch_dop_operator_v3']) retrieved from /home/airflow/.local/lib/python3.7/site-packages/airflow/example_dags/example_branch_python_dop_operator_3.py
[2022-10-12T01:25:33.235+0000] {logging_mixin.py:117} INFO - [2022-10-12T01:25:33.235+0000] {dag.py:2573} INFO - Sync 1 DAGs
[2022-10-12T01:25:33.263+0000] {logging_mixin.py:117} INFO - [2022-10-12T01:25:33.263+0000] {dag.py:3328} INFO - Setting next_dagrun for example_branch_dop_operator_v3 to 2022-10-12T01:24:00+00:00, run_after=2022-10-12T01:25:00+00:00
[2022-10-12T01:25:33.278+0000] {processor.py:178} INFO - Processing /home/airflow/.local/lib/python3.7/site-packages/airflow/example_dags/example_branch_python_dop_operator_3.py took 0.101 seconds
[2022-10-12T01:26:04.642+0000] {processor.py:156} INFO - Started process (PID=255) to work on /home/airflow/.local/lib/python3.7/site-packages/airflow/example_dags/example_branch_python_dop_operator_3.py
[2022-10-12T01:26:04.643+0000] {processor.py:758} INFO - Processing file /home/airflow/.local/lib/python3.7/site-packages/airflow/example_dags/example_branch_python_dop_operator_3.py for tasks to queue
[2022-10-12T01:26:04.643+0000] {logging_mixin.py:117} INFO - [2022-10-12T01:26:04.643+0000] {dagbag.py:525} INFO - Filling up the DagBag from /home/airflow/.local/lib/python3.7/site-packages/airflow/example_dags/example_branch_python_dop_operator_3.py
[2022-10-12T01:26:04.669+0000] {processor.py:768} INFO - DAG(s) dict_keys(['example_branch_dop_operator_v3']) retrieved from /home/airflow/.local/lib/python3.7/site-packages/airflow/example_dags/example_branch_python_dop_operator_3.py
[2022-10-12T01:26:04.705+0000] {logging_mixin.py:117} INFO - [2022-10-12T01:26:04.705+0000] {dag.py:2573} INFO - Sync 1 DAGs
[2022-10-12T01:26:04.731+0000] {logging_mixin.py:117} INFO - [2022-10-12T01:26:04.731+0000] {dag.py:3328} INFO - Setting next_dagrun for example_branch_dop_operator_v3 to 2022-10-12T01:25:00+00:00, run_after=2022-10-12T01:26:00+00:00
[2022-10-12T01:26:04.748+0000] {processor.py:178} INFO - Processing /home/airflow/.local/lib/python3.7/site-packages/airflow/example_dags/example_branch_python_dop_operator_3.py took 0.109 seconds
