[2022-10-12T01:24:31.856+0000] {processor.py:156} INFO - Started process (PID=57) to work on /home/airflow/.local/lib/python3.7/site-packages/airflow/example_dags/example_xcomargs.py
[2022-10-12T01:24:31.857+0000] {processor.py:758} INFO - Processing file /home/airflow/.local/lib/python3.7/site-packages/airflow/example_dags/example_xcomargs.py for tasks to queue
[2022-10-12T01:24:31.857+0000] {logging_mixin.py:117} INFO - [2022-10-12T01:24:31.857+0000] {dagbag.py:525} INFO - Filling up the DagBag from /home/airflow/.local/lib/python3.7/site-packages/airflow/example_dags/example_xcomargs.py
[2022-10-12T01:24:31.880+0000] {processor.py:768} INFO - DAG(s) dict_keys(['example_xcom_args', 'example_xcom_args_with_operators']) retrieved from /home/airflow/.local/lib/python3.7/site-packages/airflow/example_dags/example_xcomargs.py
[2022-10-12T01:24:31.901+0000] {logging_mixin.py:117} INFO - [2022-10-12T01:24:31.901+0000] {dag.py:2573} INFO - Sync 2 DAGs
[2022-10-12T01:24:31.924+0000] {logging_mixin.py:117} INFO - [2022-10-12T01:24:31.924+0000] {dag.py:3328} INFO - Setting next_dagrun for example_xcom_args to None, run_after=None
[2022-10-12T01:24:31.928+0000] {logging_mixin.py:117} INFO - [2022-10-12T01:24:31.928+0000] {dag.py:3328} INFO - Setting next_dagrun for example_xcom_args_with_operators to None, run_after=None
[2022-10-12T01:24:31.947+0000] {processor.py:178} INFO - Processing /home/airflow/.local/lib/python3.7/site-packages/airflow/example_dags/example_xcomargs.py took 0.093 seconds
[2022-10-12T01:25:02.150+0000] {processor.py:156} INFO - Started process (PID=119) to work on /home/airflow/.local/lib/python3.7/site-packages/airflow/example_dags/example_xcomargs.py
[2022-10-12T01:25:02.151+0000] {processor.py:758} INFO - Processing file /home/airflow/.local/lib/python3.7/site-packages/airflow/example_dags/example_xcomargs.py for tasks to queue
[2022-10-12T01:25:02.151+0000] {logging_mixin.py:117} INFO - [2022-10-12T01:25:02.151+0000] {dagbag.py:525} INFO - Filling up the DagBag from /home/airflow/.local/lib/python3.7/site-packages/airflow/example_dags/example_xcomargs.py
[2022-10-12T01:25:02.171+0000] {processor.py:768} INFO - DAG(s) dict_keys(['example_xcom_args', 'example_xcom_args_with_operators']) retrieved from /home/airflow/.local/lib/python3.7/site-packages/airflow/example_dags/example_xcomargs.py
[2022-10-12T01:25:02.201+0000] {logging_mixin.py:117} INFO - [2022-10-12T01:25:02.201+0000] {dag.py:2573} INFO - Sync 2 DAGs
[2022-10-12T01:25:02.218+0000] {logging_mixin.py:117} INFO - [2022-10-12T01:25:02.218+0000] {dag.py:3328} INFO - Setting next_dagrun for example_xcom_args to None, run_after=None
[2022-10-12T01:25:02.221+0000] {logging_mixin.py:117} INFO - [2022-10-12T01:25:02.221+0000] {dag.py:3328} INFO - Setting next_dagrun for example_xcom_args_with_operators to None, run_after=None
[2022-10-12T01:25:02.234+0000] {processor.py:178} INFO - Processing /home/airflow/.local/lib/python3.7/site-packages/airflow/example_dags/example_xcomargs.py took 0.087 seconds
[2022-10-12T01:25:32.437+0000] {processor.py:156} INFO - Started process (PID=183) to work on /home/airflow/.local/lib/python3.7/site-packages/airflow/example_dags/example_xcomargs.py
[2022-10-12T01:25:32.437+0000] {processor.py:758} INFO - Processing file /home/airflow/.local/lib/python3.7/site-packages/airflow/example_dags/example_xcomargs.py for tasks to queue
[2022-10-12T01:25:32.438+0000] {logging_mixin.py:117} INFO - [2022-10-12T01:25:32.437+0000] {dagbag.py:525} INFO - Filling up the DagBag from /home/airflow/.local/lib/python3.7/site-packages/airflow/example_dags/example_xcomargs.py
[2022-10-12T01:25:32.457+0000] {processor.py:768} INFO - DAG(s) dict_keys(['example_xcom_args', 'example_xcom_args_with_operators']) retrieved from /home/airflow/.local/lib/python3.7/site-packages/airflow/example_dags/example_xcomargs.py
[2022-10-12T01:25:32.490+0000] {logging_mixin.py:117} INFO - [2022-10-12T01:25:32.490+0000] {dag.py:2573} INFO - Sync 2 DAGs
[2022-10-12T01:25:32.517+0000] {logging_mixin.py:117} INFO - [2022-10-12T01:25:32.517+0000] {dag.py:3328} INFO - Setting next_dagrun for example_xcom_args to None, run_after=None
[2022-10-12T01:25:32.521+0000] {logging_mixin.py:117} INFO - [2022-10-12T01:25:32.520+0000] {dag.py:3328} INFO - Setting next_dagrun for example_xcom_args_with_operators to None, run_after=None
[2022-10-12T01:25:32.538+0000] {processor.py:178} INFO - Processing /home/airflow/.local/lib/python3.7/site-packages/airflow/example_dags/example_xcomargs.py took 0.103 seconds
[2022-10-12T01:26:03.310+0000] {processor.py:156} INFO - Started process (PID=245) to work on /home/airflow/.local/lib/python3.7/site-packages/airflow/example_dags/example_xcomargs.py
[2022-10-12T01:26:03.311+0000] {processor.py:758} INFO - Processing file /home/airflow/.local/lib/python3.7/site-packages/airflow/example_dags/example_xcomargs.py for tasks to queue
[2022-10-12T01:26:03.311+0000] {logging_mixin.py:117} INFO - [2022-10-12T01:26:03.311+0000] {dagbag.py:525} INFO - Filling up the DagBag from /home/airflow/.local/lib/python3.7/site-packages/airflow/example_dags/example_xcomargs.py
[2022-10-12T01:26:03.340+0000] {processor.py:768} INFO - DAG(s) dict_keys(['example_xcom_args_with_operators', 'example_xcom_args']) retrieved from /home/airflow/.local/lib/python3.7/site-packages/airflow/example_dags/example_xcomargs.py
[2022-10-12T01:26:03.391+0000] {logging_mixin.py:117} INFO - [2022-10-12T01:26:03.391+0000] {dag.py:2573} INFO - Sync 2 DAGs
[2022-10-12T01:26:03.425+0000] {logging_mixin.py:117} INFO - [2022-10-12T01:26:03.424+0000] {dag.py:3328} INFO - Setting next_dagrun for example_xcom_args to None, run_after=None
[2022-10-12T01:26:03.430+0000] {logging_mixin.py:117} INFO - [2022-10-12T01:26:03.429+0000] {dag.py:3328} INFO - Setting next_dagrun for example_xcom_args_with_operators to None, run_after=None
[2022-10-12T01:26:03.454+0000] {processor.py:178} INFO - Processing /home/airflow/.local/lib/python3.7/site-packages/airflow/example_dags/example_xcomargs.py took 0.146 seconds
