[2022-10-12T01:24:31.645+0000] {processor.py:156} INFO - Started process (PID=53) to work on /home/airflow/.local/lib/python3.7/site-packages/airflow/example_dags/example_python_operator.py
[2022-10-12T01:24:31.646+0000] {processor.py:758} INFO - Processing file /home/airflow/.local/lib/python3.7/site-packages/airflow/example_dags/example_python_operator.py for tasks to queue
[2022-10-12T01:24:31.646+0000] {logging_mixin.py:117} INFO - [2022-10-12T01:24:31.646+0000] {dagbag.py:525} INFO - Filling up the DagBag from /home/airflow/.local/lib/python3.7/site-packages/airflow/example_dags/example_python_operator.py
[2022-10-12T01:24:31.672+0000] {processor.py:768} INFO - DAG(s) dict_keys(['example_python_operator']) retrieved from /home/airflow/.local/lib/python3.7/site-packages/airflow/example_dags/example_python_operator.py
[2022-10-12T01:24:31.692+0000] {logging_mixin.py:117} INFO - [2022-10-12T01:24:31.692+0000] {dag.py:2573} INFO - Sync 1 DAGs
[2022-10-12T01:24:31.712+0000] {logging_mixin.py:117} INFO - [2022-10-12T01:24:31.711+0000] {dag.py:3328} INFO - Setting next_dagrun for example_python_operator to None, run_after=None
[2022-10-12T01:24:31.731+0000] {processor.py:178} INFO - Processing /home/airflow/.local/lib/python3.7/site-packages/airflow/example_dags/example_python_operator.py took 0.089 seconds
[2022-10-12T01:25:01.951+0000] {processor.py:156} INFO - Started process (PID=115) to work on /home/airflow/.local/lib/python3.7/site-packages/airflow/example_dags/example_python_operator.py
[2022-10-12T01:25:01.951+0000] {processor.py:758} INFO - Processing file /home/airflow/.local/lib/python3.7/site-packages/airflow/example_dags/example_python_operator.py for tasks to queue
[2022-10-12T01:25:01.952+0000] {logging_mixin.py:117} INFO - [2022-10-12T01:25:01.952+0000] {dagbag.py:525} INFO - Filling up the DagBag from /home/airflow/.local/lib/python3.7/site-packages/airflow/example_dags/example_python_operator.py
[2022-10-12T01:25:01.972+0000] {processor.py:768} INFO - DAG(s) dict_keys(['example_python_operator']) retrieved from /home/airflow/.local/lib/python3.7/site-packages/airflow/example_dags/example_python_operator.py
[2022-10-12T01:25:02.002+0000] {logging_mixin.py:117} INFO - [2022-10-12T01:25:02.002+0000] {dag.py:2573} INFO - Sync 1 DAGs
[2022-10-12T01:25:02.022+0000] {logging_mixin.py:117} INFO - [2022-10-12T01:25:02.022+0000] {dag.py:3328} INFO - Setting next_dagrun for example_python_operator to None, run_after=None
[2022-10-12T01:25:02.043+0000] {processor.py:178} INFO - Processing /home/airflow/.local/lib/python3.7/site-packages/airflow/example_dags/example_python_operator.py took 0.095 seconds
[2022-10-12T01:25:32.221+0000] {processor.py:156} INFO - Started process (PID=179) to work on /home/airflow/.local/lib/python3.7/site-packages/airflow/example_dags/example_python_operator.py
[2022-10-12T01:25:32.222+0000] {processor.py:758} INFO - Processing file /home/airflow/.local/lib/python3.7/site-packages/airflow/example_dags/example_python_operator.py for tasks to queue
[2022-10-12T01:25:32.223+0000] {logging_mixin.py:117} INFO - [2022-10-12T01:25:32.223+0000] {dagbag.py:525} INFO - Filling up the DagBag from /home/airflow/.local/lib/python3.7/site-packages/airflow/example_dags/example_python_operator.py
[2022-10-12T01:25:32.244+0000] {processor.py:768} INFO - DAG(s) dict_keys(['example_python_operator']) retrieved from /home/airflow/.local/lib/python3.7/site-packages/airflow/example_dags/example_python_operator.py
[2022-10-12T01:25:32.281+0000] {logging_mixin.py:117} INFO - [2022-10-12T01:25:32.281+0000] {dag.py:2573} INFO - Sync 1 DAGs
[2022-10-12T01:25:32.302+0000] {logging_mixin.py:117} INFO - [2022-10-12T01:25:32.302+0000] {dag.py:3328} INFO - Setting next_dagrun for example_python_operator to None, run_after=None
[2022-10-12T01:25:32.317+0000] {processor.py:178} INFO - Processing /home/airflow/.local/lib/python3.7/site-packages/airflow/example_dags/example_python_operator.py took 0.098 seconds
[2022-10-12T01:26:02.968+0000] {processor.py:156} INFO - Started process (PID=241) to work on /home/airflow/.local/lib/python3.7/site-packages/airflow/example_dags/example_python_operator.py
[2022-10-12T01:26:02.969+0000] {processor.py:758} INFO - Processing file /home/airflow/.local/lib/python3.7/site-packages/airflow/example_dags/example_python_operator.py for tasks to queue
[2022-10-12T01:26:02.969+0000] {logging_mixin.py:117} INFO - [2022-10-12T01:26:02.969+0000] {dagbag.py:525} INFO - Filling up the DagBag from /home/airflow/.local/lib/python3.7/site-packages/airflow/example_dags/example_python_operator.py
[2022-10-12T01:26:02.997+0000] {processor.py:768} INFO - DAG(s) dict_keys(['example_python_operator']) retrieved from /home/airflow/.local/lib/python3.7/site-packages/airflow/example_dags/example_python_operator.py
[2022-10-12T01:26:03.054+0000] {logging_mixin.py:117} INFO - [2022-10-12T01:26:03.054+0000] {dag.py:2573} INFO - Sync 1 DAGs
[2022-10-12T01:26:03.088+0000] {logging_mixin.py:117} INFO - [2022-10-12T01:26:03.088+0000] {dag.py:3328} INFO - Setting next_dagrun for example_python_operator to None, run_after=None
[2022-10-12T01:26:03.112+0000] {processor.py:178} INFO - Processing /home/airflow/.local/lib/python3.7/site-packages/airflow/example_dags/example_python_operator.py took 0.147 seconds
