[2022-10-12T01:24:31.496+0000] {processor.py:156} INFO - Started process (PID=51) to work on /home/airflow/.local/lib/python3.7/site-packages/airflow/example_dags/tutorial.py
[2022-10-12T01:24:31.497+0000] {processor.py:758} INFO - Processing file /home/airflow/.local/lib/python3.7/site-packages/airflow/example_dags/tutorial.py for tasks to queue
[2022-10-12T01:24:31.497+0000] {logging_mixin.py:117} INFO - [2022-10-12T01:24:31.497+0000] {dagbag.py:525} INFO - Filling up the DagBag from /home/airflow/.local/lib/python3.7/site-packages/airflow/example_dags/tutorial.py
[2022-10-12T01:24:31.512+0000] {processor.py:768} INFO - DAG(s) dict_keys(['tutorial']) retrieved from /home/airflow/.local/lib/python3.7/site-packages/airflow/example_dags/tutorial.py
[2022-10-12T01:24:31.540+0000] {logging_mixin.py:117} INFO - [2022-10-12T01:24:31.540+0000] {dag.py:2573} INFO - Sync 1 DAGs
[2022-10-12T01:24:31.575+0000] {logging_mixin.py:117} INFO - [2022-10-12T01:24:31.575+0000] {dag.py:3328} INFO - Setting next_dagrun for tutorial to 2022-10-11T01:24:31.575389+00:00, run_after=2022-10-12T01:24:31.575389+00:00
[2022-10-12T01:24:31.619+0000] {processor.py:178} INFO - Processing /home/airflow/.local/lib/python3.7/site-packages/airflow/example_dags/tutorial.py took 0.126 seconds
[2022-10-12T01:25:01.859+0000] {processor.py:156} INFO - Started process (PID=113) to work on /home/airflow/.local/lib/python3.7/site-packages/airflow/example_dags/tutorial.py
[2022-10-12T01:25:01.859+0000] {processor.py:758} INFO - Processing file /home/airflow/.local/lib/python3.7/site-packages/airflow/example_dags/tutorial.py for tasks to queue
[2022-10-12T01:25:01.860+0000] {logging_mixin.py:117} INFO - [2022-10-12T01:25:01.859+0000] {dagbag.py:525} INFO - Filling up the DagBag from /home/airflow/.local/lib/python3.7/site-packages/airflow/example_dags/tutorial.py
[2022-10-12T01:25:01.868+0000] {processor.py:768} INFO - DAG(s) dict_keys(['tutorial']) retrieved from /home/airflow/.local/lib/python3.7/site-packages/airflow/example_dags/tutorial.py
[2022-10-12T01:25:01.896+0000] {logging_mixin.py:117} INFO - [2022-10-12T01:25:01.896+0000] {dag.py:2573} INFO - Sync 1 DAGs
[2022-10-12T01:25:01.914+0000] {logging_mixin.py:117} INFO - [2022-10-12T01:25:01.914+0000] {dag.py:3328} INFO - Setting next_dagrun for tutorial to 2022-10-11T01:25:01.914393+00:00, run_after=2022-10-12T01:25:01.914393+00:00
[2022-10-12T01:25:01.931+0000] {processor.py:178} INFO - Processing /home/airflow/.local/lib/python3.7/site-packages/airflow/example_dags/tutorial.py took 0.074 seconds
[2022-10-12T01:25:32.125+0000] {processor.py:156} INFO - Started process (PID=177) to work on /home/airflow/.local/lib/python3.7/site-packages/airflow/example_dags/tutorial.py
[2022-10-12T01:25:32.126+0000] {processor.py:758} INFO - Processing file /home/airflow/.local/lib/python3.7/site-packages/airflow/example_dags/tutorial.py for tasks to queue
[2022-10-12T01:25:32.126+0000] {logging_mixin.py:117} INFO - [2022-10-12T01:25:32.126+0000] {dagbag.py:525} INFO - Filling up the DagBag from /home/airflow/.local/lib/python3.7/site-packages/airflow/example_dags/tutorial.py
[2022-10-12T01:25:32.136+0000] {processor.py:768} INFO - DAG(s) dict_keys(['tutorial']) retrieved from /home/airflow/.local/lib/python3.7/site-packages/airflow/example_dags/tutorial.py
[2022-10-12T01:25:32.166+0000] {logging_mixin.py:117} INFO - [2022-10-12T01:25:32.166+0000] {dag.py:2573} INFO - Sync 1 DAGs
[2022-10-12T01:25:32.185+0000] {logging_mixin.py:117} INFO - [2022-10-12T01:25:32.185+0000] {dag.py:3328} INFO - Setting next_dagrun for tutorial to 2022-10-11T01:25:32.185434+00:00, run_after=2022-10-12T01:25:32.185434+00:00
[2022-10-12T01:25:32.201+0000] {processor.py:178} INFO - Processing /home/airflow/.local/lib/python3.7/site-packages/airflow/example_dags/tutorial.py took 0.078 seconds
[2022-10-12T01:26:02.734+0000] {processor.py:156} INFO - Started process (PID=237) to work on /home/airflow/.local/lib/python3.7/site-packages/airflow/example_dags/tutorial.py
[2022-10-12T01:26:02.747+0000] {processor.py:758} INFO - Processing file /home/airflow/.local/lib/python3.7/site-packages/airflow/example_dags/tutorial.py for tasks to queue
[2022-10-12T01:26:02.747+0000] {logging_mixin.py:117} INFO - [2022-10-12T01:26:02.747+0000] {dagbag.py:525} INFO - Filling up the DagBag from /home/airflow/.local/lib/python3.7/site-packages/airflow/example_dags/tutorial.py
[2022-10-12T01:26:02.779+0000] {processor.py:768} INFO - DAG(s) dict_keys(['tutorial']) retrieved from /home/airflow/.local/lib/python3.7/site-packages/airflow/example_dags/tutorial.py
[2022-10-12T01:26:02.852+0000] {logging_mixin.py:117} INFO - [2022-10-12T01:26:02.851+0000] {dag.py:2573} INFO - Sync 1 DAGs
[2022-10-12T01:26:02.891+0000] {logging_mixin.py:117} INFO - [2022-10-12T01:26:02.891+0000] {dag.py:3328} INFO - Setting next_dagrun for tutorial to 2022-10-11T01:26:02.891092+00:00, run_after=2022-10-12T01:26:02.891092+00:00
[2022-10-12T01:26:02.924+0000] {processor.py:178} INFO - Processing /home/airflow/.local/lib/python3.7/site-packages/airflow/example_dags/tutorial.py took 0.196 seconds
