[2022-10-12T01:24:31.752+0000] {processor.py:156} INFO - Started process (PID=55) to work on /home/airflow/.local/lib/python3.7/site-packages/airflow/example_dags/tutorial_dag.py
[2022-10-12T01:24:31.753+0000] {processor.py:758} INFO - Processing file /home/airflow/.local/lib/python3.7/site-packages/airflow/example_dags/tutorial_dag.py for tasks to queue
[2022-10-12T01:24:31.753+0000] {logging_mixin.py:117} INFO - [2022-10-12T01:24:31.753+0000] {dagbag.py:525} INFO - Filling up the DagBag from /home/airflow/.local/lib/python3.7/site-packages/airflow/example_dags/tutorial_dag.py
[2022-10-12T01:24:31.765+0000] {processor.py:768} INFO - DAG(s) dict_keys(['tutorial_dag']) retrieved from /home/airflow/.local/lib/python3.7/site-packages/airflow/example_dags/tutorial_dag.py
[2022-10-12T01:24:31.787+0000] {logging_mixin.py:117} INFO - [2022-10-12T01:24:31.787+0000] {dag.py:2573} INFO - Sync 1 DAGs
[2022-10-12T01:24:31.811+0000] {logging_mixin.py:117} INFO - [2022-10-12T01:24:31.811+0000] {dag.py:3328} INFO - Setting next_dagrun for tutorial_dag to None, run_after=None
[2022-10-12T01:24:31.835+0000] {processor.py:178} INFO - Processing /home/airflow/.local/lib/python3.7/site-packages/airflow/example_dags/tutorial_dag.py took 0.084 seconds
[2022-10-12T01:25:02.061+0000] {processor.py:156} INFO - Started process (PID=117) to work on /home/airflow/.local/lib/python3.7/site-packages/airflow/example_dags/tutorial_dag.py
[2022-10-12T01:25:02.062+0000] {processor.py:758} INFO - Processing file /home/airflow/.local/lib/python3.7/site-packages/airflow/example_dags/tutorial_dag.py for tasks to queue
[2022-10-12T01:25:02.062+0000] {logging_mixin.py:117} INFO - [2022-10-12T01:25:02.062+0000] {dagbag.py:525} INFO - Filling up the DagBag from /home/airflow/.local/lib/python3.7/site-packages/airflow/example_dags/tutorial_dag.py
[2022-10-12T01:25:02.072+0000] {processor.py:768} INFO - DAG(s) dict_keys(['tutorial_dag']) retrieved from /home/airflow/.local/lib/python3.7/site-packages/airflow/example_dags/tutorial_dag.py
[2022-10-12T01:25:02.100+0000] {logging_mixin.py:117} INFO - [2022-10-12T01:25:02.100+0000] {dag.py:2573} INFO - Sync 1 DAGs
[2022-10-12T01:25:02.118+0000] {logging_mixin.py:117} INFO - [2022-10-12T01:25:02.118+0000] {dag.py:3328} INFO - Setting next_dagrun for tutorial_dag to None, run_after=None
[2022-10-12T01:25:02.132+0000] {processor.py:178} INFO - Processing /home/airflow/.local/lib/python3.7/site-packages/airflow/example_dags/tutorial_dag.py took 0.073 seconds
[2022-10-12T01:25:32.338+0000] {processor.py:156} INFO - Started process (PID=181) to work on /home/airflow/.local/lib/python3.7/site-packages/airflow/example_dags/tutorial_dag.py
[2022-10-12T01:25:32.339+0000] {processor.py:758} INFO - Processing file /home/airflow/.local/lib/python3.7/site-packages/airflow/example_dags/tutorial_dag.py for tasks to queue
[2022-10-12T01:25:32.339+0000] {logging_mixin.py:117} INFO - [2022-10-12T01:25:32.339+0000] {dagbag.py:525} INFO - Filling up the DagBag from /home/airflow/.local/lib/python3.7/site-packages/airflow/example_dags/tutorial_dag.py
[2022-10-12T01:25:32.351+0000] {processor.py:768} INFO - DAG(s) dict_keys(['tutorial_dag']) retrieved from /home/airflow/.local/lib/python3.7/site-packages/airflow/example_dags/tutorial_dag.py
[2022-10-12T01:25:32.381+0000] {logging_mixin.py:117} INFO - [2022-10-12T01:25:32.381+0000] {dag.py:2573} INFO - Sync 1 DAGs
[2022-10-12T01:25:32.401+0000] {logging_mixin.py:117} INFO - [2022-10-12T01:25:32.400+0000] {dag.py:3328} INFO - Setting next_dagrun for tutorial_dag to None, run_after=None
[2022-10-12T01:25:32.417+0000] {processor.py:178} INFO - Processing /home/airflow/.local/lib/python3.7/site-packages/airflow/example_dags/tutorial_dag.py took 0.081 seconds
[2022-10-12T01:26:03.144+0000] {processor.py:156} INFO - Started process (PID=243) to work on /home/airflow/.local/lib/python3.7/site-packages/airflow/example_dags/tutorial_dag.py
[2022-10-12T01:26:03.145+0000] {processor.py:758} INFO - Processing file /home/airflow/.local/lib/python3.7/site-packages/airflow/example_dags/tutorial_dag.py for tasks to queue
[2022-10-12T01:26:03.146+0000] {logging_mixin.py:117} INFO - [2022-10-12T01:26:03.145+0000] {dagbag.py:525} INFO - Filling up the DagBag from /home/airflow/.local/lib/python3.7/site-packages/airflow/example_dags/tutorial_dag.py
[2022-10-12T01:26:03.159+0000] {processor.py:768} INFO - DAG(s) dict_keys(['tutorial_dag']) retrieved from /home/airflow/.local/lib/python3.7/site-packages/airflow/example_dags/tutorial_dag.py
[2022-10-12T01:26:03.205+0000] {logging_mixin.py:117} INFO - [2022-10-12T01:26:03.205+0000] {dag.py:2573} INFO - Sync 1 DAGs
[2022-10-12T01:26:03.233+0000] {logging_mixin.py:117} INFO - [2022-10-12T01:26:03.233+0000] {dag.py:3328} INFO - Setting next_dagrun for tutorial_dag to None, run_after=None
[2022-10-12T01:26:03.259+0000] {processor.py:178} INFO - Processing /home/airflow/.local/lib/python3.7/site-packages/airflow/example_dags/tutorial_dag.py took 0.118 seconds
