[2022-10-13T22:11:05.774+0000] {taskinstance.py:1165} INFO - Dependencies all met for <TaskInstance: airflow_titanic.also_run_this scheduled__2022-10-09T00:00:00+00:00 [queued]>
[2022-10-13T22:11:05.782+0000] {taskinstance.py:1165} INFO - Dependencies all met for <TaskInstance: airflow_titanic.also_run_this scheduled__2022-10-09T00:00:00+00:00 [queued]>
[2022-10-13T22:11:05.782+0000] {taskinstance.py:1362} INFO - 
--------------------------------------------------------------------------------
[2022-10-13T22:11:05.783+0000] {taskinstance.py:1363} INFO - Starting attempt 1 of 1
[2022-10-13T22:11:05.783+0000] {taskinstance.py:1364} INFO - 
--------------------------------------------------------------------------------
[2022-10-13T22:11:05.794+0000] {taskinstance.py:1383} INFO - Executing <Task(BashOperator): also_run_this> on 2022-10-09 00:00:00+00:00
[2022-10-13T22:11:05.801+0000] {standard_task_runner.py:54} INFO - Started process 10675 to run task
[2022-10-13T22:11:05.803+0000] {standard_task_runner.py:82} INFO - Running: ['***', 'tasks', 'run', '***_titanic', 'also_run_this', 'scheduled__2022-10-09T00:00:00+00:00', '--job-id', '32', '--raw', '--subdir', 'DAGS_FOLDER/***_titanic.py', '--cfg-path', '/tmp/tmpsd2lamn1']
[2022-10-13T22:11:05.803+0000] {standard_task_runner.py:83} INFO - Job 32: Subtask also_run_this
[2022-10-13T22:11:05.804+0000] {dagbag.py:525} INFO - Filling up the DagBag from /opt/***/dags/***_titanic.py
[2022-10-13T22:11:05.964+0000] {logging_mixin.py:117} WARNING - /home/***/.local/lib/python3.7/site-packages/***/models/dag.py:3425 RemovedInAirflow3Warning: Param `schedule_interval` is deprecated and will be removed in a future release. Please use `schedule` instead.
[2022-10-13T22:11:09.044+0000] {task_command.py:384} INFO - Running <TaskInstance: airflow_titanic.also_run_this scheduled__2022-10-09T00:00:00+00:00 [running]> on host 708a74060eb9
[2022-10-13T22:11:09.118+0000] {taskinstance.py:1592} INFO - Exporting the following env vars:
AIRFLOW_CTX_DAG_OWNER=Marcos Vieira
AIRFLOW_CTX_DAG_ID=***_titanic
AIRFLOW_CTX_TASK_ID=also_run_this
AIRFLOW_CTX_EXECUTION_DATE=2022-10-09T00:00:00+00:00
AIRFLOW_CTX_TRY_NUMBER=1
AIRFLOW_CTX_DAG_RUN_ID=scheduled__2022-10-09T00:00:00+00:00
[2022-10-13T22:11:09.119+0000] {subprocess.py:63} INFO - Tmp dir root location: 
 /tmp
[2022-10-13T22:11:09.120+0000] {subprocess.py:75} INFO - Running command: ['/bin/bash', '-c', 'curl -L -o/opt/storage_data/data/titanic.csv https://raw.githubusercontent.com/neylsoncrepalde/titanic_data_with_semicolon/main/titanic.csv']
[2022-10-13T22:11:09.128+0000] {clientserver.py:543} INFO - Closing down clientserver connection
[2022-10-13T22:11:09.138+0000] {subprocess.py:86} INFO - Output:
[2022-10-13T22:11:09.148+0000] {subprocess.py:93} INFO -   % Total    % Received % Xferd  Average Speed   Time    Time     Time  Current
[2022-10-13T22:11:09.148+0000] {subprocess.py:93} INFO -                                  Dload  Upload   Total   Spent    Left  Speed
[2022-10-13T22:11:09.406+0000] {subprocess.py:93} INFO -   0     0    0     0    0     0      0      0 --:--:-- --:--:-- --:--:--     0  0     0    0     0    0     0      0      0 --:--:-- --:--:-- --:--:--     0100 60326  100 60326    0     0   228k      0 --:--:-- --:--:-- --:--:--  227k
[2022-10-13T22:11:09.408+0000] {subprocess.py:97} INFO - Command exited with return code 0
[2022-10-13T22:11:09.436+0000] {taskinstance.py:1406} INFO - Marking task as SUCCESS. dag_id=***_titanic, task_id=also_run_this, execution_date=20221009T000000, start_date=20221013T221105, end_date=20221013T221109
[2022-10-13T22:11:09.477+0000] {local_task_job.py:164} INFO - Task exited with return code 0
[2022-10-13T22:11:09.510+0000] {local_task_job.py:273} INFO - 1 downstream tasks scheduled from follow-on schedule check
