[2022-10-13T22:14:40.849+0000] {taskinstance.py:1165} INFO - Dependencies all met for <TaskInstance: airflow_titanic_2.aggregation_dataframe scheduled__2022-10-09T00:00:00+00:00 [queued]>
[2022-10-13T22:14:40.858+0000] {taskinstance.py:1165} INFO - Dependencies all met for <TaskInstance: airflow_titanic_2.aggregation_dataframe scheduled__2022-10-09T00:00:00+00:00 [queued]>
[2022-10-13T22:14:40.858+0000] {taskinstance.py:1362} INFO - 
--------------------------------------------------------------------------------
[2022-10-13T22:14:40.858+0000] {taskinstance.py:1363} INFO - Starting attempt 1 of 1
[2022-10-13T22:14:40.858+0000] {taskinstance.py:1364} INFO - 
--------------------------------------------------------------------------------
[2022-10-13T22:14:40.873+0000] {taskinstance.py:1383} INFO - Executing <Task(_PythonDecoratedOperator): aggregation_dataframe> on 2022-10-09 00:00:00+00:00
[2022-10-13T22:14:40.880+0000] {standard_task_runner.py:54} INFO - Started process 12923 to run task
[2022-10-13T22:14:40.882+0000] {standard_task_runner.py:82} INFO - Running: ['***', 'tasks', 'run', '***_titanic_2', 'aggregation_dataframe', 'scheduled__2022-10-09T00:00:00+00:00', '--job-id', '34', '--raw', '--subdir', 'DAGS_FOLDER/***_titanic_2.py', '--cfg-path', '/tmp/tmpf99o18v9']
[2022-10-13T22:14:40.883+0000] {standard_task_runner.py:83} INFO - Job 34: Subtask aggregation_dataframe
[2022-10-13T22:14:40.884+0000] {dagbag.py:525} INFO - Filling up the DagBag from /opt/***/dags/***_titanic_2.py
[2022-10-13T22:14:41.063+0000] {logging_mixin.py:117} WARNING - /home/***/.local/lib/python3.7/site-packages/***/models/dag.py:3425 RemovedInAirflow3Warning: Param `schedule_interval` is deprecated and will be removed in a future release. Please use `schedule` instead.
[2022-10-13T22:14:44.103+0000] {task_command.py:384} INFO - Running <TaskInstance: airflow_titanic_2.aggregation_dataframe scheduled__2022-10-09T00:00:00+00:00 [running]> on host 708a74060eb9
[2022-10-13T22:14:44.158+0000] {taskinstance.py:1592} INFO - Exporting the following env vars:
AIRFLOW_CTX_DAG_OWNER=Marcos Vieira
AIRFLOW_CTX_DAG_ID=***_titanic_2
AIRFLOW_CTX_TASK_ID=aggregation_dataframe
AIRFLOW_CTX_EXECUTION_DATE=2022-10-09T00:00:00+00:00
AIRFLOW_CTX_TRY_NUMBER=1
AIRFLOW_CTX_DAG_RUN_ID=scheduled__2022-10-09T00:00:00+00:00
[2022-10-13T22:14:47.690+0000] {python.py:177} INFO - Done. Returned value was: None
[2022-10-13T22:14:47.699+0000] {taskinstance.py:1406} INFO - Marking task as SUCCESS. dag_id=***_titanic_2, task_id=aggregation_dataframe, execution_date=20221009T000000, start_date=20221013T221440, end_date=20221013T221447
[2022-10-13T22:14:47.719+0000] {local_task_job.py:164} INFO - Task exited with return code 0
[2022-10-13T22:14:47.744+0000] {local_task_job.py:273} INFO - 1 downstream tasks scheduled from follow-on schedule check
