[2022-10-13T22:13:31.638+0000] {processor.py:156} INFO - Started process (PID=11917) to work on /opt/airflow/dags/airflow_titanic_2.py
[2022-10-13T22:13:31.638+0000] {processor.py:758} INFO - Processing file /opt/airflow/dags/airflow_titanic_2.py for tasks to queue
[2022-10-13T22:13:31.638+0000] {logging_mixin.py:117} INFO - [2022-10-13T22:13:31.638+0000] {dagbag.py:525} INFO - Filling up the DagBag from /opt/airflow/dags/airflow_titanic_2.py
[2022-10-13T22:13:31.695+0000] {logging_mixin.py:117} WARNING - /home/airflow/.local/lib/python3.7/site-packages/airflow/models/dag.py:3425 RemovedInAirflow3Warning: Param `schedule_interval` is deprecated and will be removed in a future release. Please use `schedule` instead.
[2022-10-13T22:13:34.817+0000] {processor.py:768} INFO - DAG(s) dict_keys(['airflow_titanic_2']) retrieved from /opt/airflow/dags/airflow_titanic_2.py
[2022-10-13T22:13:34.920+0000] {logging_mixin.py:117} INFO - [2022-10-13T22:13:34.919+0000] {manager.py:507} INFO - Created Permission View: can read on DAG:airflow_titanic_2
[2022-10-13T22:13:34.928+0000] {logging_mixin.py:117} INFO - [2022-10-13T22:13:34.928+0000] {manager.py:507} INFO - Created Permission View: can edit on DAG:airflow_titanic_2
[2022-10-13T22:13:34.933+0000] {logging_mixin.py:117} INFO - [2022-10-13T22:13:34.933+0000] {manager.py:507} INFO - Created Permission View: can delete on DAG:airflow_titanic_2
[2022-10-13T22:13:34.933+0000] {logging_mixin.py:117} INFO - [2022-10-13T22:13:34.933+0000] {dag.py:2573} INFO - Sync 1 DAGs
[2022-10-13T22:13:34.943+0000] {logging_mixin.py:117} INFO - [2022-10-13T22:13:34.942+0000] {dag.py:2594} INFO - Creating ORM DAG for airflow_titanic_2
[2022-10-13T22:13:34.951+0000] {logging_mixin.py:117} INFO - [2022-10-13T22:13:34.951+0000] {dag.py:3328} INFO - Setting next_dagrun for airflow_titanic_2 to 2022-10-09T00:00:00+00:00, run_after=2022-10-09T00:00:00+00:00
[2022-10-13T22:13:34.965+0000] {processor.py:178} INFO - Processing /opt/airflow/dags/airflow_titanic_2.py took 3.330 seconds
[2022-10-13T22:14:05.105+0000] {processor.py:156} INFO - Started process (PID=12235) to work on /opt/airflow/dags/airflow_titanic_2.py
[2022-10-13T22:14:05.106+0000] {processor.py:758} INFO - Processing file /opt/airflow/dags/airflow_titanic_2.py for tasks to queue
[2022-10-13T22:14:05.107+0000] {logging_mixin.py:117} INFO - [2022-10-13T22:14:05.106+0000] {dagbag.py:525} INFO - Filling up the DagBag from /opt/airflow/dags/airflow_titanic_2.py
[2022-10-13T22:14:05.162+0000] {logging_mixin.py:117} WARNING - /home/airflow/.local/lib/python3.7/site-packages/airflow/models/dag.py:3425 RemovedInAirflow3Warning: Param `schedule_interval` is deprecated and will be removed in a future release. Please use `schedule` instead.
[2022-10-13T22:14:07.989+0000] {processor.py:768} INFO - DAG(s) dict_keys(['airflow_titanic_2']) retrieved from /opt/airflow/dags/airflow_titanic_2.py
[2022-10-13T22:14:08.016+0000] {logging_mixin.py:117} INFO - [2022-10-13T22:14:08.016+0000] {dag.py:2573} INFO - Sync 1 DAGs
[2022-10-13T22:14:08.034+0000] {logging_mixin.py:117} INFO - [2022-10-13T22:14:08.034+0000] {dag.py:3328} INFO - Setting next_dagrun for airflow_titanic_2 to 2022-10-09T00:00:00+00:00, run_after=2022-10-09T00:00:00+00:00
[2022-10-13T22:14:08.050+0000] {processor.py:178} INFO - Processing /opt/airflow/dags/airflow_titanic_2.py took 2.950 seconds
[2022-10-13T22:14:38.575+0000] {processor.py:156} INFO - Started process (PID=12843) to work on /opt/airflow/dags/airflow_titanic_2.py
[2022-10-13T22:14:38.576+0000] {processor.py:758} INFO - Processing file /opt/airflow/dags/airflow_titanic_2.py for tasks to queue
[2022-10-13T22:14:38.576+0000] {logging_mixin.py:117} INFO - [2022-10-13T22:14:38.576+0000] {dagbag.py:525} INFO - Filling up the DagBag from /opt/airflow/dags/airflow_titanic_2.py
[2022-10-13T22:14:38.627+0000] {logging_mixin.py:117} WARNING - /home/airflow/.local/lib/python3.7/site-packages/airflow/models/dag.py:3425 RemovedInAirflow3Warning: Param `schedule_interval` is deprecated and will be removed in a future release. Please use `schedule` instead.
[2022-10-13T22:14:41.498+0000] {processor.py:768} INFO - DAG(s) dict_keys(['airflow_titanic_2']) retrieved from /opt/airflow/dags/airflow_titanic_2.py
[2022-10-13T22:14:41.531+0000] {logging_mixin.py:117} INFO - [2022-10-13T22:14:41.531+0000] {dag.py:2573} INFO - Sync 1 DAGs
[2022-10-13T22:14:41.551+0000] {logging_mixin.py:117} INFO - [2022-10-13T22:14:41.551+0000] {dag.py:3328} INFO - Setting next_dagrun for airflow_titanic_2 to None, run_after=None
[2022-10-13T22:14:41.566+0000] {processor.py:178} INFO - Processing /opt/airflow/dags/airflow_titanic_2.py took 2.994 seconds
[2022-10-13T22:15:11.716+0000] {processor.py:156} INFO - Started process (PID=13316) to work on /opt/airflow/dags/airflow_titanic_2.py
[2022-10-13T22:15:11.720+0000] {processor.py:758} INFO - Processing file /opt/airflow/dags/airflow_titanic_2.py for tasks to queue
[2022-10-13T22:15:11.720+0000] {logging_mixin.py:117} INFO - [2022-10-13T22:15:11.720+0000] {dagbag.py:525} INFO - Filling up the DagBag from /opt/airflow/dags/airflow_titanic_2.py
[2022-10-13T22:15:11.777+0000] {logging_mixin.py:117} WARNING - /home/airflow/.local/lib/python3.7/site-packages/airflow/models/dag.py:3425 RemovedInAirflow3Warning: Param `schedule_interval` is deprecated and will be removed in a future release. Please use `schedule` instead.
[2022-10-13T22:15:14.502+0000] {processor.py:768} INFO - DAG(s) dict_keys(['airflow_titanic_2']) retrieved from /opt/airflow/dags/airflow_titanic_2.py
[2022-10-13T22:15:14.528+0000] {logging_mixin.py:117} INFO - [2022-10-13T22:15:14.528+0000] {dag.py:2573} INFO - Sync 1 DAGs
[2022-10-13T22:15:14.548+0000] {logging_mixin.py:117} INFO - [2022-10-13T22:15:14.548+0000] {dag.py:3328} INFO - Setting next_dagrun for airflow_titanic_2 to None, run_after=None
[2022-10-13T22:15:14.562+0000] {processor.py:178} INFO - Processing /opt/airflow/dags/airflow_titanic_2.py took 2.849 seconds
[2022-10-13T22:15:45.073+0000] {processor.py:156} INFO - Started process (PID=13994) to work on /opt/airflow/dags/airflow_titanic_2.py
[2022-10-13T22:15:45.076+0000] {processor.py:758} INFO - Processing file /opt/airflow/dags/airflow_titanic_2.py for tasks to queue
[2022-10-13T22:15:45.076+0000] {logging_mixin.py:117} INFO - [2022-10-13T22:15:45.076+0000] {dagbag.py:525} INFO - Filling up the DagBag from /opt/airflow/dags/airflow_titanic_2.py
[2022-10-13T22:15:45.134+0000] {logging_mixin.py:117} WARNING - /home/airflow/.local/lib/python3.7/site-packages/airflow/models/dag.py:3425 RemovedInAirflow3Warning: Param `schedule_interval` is deprecated and will be removed in a future release. Please use `schedule` instead.
[2022-10-13T22:15:48.032+0000] {processor.py:768} INFO - DAG(s) dict_keys(['airflow_titanic_2']) retrieved from /opt/airflow/dags/airflow_titanic_2.py
[2022-10-13T22:15:48.057+0000] {logging_mixin.py:117} INFO - [2022-10-13T22:15:48.057+0000] {dag.py:2573} INFO - Sync 1 DAGs
[2022-10-13T22:15:48.074+0000] {logging_mixin.py:117} INFO - [2022-10-13T22:15:48.074+0000] {dag.py:3328} INFO - Setting next_dagrun for airflow_titanic_2 to None, run_after=None
[2022-10-13T22:15:48.094+0000] {processor.py:178} INFO - Processing /opt/airflow/dags/airflow_titanic_2.py took 3.024 seconds
[2022-10-13T22:16:18.243+0000] {processor.py:156} INFO - Started process (PID=14312) to work on /opt/airflow/dags/airflow_titanic_2.py
[2022-10-13T22:16:18.247+0000] {processor.py:758} INFO - Processing file /opt/airflow/dags/airflow_titanic_2.py for tasks to queue
[2022-10-13T22:16:18.248+0000] {logging_mixin.py:117} INFO - [2022-10-13T22:16:18.248+0000] {dagbag.py:525} INFO - Filling up the DagBag from /opt/airflow/dags/airflow_titanic_2.py
[2022-10-13T22:16:18.303+0000] {logging_mixin.py:117} WARNING - /home/airflow/.local/lib/python3.7/site-packages/airflow/models/dag.py:3425 RemovedInAirflow3Warning: Param `schedule_interval` is deprecated and will be removed in a future release. Please use `schedule` instead.
[2022-10-13T22:16:20.968+0000] {processor.py:768} INFO - DAG(s) dict_keys(['airflow_titanic_2']) retrieved from /opt/airflow/dags/airflow_titanic_2.py
[2022-10-13T22:16:20.996+0000] {logging_mixin.py:117} INFO - [2022-10-13T22:16:20.996+0000] {dag.py:2573} INFO - Sync 1 DAGs
[2022-10-13T22:16:21.016+0000] {logging_mixin.py:117} INFO - [2022-10-13T22:16:21.016+0000] {dag.py:3328} INFO - Setting next_dagrun for airflow_titanic_2 to None, run_after=None
[2022-10-13T22:16:21.034+0000] {processor.py:178} INFO - Processing /opt/airflow/dags/airflow_titanic_2.py took 2.797 seconds
[2022-10-13T22:16:51.145+0000] {processor.py:156} INFO - Started process (PID=15047) to work on /opt/airflow/dags/airflow_titanic_2.py
[2022-10-13T22:16:51.145+0000] {processor.py:758} INFO - Processing file /opt/airflow/dags/airflow_titanic_2.py for tasks to queue
[2022-10-13T22:16:51.145+0000] {logging_mixin.py:117} INFO - [2022-10-13T22:16:51.145+0000] {dagbag.py:525} INFO - Filling up the DagBag from /opt/airflow/dags/airflow_titanic_2.py
[2022-10-13T22:16:51.210+0000] {logging_mixin.py:117} WARNING - /home/airflow/.local/lib/python3.7/site-packages/airflow/models/dag.py:3425 RemovedInAirflow3Warning: Param `schedule_interval` is deprecated and will be removed in a future release. Please use `schedule` instead.
[2022-10-13T22:16:55.570+0000] {processor.py:768} INFO - DAG(s) dict_keys(['airflow_titanic_2']) retrieved from /opt/airflow/dags/airflow_titanic_2.py
[2022-10-13T22:16:55.600+0000] {logging_mixin.py:117} INFO - [2022-10-13T22:16:55.600+0000] {dag.py:2573} INFO - Sync 1 DAGs
[2022-10-13T22:16:55.623+0000] {logging_mixin.py:117} INFO - [2022-10-13T22:16:55.623+0000] {dag.py:3328} INFO - Setting next_dagrun for airflow_titanic_2 to None, run_after=None
[2022-10-13T22:16:55.643+0000] {processor.py:178} INFO - Processing /opt/airflow/dags/airflow_titanic_2.py took 4.501 seconds
[2022-10-13T22:17:25.813+0000] {processor.py:156} INFO - Started process (PID=15517) to work on /opt/airflow/dags/airflow_titanic_2.py
[2022-10-13T22:17:25.817+0000] {processor.py:758} INFO - Processing file /opt/airflow/dags/airflow_titanic_2.py for tasks to queue
[2022-10-13T22:17:25.818+0000] {logging_mixin.py:117} INFO - [2022-10-13T22:17:25.817+0000] {dagbag.py:525} INFO - Filling up the DagBag from /opt/airflow/dags/airflow_titanic_2.py
[2022-10-13T22:17:25.874+0000] {logging_mixin.py:117} WARNING - /home/airflow/.local/lib/python3.7/site-packages/airflow/models/dag.py:3425 RemovedInAirflow3Warning: Param `schedule_interval` is deprecated and will be removed in a future release. Please use `schedule` instead.
[2022-10-13T22:17:28.577+0000] {processor.py:768} INFO - DAG(s) dict_keys(['airflow_titanic_2']) retrieved from /opt/airflow/dags/airflow_titanic_2.py
[2022-10-13T22:17:28.604+0000] {logging_mixin.py:117} INFO - [2022-10-13T22:17:28.604+0000] {dag.py:2573} INFO - Sync 1 DAGs
[2022-10-13T22:17:28.622+0000] {logging_mixin.py:117} INFO - [2022-10-13T22:17:28.622+0000] {dag.py:3328} INFO - Setting next_dagrun for airflow_titanic_2 to None, run_after=None
[2022-10-13T22:17:28.639+0000] {processor.py:178} INFO - Processing /opt/airflow/dags/airflow_titanic_2.py took 2.831 seconds
[2022-10-13T22:17:58.792+0000] {processor.py:156} INFO - Started process (PID=15834) to work on /opt/airflow/dags/airflow_titanic_2.py
[2022-10-13T22:17:58.792+0000] {processor.py:758} INFO - Processing file /opt/airflow/dags/airflow_titanic_2.py for tasks to queue
[2022-10-13T22:17:58.793+0000] {logging_mixin.py:117} INFO - [2022-10-13T22:17:58.792+0000] {dagbag.py:525} INFO - Filling up the DagBag from /opt/airflow/dags/airflow_titanic_2.py
[2022-10-13T22:17:58.843+0000] {logging_mixin.py:117} WARNING - /home/airflow/.local/lib/python3.7/site-packages/airflow/models/dag.py:3425 RemovedInAirflow3Warning: Param `schedule_interval` is deprecated and will be removed in a future release. Please use `schedule` instead.
[2022-10-13T22:18:01.407+0000] {processor.py:768} INFO - DAG(s) dict_keys(['airflow_titanic_2']) retrieved from /opt/airflow/dags/airflow_titanic_2.py
[2022-10-13T22:18:01.435+0000] {logging_mixin.py:117} INFO - [2022-10-13T22:18:01.435+0000] {dag.py:2573} INFO - Sync 1 DAGs
[2022-10-13T22:18:01.453+0000] {logging_mixin.py:117} INFO - [2022-10-13T22:18:01.453+0000] {dag.py:3328} INFO - Setting next_dagrun for airflow_titanic_2 to None, run_after=None
[2022-10-13T22:18:01.468+0000] {processor.py:178} INFO - Processing /opt/airflow/dags/airflow_titanic_2.py took 2.678 seconds
[2022-10-13T22:18:31.629+0000] {processor.py:156} INFO - Started process (PID=16152) to work on /opt/airflow/dags/airflow_titanic_2.py
[2022-10-13T22:18:31.632+0000] {processor.py:758} INFO - Processing file /opt/airflow/dags/airflow_titanic_2.py for tasks to queue
[2022-10-13T22:18:31.633+0000] {logging_mixin.py:117} INFO - [2022-10-13T22:18:31.633+0000] {dagbag.py:525} INFO - Filling up the DagBag from /opt/airflow/dags/airflow_titanic_2.py
[2022-10-13T22:18:31.691+0000] {logging_mixin.py:117} WARNING - /home/airflow/.local/lib/python3.7/site-packages/airflow/models/dag.py:3425 RemovedInAirflow3Warning: Param `schedule_interval` is deprecated and will be removed in a future release. Please use `schedule` instead.
[2022-10-13T22:18:34.268+0000] {processor.py:768} INFO - DAG(s) dict_keys(['airflow_titanic_2']) retrieved from /opt/airflow/dags/airflow_titanic_2.py
[2022-10-13T22:18:34.294+0000] {logging_mixin.py:117} INFO - [2022-10-13T22:18:34.294+0000] {dag.py:2573} INFO - Sync 1 DAGs
[2022-10-13T22:18:34.311+0000] {logging_mixin.py:117} INFO - [2022-10-13T22:18:34.311+0000] {dag.py:3328} INFO - Setting next_dagrun for airflow_titanic_2 to None, run_after=None
[2022-10-13T22:18:34.331+0000] {processor.py:178} INFO - Processing /opt/airflow/dags/airflow_titanic_2.py took 2.707 seconds
[2022-10-13T22:19:04.483+0000] {processor.py:156} INFO - Started process (PID=16470) to work on /opt/airflow/dags/airflow_titanic_2.py
[2022-10-13T22:19:04.486+0000] {processor.py:758} INFO - Processing file /opt/airflow/dags/airflow_titanic_2.py for tasks to queue
[2022-10-13T22:19:04.487+0000] {logging_mixin.py:117} INFO - [2022-10-13T22:19:04.487+0000] {dagbag.py:525} INFO - Filling up the DagBag from /opt/airflow/dags/airflow_titanic_2.py
[2022-10-13T22:19:04.542+0000] {logging_mixin.py:117} WARNING - /home/airflow/.local/lib/python3.7/site-packages/airflow/models/dag.py:3425 RemovedInAirflow3Warning: Param `schedule_interval` is deprecated and will be removed in a future release. Please use `schedule` instead.
[2022-10-13T22:19:07.137+0000] {processor.py:768} INFO - DAG(s) dict_keys(['airflow_titanic_2']) retrieved from /opt/airflow/dags/airflow_titanic_2.py
[2022-10-13T22:19:07.161+0000] {logging_mixin.py:117} INFO - [2022-10-13T22:19:07.161+0000] {dag.py:2573} INFO - Sync 1 DAGs
[2022-10-13T22:19:07.179+0000] {logging_mixin.py:117} INFO - [2022-10-13T22:19:07.179+0000] {dag.py:3328} INFO - Setting next_dagrun for airflow_titanic_2 to None, run_after=None
[2022-10-13T22:19:07.196+0000] {processor.py:178} INFO - Processing /opt/airflow/dags/airflow_titanic_2.py took 2.720 seconds
[2022-10-13T22:19:37.348+0000] {processor.py:156} INFO - Started process (PID=16787) to work on /opt/airflow/dags/airflow_titanic_2.py
[2022-10-13T22:19:37.352+0000] {processor.py:758} INFO - Processing file /opt/airflow/dags/airflow_titanic_2.py for tasks to queue
[2022-10-13T22:19:37.352+0000] {logging_mixin.py:117} INFO - [2022-10-13T22:19:37.352+0000] {dagbag.py:525} INFO - Filling up the DagBag from /opt/airflow/dags/airflow_titanic_2.py
[2022-10-13T22:19:37.409+0000] {logging_mixin.py:117} WARNING - /home/airflow/.local/lib/python3.7/site-packages/airflow/models/dag.py:3425 RemovedInAirflow3Warning: Param `schedule_interval` is deprecated and will be removed in a future release. Please use `schedule` instead.
[2022-10-13T22:19:39.991+0000] {processor.py:768} INFO - DAG(s) dict_keys(['airflow_titanic_2']) retrieved from /opt/airflow/dags/airflow_titanic_2.py
[2022-10-13T22:19:40.016+0000] {logging_mixin.py:117} INFO - [2022-10-13T22:19:40.016+0000] {dag.py:2573} INFO - Sync 1 DAGs
[2022-10-13T22:19:40.035+0000] {logging_mixin.py:117} INFO - [2022-10-13T22:19:40.035+0000] {dag.py:3328} INFO - Setting next_dagrun for airflow_titanic_2 to None, run_after=None
[2022-10-13T22:19:40.053+0000] {processor.py:178} INFO - Processing /opt/airflow/dags/airflow_titanic_2.py took 2.711 seconds
[2022-10-13T22:20:10.146+0000] {processor.py:156} INFO - Started process (PID=17105) to work on /opt/airflow/dags/airflow_titanic_2.py
[2022-10-13T22:20:10.149+0000] {processor.py:758} INFO - Processing file /opt/airflow/dags/airflow_titanic_2.py for tasks to queue
[2022-10-13T22:20:10.149+0000] {logging_mixin.py:117} INFO - [2022-10-13T22:20:10.149+0000] {dagbag.py:525} INFO - Filling up the DagBag from /opt/airflow/dags/airflow_titanic_2.py
[2022-10-13T22:20:10.206+0000] {logging_mixin.py:117} WARNING - /home/airflow/.local/lib/python3.7/site-packages/airflow/models/dag.py:3425 RemovedInAirflow3Warning: Param `schedule_interval` is deprecated and will be removed in a future release. Please use `schedule` instead.
[2022-10-13T22:20:12.816+0000] {processor.py:768} INFO - DAG(s) dict_keys(['airflow_titanic_2']) retrieved from /opt/airflow/dags/airflow_titanic_2.py
[2022-10-13T22:20:12.843+0000] {logging_mixin.py:117} INFO - [2022-10-13T22:20:12.843+0000] {dag.py:2573} INFO - Sync 1 DAGs
[2022-10-13T22:20:12.882+0000] {logging_mixin.py:117} INFO - [2022-10-13T22:20:12.882+0000] {dag.py:3328} INFO - Setting next_dagrun for airflow_titanic_2 to None, run_after=None
[2022-10-13T22:20:12.902+0000] {processor.py:178} INFO - Processing /opt/airflow/dags/airflow_titanic_2.py took 2.760 seconds
[2022-10-13T22:20:43.045+0000] {processor.py:156} INFO - Started process (PID=17422) to work on /opt/airflow/dags/airflow_titanic_2.py
[2022-10-13T22:20:43.046+0000] {processor.py:758} INFO - Processing file /opt/airflow/dags/airflow_titanic_2.py for tasks to queue
[2022-10-13T22:20:43.046+0000] {logging_mixin.py:117} INFO - [2022-10-13T22:20:43.046+0000] {dagbag.py:525} INFO - Filling up the DagBag from /opt/airflow/dags/airflow_titanic_2.py
[2022-10-13T22:20:43.096+0000] {logging_mixin.py:117} WARNING - /home/airflow/.local/lib/python3.7/site-packages/airflow/models/dag.py:3425 RemovedInAirflow3Warning: Param `schedule_interval` is deprecated and will be removed in a future release. Please use `schedule` instead.
[2022-10-13T22:20:45.667+0000] {processor.py:768} INFO - DAG(s) dict_keys(['airflow_titanic_2']) retrieved from /opt/airflow/dags/airflow_titanic_2.py
[2022-10-13T22:20:45.693+0000] {logging_mixin.py:117} INFO - [2022-10-13T22:20:45.693+0000] {dag.py:2573} INFO - Sync 1 DAGs
[2022-10-13T22:20:45.712+0000] {logging_mixin.py:117} INFO - [2022-10-13T22:20:45.712+0000] {dag.py:3328} INFO - Setting next_dagrun for airflow_titanic_2 to None, run_after=None
[2022-10-13T22:20:45.729+0000] {processor.py:178} INFO - Processing /opt/airflow/dags/airflow_titanic_2.py took 2.686 seconds
[2022-10-13T22:21:15.880+0000] {processor.py:156} INFO - Started process (PID=17739) to work on /opt/airflow/dags/airflow_titanic_2.py
[2022-10-13T22:21:15.883+0000] {processor.py:758} INFO - Processing file /opt/airflow/dags/airflow_titanic_2.py for tasks to queue
[2022-10-13T22:21:15.884+0000] {logging_mixin.py:117} INFO - [2022-10-13T22:21:15.884+0000] {dagbag.py:525} INFO - Filling up the DagBag from /opt/airflow/dags/airflow_titanic_2.py
[2022-10-13T22:21:15.939+0000] {logging_mixin.py:117} WARNING - /home/airflow/.local/lib/python3.7/site-packages/airflow/models/dag.py:3425 RemovedInAirflow3Warning: Param `schedule_interval` is deprecated and will be removed in a future release. Please use `schedule` instead.
[2022-10-13T22:21:18.411+0000] {processor.py:768} INFO - DAG(s) dict_keys(['airflow_titanic_2']) retrieved from /opt/airflow/dags/airflow_titanic_2.py
[2022-10-13T22:21:18.438+0000] {logging_mixin.py:117} INFO - [2022-10-13T22:21:18.438+0000] {dag.py:2573} INFO - Sync 1 DAGs
[2022-10-13T22:21:18.456+0000] {logging_mixin.py:117} INFO - [2022-10-13T22:21:18.456+0000] {dag.py:3328} INFO - Setting next_dagrun for airflow_titanic_2 to None, run_after=None
[2022-10-13T22:21:18.473+0000] {processor.py:178} INFO - Processing /opt/airflow/dags/airflow_titanic_2.py took 2.596 seconds
[2022-10-13T22:21:48.609+0000] {processor.py:156} INFO - Started process (PID=18056) to work on /opt/airflow/dags/airflow_titanic_2.py
[2022-10-13T22:21:48.612+0000] {processor.py:758} INFO - Processing file /opt/airflow/dags/airflow_titanic_2.py for tasks to queue
[2022-10-13T22:21:48.612+0000] {logging_mixin.py:117} INFO - [2022-10-13T22:21:48.612+0000] {dagbag.py:525} INFO - Filling up the DagBag from /opt/airflow/dags/airflow_titanic_2.py
[2022-10-13T22:21:48.674+0000] {logging_mixin.py:117} WARNING - /home/airflow/.local/lib/python3.7/site-packages/airflow/models/dag.py:3425 RemovedInAirflow3Warning: Param `schedule_interval` is deprecated and will be removed in a future release. Please use `schedule` instead.
[2022-10-13T22:21:51.309+0000] {processor.py:768} INFO - DAG(s) dict_keys(['airflow_titanic_2']) retrieved from /opt/airflow/dags/airflow_titanic_2.py
[2022-10-13T22:21:51.336+0000] {logging_mixin.py:117} INFO - [2022-10-13T22:21:51.335+0000] {dag.py:2573} INFO - Sync 1 DAGs
[2022-10-13T22:21:51.354+0000] {logging_mixin.py:117} INFO - [2022-10-13T22:21:51.354+0000] {dag.py:3328} INFO - Setting next_dagrun for airflow_titanic_2 to None, run_after=None
[2022-10-13T22:21:51.367+0000] {processor.py:178} INFO - Processing /opt/airflow/dags/airflow_titanic_2.py took 2.761 seconds
[2022-10-13T22:22:21.515+0000] {processor.py:156} INFO - Started process (PID=18366) to work on /opt/airflow/dags/airflow_titanic_2.py
[2022-10-13T22:22:21.518+0000] {processor.py:758} INFO - Processing file /opt/airflow/dags/airflow_titanic_2.py for tasks to queue
[2022-10-13T22:22:21.519+0000] {logging_mixin.py:117} INFO - [2022-10-13T22:22:21.519+0000] {dagbag.py:525} INFO - Filling up the DagBag from /opt/airflow/dags/airflow_titanic_2.py
[2022-10-13T22:22:21.579+0000] {logging_mixin.py:117} WARNING - /home/airflow/.local/lib/python3.7/site-packages/airflow/models/dag.py:3425 RemovedInAirflow3Warning: Param `schedule_interval` is deprecated and will be removed in a future release. Please use `schedule` instead.
[2022-10-13T22:22:24.177+0000] {processor.py:768} INFO - DAG(s) dict_keys(['airflow_titanic_2']) retrieved from /opt/airflow/dags/airflow_titanic_2.py
[2022-10-13T22:22:24.202+0000] {logging_mixin.py:117} INFO - [2022-10-13T22:22:24.202+0000] {dag.py:2573} INFO - Sync 1 DAGs
[2022-10-13T22:22:24.219+0000] {logging_mixin.py:117} INFO - [2022-10-13T22:22:24.219+0000] {dag.py:3328} INFO - Setting next_dagrun for airflow_titanic_2 to None, run_after=None
[2022-10-13T22:22:24.238+0000] {processor.py:178} INFO - Processing /opt/airflow/dags/airflow_titanic_2.py took 2.725 seconds
[2022-10-13T22:22:54.398+0000] {processor.py:156} INFO - Started process (PID=18686) to work on /opt/airflow/dags/airflow_titanic_2.py
[2022-10-13T22:22:54.398+0000] {processor.py:758} INFO - Processing file /opt/airflow/dags/airflow_titanic_2.py for tasks to queue
[2022-10-13T22:22:54.399+0000] {logging_mixin.py:117} INFO - [2022-10-13T22:22:54.399+0000] {dagbag.py:525} INFO - Filling up the DagBag from /opt/airflow/dags/airflow_titanic_2.py
[2022-10-13T22:22:54.451+0000] {logging_mixin.py:117} WARNING - /home/airflow/.local/lib/python3.7/site-packages/airflow/models/dag.py:3425 RemovedInAirflow3Warning: Param `schedule_interval` is deprecated and will be removed in a future release. Please use `schedule` instead.
[2022-10-13T22:22:57.362+0000] {processor.py:768} INFO - DAG(s) dict_keys(['airflow_titanic_2']) retrieved from /opt/airflow/dags/airflow_titanic_2.py
[2022-10-13T22:22:57.388+0000] {logging_mixin.py:117} INFO - [2022-10-13T22:22:57.388+0000] {dag.py:2573} INFO - Sync 1 DAGs
[2022-10-13T22:22:57.408+0000] {logging_mixin.py:117} INFO - [2022-10-13T22:22:57.408+0000] {dag.py:3328} INFO - Setting next_dagrun for airflow_titanic_2 to None, run_after=None
[2022-10-13T22:22:57.422+0000] {processor.py:178} INFO - Processing /opt/airflow/dags/airflow_titanic_2.py took 3.027 seconds
[2022-10-13T22:23:27.580+0000] {processor.py:156} INFO - Started process (PID=19005) to work on /opt/airflow/dags/airflow_titanic_2.py
[2022-10-13T22:23:27.583+0000] {processor.py:758} INFO - Processing file /opt/airflow/dags/airflow_titanic_2.py for tasks to queue
[2022-10-13T22:23:27.584+0000] {logging_mixin.py:117} INFO - [2022-10-13T22:23:27.584+0000] {dagbag.py:525} INFO - Filling up the DagBag from /opt/airflow/dags/airflow_titanic_2.py
[2022-10-13T22:23:27.637+0000] {logging_mixin.py:117} WARNING - /home/airflow/.local/lib/python3.7/site-packages/airflow/models/dag.py:3425 RemovedInAirflow3Warning: Param `schedule_interval` is deprecated and will be removed in a future release. Please use `schedule` instead.
[2022-10-13T22:23:30.510+0000] {processor.py:768} INFO - DAG(s) dict_keys(['airflow_titanic_2']) retrieved from /opt/airflow/dags/airflow_titanic_2.py
[2022-10-13T22:23:30.536+0000] {logging_mixin.py:117} INFO - [2022-10-13T22:23:30.536+0000] {dag.py:2573} INFO - Sync 1 DAGs
[2022-10-13T22:23:30.555+0000] {logging_mixin.py:117} INFO - [2022-10-13T22:23:30.555+0000] {dag.py:3328} INFO - Setting next_dagrun for airflow_titanic_2 to None, run_after=None
[2022-10-13T22:23:30.570+0000] {processor.py:178} INFO - Processing /opt/airflow/dags/airflow_titanic_2.py took 2.993 seconds
[2022-10-13T22:24:00.750+0000] {processor.py:156} INFO - Started process (PID=19323) to work on /opt/airflow/dags/airflow_titanic_2.py
[2022-10-13T22:24:00.751+0000] {processor.py:758} INFO - Processing file /opt/airflow/dags/airflow_titanic_2.py for tasks to queue
[2022-10-13T22:24:00.751+0000] {logging_mixin.py:117} INFO - [2022-10-13T22:24:00.751+0000] {dagbag.py:525} INFO - Filling up the DagBag from /opt/airflow/dags/airflow_titanic_2.py
[2022-10-13T22:24:00.805+0000] {logging_mixin.py:117} WARNING - /home/airflow/.local/lib/python3.7/site-packages/airflow/models/dag.py:3425 RemovedInAirflow3Warning: Param `schedule_interval` is deprecated and will be removed in a future release. Please use `schedule` instead.
[2022-10-13T22:24:03.787+0000] {processor.py:768} INFO - DAG(s) dict_keys(['airflow_titanic_2']) retrieved from /opt/airflow/dags/airflow_titanic_2.py
[2022-10-13T22:24:03.814+0000] {logging_mixin.py:117} INFO - [2022-10-13T22:24:03.813+0000] {dag.py:2573} INFO - Sync 1 DAGs
[2022-10-13T22:24:03.832+0000] {logging_mixin.py:117} INFO - [2022-10-13T22:24:03.832+0000] {dag.py:3328} INFO - Setting next_dagrun for airflow_titanic_2 to None, run_after=None
[2022-10-13T22:24:03.851+0000] {processor.py:178} INFO - Processing /opt/airflow/dags/airflow_titanic_2.py took 3.103 seconds
[2022-10-13T22:24:33.997+0000] {processor.py:156} INFO - Started process (PID=19641) to work on /opt/airflow/dags/airflow_titanic_2.py
[2022-10-13T22:24:33.998+0000] {processor.py:758} INFO - Processing file /opt/airflow/dags/airflow_titanic_2.py for tasks to queue
[2022-10-13T22:24:33.999+0000] {logging_mixin.py:117} INFO - [2022-10-13T22:24:33.999+0000] {dagbag.py:525} INFO - Filling up the DagBag from /opt/airflow/dags/airflow_titanic_2.py
[2022-10-13T22:24:34.052+0000] {logging_mixin.py:117} WARNING - /home/airflow/.local/lib/python3.7/site-packages/airflow/models/dag.py:3425 RemovedInAirflow3Warning: Param `schedule_interval` is deprecated and will be removed in a future release. Please use `schedule` instead.
[2022-10-13T22:24:36.772+0000] {processor.py:768} INFO - DAG(s) dict_keys(['airflow_titanic_2']) retrieved from /opt/airflow/dags/airflow_titanic_2.py
[2022-10-13T22:24:36.799+0000] {logging_mixin.py:117} INFO - [2022-10-13T22:24:36.799+0000] {dag.py:2573} INFO - Sync 1 DAGs
[2022-10-13T22:24:36.819+0000] {logging_mixin.py:117} INFO - [2022-10-13T22:24:36.819+0000] {dag.py:3328} INFO - Setting next_dagrun for airflow_titanic_2 to None, run_after=None
[2022-10-13T22:24:36.836+0000] {processor.py:178} INFO - Processing /opt/airflow/dags/airflow_titanic_2.py took 2.842 seconds
[2022-10-13T22:25:06.982+0000] {processor.py:156} INFO - Started process (PID=19958) to work on /opt/airflow/dags/airflow_titanic_2.py
[2022-10-13T22:25:06.985+0000] {processor.py:758} INFO - Processing file /opt/airflow/dags/airflow_titanic_2.py for tasks to queue
[2022-10-13T22:25:06.986+0000] {logging_mixin.py:117} INFO - [2022-10-13T22:25:06.986+0000] {dagbag.py:525} INFO - Filling up the DagBag from /opt/airflow/dags/airflow_titanic_2.py
[2022-10-13T22:25:07.040+0000] {logging_mixin.py:117} WARNING - /home/airflow/.local/lib/python3.7/site-packages/airflow/models/dag.py:3425 RemovedInAirflow3Warning: Param `schedule_interval` is deprecated and will be removed in a future release. Please use `schedule` instead.
[2022-10-13T22:25:10.014+0000] {processor.py:768} INFO - DAG(s) dict_keys(['airflow_titanic_2']) retrieved from /opt/airflow/dags/airflow_titanic_2.py
[2022-10-13T22:25:10.051+0000] {logging_mixin.py:117} INFO - [2022-10-13T22:25:10.050+0000] {dag.py:2573} INFO - Sync 1 DAGs
[2022-10-13T22:25:10.074+0000] {logging_mixin.py:117} INFO - [2022-10-13T22:25:10.074+0000] {dag.py:3328} INFO - Setting next_dagrun for airflow_titanic_2 to None, run_after=None
[2022-10-13T22:25:10.093+0000] {processor.py:178} INFO - Processing /opt/airflow/dags/airflow_titanic_2.py took 3.116 seconds
[2022-10-13T22:25:26.178+0000] {processor.py:156} INFO - Started process (PID=20266) to work on /opt/airflow/dags/airflow_titanic_2.py
[2022-10-13T22:25:26.179+0000] {processor.py:758} INFO - Processing file /opt/airflow/dags/airflow_titanic_2.py for tasks to queue
[2022-10-13T22:25:26.180+0000] {logging_mixin.py:117} INFO - [2022-10-13T22:25:26.180+0000] {dagbag.py:525} INFO - Filling up the DagBag from /opt/airflow/dags/airflow_titanic_2.py
[2022-10-13T22:25:26.241+0000] {logging_mixin.py:117} WARNING - /home/airflow/.local/lib/python3.7/site-packages/airflow/models/dag.py:3425 RemovedInAirflow3Warning: Param `schedule_interval` is deprecated and will be removed in a future release. Please use `schedule` instead.
[2022-10-13T22:25:28.926+0000] {processor.py:768} INFO - DAG(s) dict_keys(['airflow_titanic_2']) retrieved from /opt/airflow/dags/airflow_titanic_2.py
[2022-10-13T22:25:28.984+0000] {logging_mixin.py:117} INFO - [2022-10-13T22:25:28.983+0000] {dag.py:2573} INFO - Sync 1 DAGs
[2022-10-13T22:25:29.001+0000] {logging_mixin.py:117} INFO - [2022-10-13T22:25:29.001+0000] {dag.py:3328} INFO - Setting next_dagrun for airflow_titanic_2 to None, run_after=None
[2022-10-13T22:25:29.017+0000] {processor.py:178} INFO - Processing /opt/airflow/dags/airflow_titanic_2.py took 2.841 seconds
[2022-10-13T22:25:48.058+0000] {processor.py:156} INFO - Started process (PID=20429) to work on /opt/airflow/dags/airflow_titanic_2.py
[2022-10-13T22:25:48.061+0000] {processor.py:758} INFO - Processing file /opt/airflow/dags/airflow_titanic_2.py for tasks to queue
[2022-10-13T22:25:48.062+0000] {logging_mixin.py:117} INFO - [2022-10-13T22:25:48.062+0000] {dagbag.py:525} INFO - Filling up the DagBag from /opt/airflow/dags/airflow_titanic_2.py
[2022-10-13T22:25:48.114+0000] {logging_mixin.py:117} WARNING - /home/airflow/.local/lib/python3.7/site-packages/airflow/models/dag.py:3425 RemovedInAirflow3Warning: Param `schedule_interval` is deprecated and will be removed in a future release. Please use `schedule` instead.
[2022-10-13T22:25:51.192+0000] {processor.py:768} INFO - DAG(s) dict_keys(['airflow_titanic_2']) retrieved from /opt/airflow/dags/airflow_titanic_2.py
[2022-10-13T22:25:51.211+0000] {logging_mixin.py:117} INFO - [2022-10-13T22:25:51.211+0000] {dag.py:2573} INFO - Sync 1 DAGs
[2022-10-13T22:25:51.231+0000] {logging_mixin.py:117} INFO - [2022-10-13T22:25:51.231+0000] {dag.py:3328} INFO - Setting next_dagrun for airflow_titanic_2 to None, run_after=None
[2022-10-13T22:25:51.257+0000] {processor.py:178} INFO - Processing /opt/airflow/dags/airflow_titanic_2.py took 3.201 seconds
[2022-10-13T22:25:53.290+0000] {processor.py:156} INFO - Started process (PID=20720) to work on /opt/airflow/dags/airflow_titanic_2.py
[2022-10-13T22:25:53.290+0000] {processor.py:758} INFO - Processing file /opt/airflow/dags/airflow_titanic_2.py for tasks to queue
[2022-10-13T22:25:53.291+0000] {logging_mixin.py:117} INFO - [2022-10-13T22:25:53.291+0000] {dagbag.py:525} INFO - Filling up the DagBag from /opt/airflow/dags/airflow_titanic_2.py
[2022-10-13T22:25:53.347+0000] {logging_mixin.py:117} WARNING - /home/airflow/.local/lib/python3.7/site-packages/airflow/models/dag.py:3425 RemovedInAirflow3Warning: Param `schedule_interval` is deprecated and will be removed in a future release. Please use `schedule` instead.
[2022-10-13T22:25:56.612+0000] {processor.py:768} INFO - DAG(s) dict_keys(['airflow_titanic_2']) retrieved from /opt/airflow/dags/airflow_titanic_2.py
[2022-10-13T22:25:56.631+0000] {logging_mixin.py:117} INFO - [2022-10-13T22:25:56.631+0000] {dag.py:2573} INFO - Sync 1 DAGs
[2022-10-13T22:25:56.652+0000] {logging_mixin.py:117} INFO - [2022-10-13T22:25:56.652+0000] {dag.py:3328} INFO - Setting next_dagrun for airflow_titanic_2 to None, run_after=None
[2022-10-13T22:25:56.673+0000] {processor.py:178} INFO - Processing /opt/airflow/dags/airflow_titanic_2.py took 3.386 seconds
[2022-10-13T22:26:26.818+0000] {processor.py:156} INFO - Started process (PID=21190) to work on /opt/airflow/dags/airflow_titanic_2.py
[2022-10-13T22:26:26.819+0000] {processor.py:758} INFO - Processing file /opt/airflow/dags/airflow_titanic_2.py for tasks to queue
[2022-10-13T22:26:26.819+0000] {logging_mixin.py:117} INFO - [2022-10-13T22:26:26.819+0000] {dagbag.py:525} INFO - Filling up the DagBag from /opt/airflow/dags/airflow_titanic_2.py
[2022-10-13T22:26:26.874+0000] {logging_mixin.py:117} WARNING - /home/airflow/.local/lib/python3.7/site-packages/airflow/models/dag.py:3425 RemovedInAirflow3Warning: Param `schedule_interval` is deprecated and will be removed in a future release. Please use `schedule` instead.
[2022-10-13T22:26:29.565+0000] {processor.py:768} INFO - DAG(s) dict_keys(['airflow_titanic_2']) retrieved from /opt/airflow/dags/airflow_titanic_2.py
[2022-10-13T22:26:29.590+0000] {logging_mixin.py:117} INFO - [2022-10-13T22:26:29.590+0000] {dag.py:2573} INFO - Sync 1 DAGs
[2022-10-13T22:26:29.609+0000] {logging_mixin.py:117} INFO - [2022-10-13T22:26:29.609+0000] {dag.py:3328} INFO - Setting next_dagrun for airflow_titanic_2 to None, run_after=None
[2022-10-13T22:26:29.624+0000] {processor.py:178} INFO - Processing /opt/airflow/dags/airflow_titanic_2.py took 2.808 seconds
[2022-10-13T22:26:59.770+0000] {processor.py:156} INFO - Started process (PID=21508) to work on /opt/airflow/dags/airflow_titanic_2.py
[2022-10-13T22:26:59.773+0000] {processor.py:758} INFO - Processing file /opt/airflow/dags/airflow_titanic_2.py for tasks to queue
[2022-10-13T22:26:59.773+0000] {logging_mixin.py:117} INFO - [2022-10-13T22:26:59.773+0000] {dagbag.py:525} INFO - Filling up the DagBag from /opt/airflow/dags/airflow_titanic_2.py
[2022-10-13T22:26:59.829+0000] {logging_mixin.py:117} WARNING - /home/airflow/.local/lib/python3.7/site-packages/airflow/models/dag.py:3425 RemovedInAirflow3Warning: Param `schedule_interval` is deprecated and will be removed in a future release. Please use `schedule` instead.
[2022-10-13T22:27:02.680+0000] {processor.py:768} INFO - DAG(s) dict_keys(['airflow_titanic_2']) retrieved from /opt/airflow/dags/airflow_titanic_2.py
[2022-10-13T22:27:02.710+0000] {logging_mixin.py:117} INFO - [2022-10-13T22:27:02.710+0000] {dag.py:2573} INFO - Sync 1 DAGs
[2022-10-13T22:27:02.730+0000] {logging_mixin.py:117} INFO - [2022-10-13T22:27:02.730+0000] {dag.py:3328} INFO - Setting next_dagrun for airflow_titanic_2 to None, run_after=None
[2022-10-13T22:27:02.750+0000] {processor.py:178} INFO - Processing /opt/airflow/dags/airflow_titanic_2.py took 2.983 seconds
[2022-10-13T22:27:32.896+0000] {processor.py:156} INFO - Started process (PID=21824) to work on /opt/airflow/dags/airflow_titanic_2.py
[2022-10-13T22:27:32.899+0000] {processor.py:758} INFO - Processing file /opt/airflow/dags/airflow_titanic_2.py for tasks to queue
[2022-10-13T22:27:32.899+0000] {logging_mixin.py:117} INFO - [2022-10-13T22:27:32.899+0000] {dagbag.py:525} INFO - Filling up the DagBag from /opt/airflow/dags/airflow_titanic_2.py
[2022-10-13T22:27:32.900+0000] {logging_mixin.py:117} INFO - [2022-10-13T22:27:32.900+0000] {dagbag.py:330} ERROR - Failed to import: /opt/airflow/dags/airflow_titanic_2.py
Traceback (most recent call last):
  File "/home/airflow/.local/lib/python3.7/site-packages/airflow/models/dagbag.py", line 326, in parse
    loader.exec_module(new_module)
  File "<frozen importlib._bootstrap_external>", line 724, in exec_module
  File "<frozen importlib._bootstrap_external>", line 860, in get_code
  File "<frozen importlib._bootstrap_external>", line 791, in source_to_code
  File "<frozen importlib._bootstrap>", line 219, in _call_with_frames_removed
  File "/opt/airflow/dags/airflow_titanic_2.py", line 25
    df = (
         ^
IndentationError: expected an indented block
[2022-10-13T22:27:32.901+0000] {processor.py:770} WARNING - No viable dags retrieved from /opt/airflow/dags/airflow_titanic_2.py
[2022-10-13T22:27:32.916+0000] {processor.py:178} INFO - Processing /opt/airflow/dags/airflow_titanic_2.py took 0.023 seconds
[2022-10-13T22:28:03.042+0000] {processor.py:156} INFO - Started process (PID=21914) to work on /opt/airflow/dags/airflow_titanic_2.py
[2022-10-13T22:28:03.045+0000] {processor.py:758} INFO - Processing file /opt/airflow/dags/airflow_titanic_2.py for tasks to queue
[2022-10-13T22:28:03.046+0000] {logging_mixin.py:117} INFO - [2022-10-13T22:28:03.046+0000] {dagbag.py:525} INFO - Filling up the DagBag from /opt/airflow/dags/airflow_titanic_2.py
[2022-10-13T22:28:03.047+0000] {logging_mixin.py:117} INFO - [2022-10-13T22:28:03.047+0000] {dagbag.py:330} ERROR - Failed to import: /opt/airflow/dags/airflow_titanic_2.py
Traceback (most recent call last):
  File "/home/airflow/.local/lib/python3.7/site-packages/airflow/models/dagbag.py", line 326, in parse
    loader.exec_module(new_module)
  File "<frozen importlib._bootstrap_external>", line 724, in exec_module
  File "<frozen importlib._bootstrap_external>", line 860, in get_code
  File "<frozen importlib._bootstrap_external>", line 791, in source_to_code
  File "<frozen importlib._bootstrap>", line 219, in _call_with_frames_removed
  File "/opt/airflow/dags/airflow_titanic_2.py", line 25
    df = (
         ^
IndentationError: expected an indented block
[2022-10-13T22:28:03.047+0000] {processor.py:770} WARNING - No viable dags retrieved from /opt/airflow/dags/airflow_titanic_2.py
[2022-10-13T22:28:03.063+0000] {processor.py:178} INFO - Processing /opt/airflow/dags/airflow_titanic_2.py took 0.024 seconds
[2022-10-13T22:28:04.011+0000] {processor.py:156} INFO - Started process (PID=21969) to work on /opt/airflow/dags/airflow_titanic_2.py
[2022-10-13T22:28:04.012+0000] {processor.py:758} INFO - Processing file /opt/airflow/dags/airflow_titanic_2.py for tasks to queue
[2022-10-13T22:28:04.012+0000] {logging_mixin.py:117} INFO - [2022-10-13T22:28:04.012+0000] {dagbag.py:525} INFO - Filling up the DagBag from /opt/airflow/dags/airflow_titanic_2.py
[2022-10-13T22:28:04.074+0000] {logging_mixin.py:117} WARNING - /home/airflow/.local/lib/python3.7/site-packages/airflow/models/dag.py:3425 RemovedInAirflow3Warning: Param `schedule_interval` is deprecated and will be removed in a future release. Please use `schedule` instead.
[2022-10-13T22:28:06.826+0000] {processor.py:768} INFO - DAG(s) dict_keys(['airflow_titanic_2']) retrieved from /opt/airflow/dags/airflow_titanic_2.py
[2022-10-13T22:28:06.859+0000] {logging_mixin.py:117} INFO - [2022-10-13T22:28:06.858+0000] {dag.py:2573} INFO - Sync 1 DAGs
[2022-10-13T22:28:06.879+0000] {logging_mixin.py:117} INFO - [2022-10-13T22:28:06.879+0000] {dag.py:3328} INFO - Setting next_dagrun for airflow_titanic_2 to None, run_after=None
[2022-10-13T22:28:06.902+0000] {processor.py:178} INFO - Processing /opt/airflow/dags/airflow_titanic_2.py took 2.894 seconds
[2022-10-13T22:28:37.220+0000] {processor.py:156} INFO - Started process (PID=22326) to work on /opt/airflow/dags/airflow_titanic_2.py
[2022-10-13T22:28:37.221+0000] {processor.py:758} INFO - Processing file /opt/airflow/dags/airflow_titanic_2.py for tasks to queue
[2022-10-13T22:28:37.222+0000] {logging_mixin.py:117} INFO - [2022-10-13T22:28:37.221+0000] {dagbag.py:525} INFO - Filling up the DagBag from /opt/airflow/dags/airflow_titanic_2.py
[2022-10-13T22:28:37.281+0000] {logging_mixin.py:117} WARNING - /home/airflow/.local/lib/python3.7/site-packages/airflow/models/dag.py:3425 RemovedInAirflow3Warning: Param `schedule_interval` is deprecated and will be removed in a future release. Please use `schedule` instead.
[2022-10-13T22:28:40.732+0000] {processor.py:768} INFO - DAG(s) dict_keys(['airflow_titanic_2']) retrieved from /opt/airflow/dags/airflow_titanic_2.py
[2022-10-13T22:28:40.761+0000] {logging_mixin.py:117} INFO - [2022-10-13T22:28:40.761+0000] {dag.py:2573} INFO - Sync 1 DAGs
[2022-10-13T22:28:40.784+0000] {logging_mixin.py:117} INFO - [2022-10-13T22:28:40.784+0000] {dag.py:3328} INFO - Setting next_dagrun for airflow_titanic_2 to None, run_after=None
[2022-10-13T22:28:40.806+0000] {processor.py:178} INFO - Processing /opt/airflow/dags/airflow_titanic_2.py took 3.589 seconds
[2022-10-13T22:29:10.990+0000] {processor.py:156} INFO - Started process (PID=22648) to work on /opt/airflow/dags/airflow_titanic_2.py
[2022-10-13T22:29:10.990+0000] {processor.py:758} INFO - Processing file /opt/airflow/dags/airflow_titanic_2.py for tasks to queue
[2022-10-13T22:29:10.991+0000] {logging_mixin.py:117} INFO - [2022-10-13T22:29:10.991+0000] {dagbag.py:525} INFO - Filling up the DagBag from /opt/airflow/dags/airflow_titanic_2.py
[2022-10-13T22:29:11.045+0000] {logging_mixin.py:117} WARNING - /home/airflow/.local/lib/python3.7/site-packages/airflow/models/dag.py:3425 RemovedInAirflow3Warning: Param `schedule_interval` is deprecated and will be removed in a future release. Please use `schedule` instead.
[2022-10-13T22:29:15.000+0000] {processor.py:768} INFO - DAG(s) dict_keys(['airflow_titanic_2']) retrieved from /opt/airflow/dags/airflow_titanic_2.py
[2022-10-13T22:29:15.034+0000] {logging_mixin.py:117} INFO - [2022-10-13T22:29:15.034+0000] {dag.py:2573} INFO - Sync 1 DAGs
[2022-10-13T22:29:15.058+0000] {logging_mixin.py:117} INFO - [2022-10-13T22:29:15.057+0000] {dag.py:3328} INFO - Setting next_dagrun for airflow_titanic_2 to None, run_after=None
[2022-10-13T22:29:15.123+0000] {processor.py:178} INFO - Processing /opt/airflow/dags/airflow_titanic_2.py took 4.135 seconds
[2022-10-13T22:29:45.208+0000] {processor.py:156} INFO - Started process (PID=22972) to work on /opt/airflow/dags/airflow_titanic_2.py
[2022-10-13T22:29:45.209+0000] {processor.py:758} INFO - Processing file /opt/airflow/dags/airflow_titanic_2.py for tasks to queue
[2022-10-13T22:29:45.209+0000] {logging_mixin.py:117} INFO - [2022-10-13T22:29:45.209+0000] {dagbag.py:525} INFO - Filling up the DagBag from /opt/airflow/dags/airflow_titanic_2.py
[2022-10-13T22:29:45.268+0000] {logging_mixin.py:117} WARNING - /home/airflow/.local/lib/python3.7/site-packages/airflow/models/dag.py:3425 RemovedInAirflow3Warning: Param `schedule_interval` is deprecated and will be removed in a future release. Please use `schedule` instead.
[2022-10-13T22:29:48.991+0000] {processor.py:768} INFO - DAG(s) dict_keys(['airflow_titanic_2']) retrieved from /opt/airflow/dags/airflow_titanic_2.py
[2022-10-13T22:29:49.019+0000] {logging_mixin.py:117} INFO - [2022-10-13T22:29:49.019+0000] {dag.py:2573} INFO - Sync 1 DAGs
[2022-10-13T22:29:49.047+0000] {logging_mixin.py:117} INFO - [2022-10-13T22:29:49.047+0000] {dag.py:3328} INFO - Setting next_dagrun for airflow_titanic_2 to None, run_after=None
[2022-10-13T22:29:49.066+0000] {processor.py:178} INFO - Processing /opt/airflow/dags/airflow_titanic_2.py took 3.860 seconds
[2022-10-13T22:30:19.171+0000] {processor.py:156} INFO - Started process (PID=23295) to work on /opt/airflow/dags/airflow_titanic_2.py
[2022-10-13T22:30:19.171+0000] {processor.py:758} INFO - Processing file /opt/airflow/dags/airflow_titanic_2.py for tasks to queue
[2022-10-13T22:30:19.172+0000] {logging_mixin.py:117} INFO - [2022-10-13T22:30:19.172+0000] {dagbag.py:525} INFO - Filling up the DagBag from /opt/airflow/dags/airflow_titanic_2.py
[2022-10-13T22:30:19.229+0000] {logging_mixin.py:117} WARNING - /home/airflow/.local/lib/python3.7/site-packages/airflow/models/dag.py:3425 RemovedInAirflow3Warning: Param `schedule_interval` is deprecated and will be removed in a future release. Please use `schedule` instead.
[2022-10-13T22:30:23.225+0000] {processor.py:768} INFO - DAG(s) dict_keys(['airflow_titanic_2']) retrieved from /opt/airflow/dags/airflow_titanic_2.py
[2022-10-13T22:30:23.259+0000] {logging_mixin.py:117} INFO - [2022-10-13T22:30:23.259+0000] {dag.py:2573} INFO - Sync 1 DAGs
[2022-10-13T22:30:23.284+0000] {logging_mixin.py:117} INFO - [2022-10-13T22:30:23.284+0000] {dag.py:3328} INFO - Setting next_dagrun for airflow_titanic_2 to None, run_after=None
[2022-10-13T22:30:23.301+0000] {processor.py:178} INFO - Processing /opt/airflow/dags/airflow_titanic_2.py took 4.132 seconds
[2022-10-13T22:30:53.452+0000] {processor.py:156} INFO - Started process (PID=23619) to work on /opt/airflow/dags/airflow_titanic_2.py
[2022-10-13T22:30:53.452+0000] {processor.py:758} INFO - Processing file /opt/airflow/dags/airflow_titanic_2.py for tasks to queue
[2022-10-13T22:30:53.452+0000] {logging_mixin.py:117} INFO - [2022-10-13T22:30:53.452+0000] {dagbag.py:525} INFO - Filling up the DagBag from /opt/airflow/dags/airflow_titanic_2.py
[2022-10-13T22:30:53.504+0000] {logging_mixin.py:117} WARNING - /home/airflow/.local/lib/python3.7/site-packages/airflow/models/dag.py:3425 RemovedInAirflow3Warning: Param `schedule_interval` is deprecated and will be removed in a future release. Please use `schedule` instead.
[2022-10-13T22:30:57.237+0000] {processor.py:768} INFO - DAG(s) dict_keys(['airflow_titanic_2']) retrieved from /opt/airflow/dags/airflow_titanic_2.py
[2022-10-13T22:30:57.270+0000] {logging_mixin.py:117} INFO - [2022-10-13T22:30:57.270+0000] {dag.py:2573} INFO - Sync 1 DAGs
[2022-10-13T22:30:57.291+0000] {logging_mixin.py:117} INFO - [2022-10-13T22:30:57.291+0000] {dag.py:3328} INFO - Setting next_dagrun for airflow_titanic_2 to None, run_after=None
[2022-10-13T22:30:57.306+0000] {processor.py:178} INFO - Processing /opt/airflow/dags/airflow_titanic_2.py took 3.856 seconds
[2022-10-13T22:31:27.467+0000] {processor.py:156} INFO - Started process (PID=24086) to work on /opt/airflow/dags/airflow_titanic_2.py
[2022-10-13T22:31:27.470+0000] {processor.py:758} INFO - Processing file /opt/airflow/dags/airflow_titanic_2.py for tasks to queue
[2022-10-13T22:31:27.471+0000] {logging_mixin.py:117} INFO - [2022-10-13T22:31:27.471+0000] {dagbag.py:525} INFO - Filling up the DagBag from /opt/airflow/dags/airflow_titanic_2.py
[2022-10-13T22:31:27.526+0000] {logging_mixin.py:117} WARNING - /home/airflow/.local/lib/python3.7/site-packages/airflow/models/dag.py:3425 RemovedInAirflow3Warning: Param `schedule_interval` is deprecated and will be removed in a future release. Please use `schedule` instead.
[2022-10-13T22:31:30.410+0000] {processor.py:768} INFO - DAG(s) dict_keys(['airflow_titanic_2']) retrieved from /opt/airflow/dags/airflow_titanic_2.py
[2022-10-13T22:31:30.451+0000] {logging_mixin.py:117} INFO - [2022-10-13T22:31:30.450+0000] {dag.py:2573} INFO - Sync 1 DAGs
[2022-10-13T22:31:30.483+0000] {logging_mixin.py:117} INFO - [2022-10-13T22:31:30.483+0000] {dag.py:3328} INFO - Setting next_dagrun for airflow_titanic_2 to None, run_after=None
[2022-10-13T22:31:30.509+0000] {processor.py:178} INFO - Processing /opt/airflow/dags/airflow_titanic_2.py took 3.044 seconds
[2022-10-13T22:32:01.346+0000] {processor.py:156} INFO - Started process (PID=24551) to work on /opt/airflow/dags/airflow_titanic_2.py
[2022-10-13T22:32:01.350+0000] {processor.py:758} INFO - Processing file /opt/airflow/dags/airflow_titanic_2.py for tasks to queue
[2022-10-13T22:32:01.350+0000] {logging_mixin.py:117} INFO - [2022-10-13T22:32:01.350+0000] {dagbag.py:525} INFO - Filling up the DagBag from /opt/airflow/dags/airflow_titanic_2.py
[2022-10-13T22:32:01.406+0000] {logging_mixin.py:117} WARNING - /home/airflow/.local/lib/python3.7/site-packages/airflow/models/dag.py:3425 RemovedInAirflow3Warning: Param `schedule_interval` is deprecated and will be removed in a future release. Please use `schedule` instead.
[2022-10-13T22:32:04.347+0000] {processor.py:768} INFO - DAG(s) dict_keys(['airflow_titanic_2']) retrieved from /opt/airflow/dags/airflow_titanic_2.py
[2022-10-13T22:32:04.372+0000] {logging_mixin.py:117} INFO - [2022-10-13T22:32:04.372+0000] {dag.py:2573} INFO - Sync 1 DAGs
[2022-10-13T22:32:04.391+0000] {logging_mixin.py:117} INFO - [2022-10-13T22:32:04.390+0000] {dag.py:3328} INFO - Setting next_dagrun for airflow_titanic_2 to None, run_after=None
[2022-10-13T22:32:04.409+0000] {processor.py:178} INFO - Processing /opt/airflow/dags/airflow_titanic_2.py took 3.065 seconds
[2022-10-13T22:32:34.549+0000] {processor.py:156} INFO - Started process (PID=24871) to work on /opt/airflow/dags/airflow_titanic_2.py
[2022-10-13T22:32:34.553+0000] {processor.py:758} INFO - Processing file /opt/airflow/dags/airflow_titanic_2.py for tasks to queue
[2022-10-13T22:32:34.553+0000] {logging_mixin.py:117} INFO - [2022-10-13T22:32:34.553+0000] {dagbag.py:525} INFO - Filling up the DagBag from /opt/airflow/dags/airflow_titanic_2.py
[2022-10-13T22:32:34.612+0000] {logging_mixin.py:117} WARNING - /home/airflow/.local/lib/python3.7/site-packages/airflow/models/dag.py:3425 RemovedInAirflow3Warning: Param `schedule_interval` is deprecated and will be removed in a future release. Please use `schedule` instead.
[2022-10-13T22:32:37.905+0000] {processor.py:768} INFO - DAG(s) dict_keys(['airflow_titanic_2']) retrieved from /opt/airflow/dags/airflow_titanic_2.py
[2022-10-13T22:32:37.931+0000] {logging_mixin.py:117} INFO - [2022-10-13T22:32:37.931+0000] {dag.py:2573} INFO - Sync 1 DAGs
[2022-10-13T22:32:37.964+0000] {logging_mixin.py:117} INFO - [2022-10-13T22:32:37.964+0000] {dag.py:3328} INFO - Setting next_dagrun for airflow_titanic_2 to None, run_after=None
[2022-10-13T22:32:37.979+0000] {processor.py:178} INFO - Processing /opt/airflow/dags/airflow_titanic_2.py took 3.434 seconds
[2022-10-13T22:33:08.137+0000] {processor.py:156} INFO - Started process (PID=25187) to work on /opt/airflow/dags/airflow_titanic_2.py
[2022-10-13T22:33:08.140+0000] {processor.py:758} INFO - Processing file /opt/airflow/dags/airflow_titanic_2.py for tasks to queue
[2022-10-13T22:33:08.140+0000] {logging_mixin.py:117} INFO - [2022-10-13T22:33:08.140+0000] {dagbag.py:525} INFO - Filling up the DagBag from /opt/airflow/dags/airflow_titanic_2.py
[2022-10-13T22:33:08.194+0000] {logging_mixin.py:117} WARNING - /home/airflow/.local/lib/python3.7/site-packages/airflow/models/dag.py:3425 RemovedInAirflow3Warning: Param `schedule_interval` is deprecated and will be removed in a future release. Please use `schedule` instead.
[2022-10-13T22:33:11.669+0000] {processor.py:768} INFO - DAG(s) dict_keys(['airflow_titanic_2']) retrieved from /opt/airflow/dags/airflow_titanic_2.py
[2022-10-13T22:33:11.699+0000] {logging_mixin.py:117} INFO - [2022-10-13T22:33:11.699+0000] {dag.py:2573} INFO - Sync 1 DAGs
[2022-10-13T22:33:11.721+0000] {logging_mixin.py:117} INFO - [2022-10-13T22:33:11.721+0000] {dag.py:3328} INFO - Setting next_dagrun for airflow_titanic_2 to None, run_after=None
[2022-10-13T22:33:11.737+0000] {processor.py:178} INFO - Processing /opt/airflow/dags/airflow_titanic_2.py took 3.602 seconds
[2022-10-13T22:33:41.860+0000] {processor.py:156} INFO - Started process (PID=25509) to work on /opt/airflow/dags/airflow_titanic_2.py
[2022-10-13T22:33:41.860+0000] {processor.py:758} INFO - Processing file /opt/airflow/dags/airflow_titanic_2.py for tasks to queue
[2022-10-13T22:33:41.861+0000] {logging_mixin.py:117} INFO - [2022-10-13T22:33:41.861+0000] {dagbag.py:525} INFO - Filling up the DagBag from /opt/airflow/dags/airflow_titanic_2.py
[2022-10-13T22:33:41.920+0000] {logging_mixin.py:117} WARNING - /home/airflow/.local/lib/python3.7/site-packages/airflow/models/dag.py:3425 RemovedInAirflow3Warning: Param `schedule_interval` is deprecated and will be removed in a future release. Please use `schedule` instead.
[2022-10-13T22:33:45.460+0000] {processor.py:768} INFO - DAG(s) dict_keys(['airflow_titanic_2']) retrieved from /opt/airflow/dags/airflow_titanic_2.py
[2022-10-13T22:33:45.488+0000] {logging_mixin.py:117} INFO - [2022-10-13T22:33:45.488+0000] {dag.py:2573} INFO - Sync 1 DAGs
[2022-10-13T22:33:45.509+0000] {logging_mixin.py:117} INFO - [2022-10-13T22:33:45.509+0000] {dag.py:3328} INFO - Setting next_dagrun for airflow_titanic_2 to None, run_after=None
[2022-10-13T22:33:45.531+0000] {processor.py:178} INFO - Processing /opt/airflow/dags/airflow_titanic_2.py took 3.673 seconds
[2022-10-13T22:34:16.037+0000] {processor.py:156} INFO - Started process (PID=26007) to work on /opt/airflow/dags/airflow_titanic_2.py
[2022-10-13T22:34:16.038+0000] {processor.py:758} INFO - Processing file /opt/airflow/dags/airflow_titanic_2.py for tasks to queue
[2022-10-13T22:34:16.039+0000] {logging_mixin.py:117} INFO - [2022-10-13T22:34:16.039+0000] {dagbag.py:525} INFO - Filling up the DagBag from /opt/airflow/dags/airflow_titanic_2.py
[2022-10-13T22:34:16.096+0000] {logging_mixin.py:117} WARNING - /home/airflow/.local/lib/python3.7/site-packages/airflow/models/dag.py:3425 RemovedInAirflow3Warning: Param `schedule_interval` is deprecated and will be removed in a future release. Please use `schedule` instead.
[2022-10-13T22:34:19.326+0000] {processor.py:768} INFO - DAG(s) dict_keys(['airflow_titanic_2']) retrieved from /opt/airflow/dags/airflow_titanic_2.py
[2022-10-13T22:34:19.366+0000] {logging_mixin.py:117} INFO - [2022-10-13T22:34:19.366+0000] {dag.py:2573} INFO - Sync 1 DAGs
[2022-10-13T22:34:19.391+0000] {logging_mixin.py:117} INFO - [2022-10-13T22:34:19.391+0000] {dag.py:3328} INFO - Setting next_dagrun for airflow_titanic_2 to None, run_after=None
[2022-10-13T22:34:19.414+0000] {processor.py:178} INFO - Processing /opt/airflow/dags/airflow_titanic_2.py took 3.384 seconds
[2022-10-13T22:34:49.598+0000] {processor.py:156} INFO - Started process (PID=26328) to work on /opt/airflow/dags/airflow_titanic_2.py
[2022-10-13T22:34:49.601+0000] {processor.py:758} INFO - Processing file /opt/airflow/dags/airflow_titanic_2.py for tasks to queue
[2022-10-13T22:34:49.603+0000] {logging_mixin.py:117} INFO - [2022-10-13T22:34:49.602+0000] {dagbag.py:525} INFO - Filling up the DagBag from /opt/airflow/dags/airflow_titanic_2.py
[2022-10-13T22:34:49.657+0000] {logging_mixin.py:117} WARNING - /home/airflow/.local/lib/python3.7/site-packages/airflow/models/dag.py:3425 RemovedInAirflow3Warning: Param `schedule_interval` is deprecated and will be removed in a future release. Please use `schedule` instead.
[2022-10-13T22:34:52.996+0000] {processor.py:768} INFO - DAG(s) dict_keys(['airflow_titanic_2']) retrieved from /opt/airflow/dags/airflow_titanic_2.py
[2022-10-13T22:34:53.031+0000] {logging_mixin.py:117} INFO - [2022-10-13T22:34:53.031+0000] {dag.py:2573} INFO - Sync 1 DAGs
[2022-10-13T22:34:53.057+0000] {logging_mixin.py:117} INFO - [2022-10-13T22:34:53.056+0000] {dag.py:3328} INFO - Setting next_dagrun for airflow_titanic_2 to None, run_after=None
[2022-10-13T22:34:53.127+0000] {processor.py:178} INFO - Processing /opt/airflow/dags/airflow_titanic_2.py took 3.535 seconds
[2022-10-13T22:35:23.764+0000] {processor.py:156} INFO - Started process (PID=26649) to work on /opt/airflow/dags/airflow_titanic_2.py
[2022-10-13T22:35:23.767+0000] {processor.py:758} INFO - Processing file /opt/airflow/dags/airflow_titanic_2.py for tasks to queue
[2022-10-13T22:35:23.767+0000] {logging_mixin.py:117} INFO - [2022-10-13T22:35:23.767+0000] {dagbag.py:525} INFO - Filling up the DagBag from /opt/airflow/dags/airflow_titanic_2.py
[2022-10-13T22:35:23.826+0000] {logging_mixin.py:117} WARNING - /home/airflow/.local/lib/python3.7/site-packages/airflow/models/dag.py:3425 RemovedInAirflow3Warning: Param `schedule_interval` is deprecated and will be removed in a future release. Please use `schedule` instead.
[2022-10-13T22:35:27.749+0000] {processor.py:768} INFO - DAG(s) dict_keys(['airflow_titanic_2']) retrieved from /opt/airflow/dags/airflow_titanic_2.py
[2022-10-13T22:35:27.783+0000] {logging_mixin.py:117} INFO - [2022-10-13T22:35:27.783+0000] {dag.py:2573} INFO - Sync 1 DAGs
[2022-10-13T22:35:27.804+0000] {logging_mixin.py:117} INFO - [2022-10-13T22:35:27.804+0000] {dag.py:3328} INFO - Setting next_dagrun for airflow_titanic_2 to None, run_after=None
[2022-10-13T22:35:27.820+0000] {processor.py:178} INFO - Processing /opt/airflow/dags/airflow_titanic_2.py took 4.058 seconds
[2022-10-13T22:35:57.974+0000] {processor.py:156} INFO - Started process (PID=26974) to work on /opt/airflow/dags/airflow_titanic_2.py
[2022-10-13T22:35:57.977+0000] {processor.py:758} INFO - Processing file /opt/airflow/dags/airflow_titanic_2.py for tasks to queue
[2022-10-13T22:35:57.978+0000] {logging_mixin.py:117} INFO - [2022-10-13T22:35:57.978+0000] {dagbag.py:525} INFO - Filling up the DagBag from /opt/airflow/dags/airflow_titanic_2.py
[2022-10-13T22:35:58.031+0000] {logging_mixin.py:117} WARNING - /home/airflow/.local/lib/python3.7/site-packages/airflow/models/dag.py:3425 RemovedInAirflow3Warning: Param `schedule_interval` is deprecated and will be removed in a future release. Please use `schedule` instead.
[2022-10-13T22:36:01.459+0000] {processor.py:768} INFO - DAG(s) dict_keys(['airflow_titanic_2']) retrieved from /opt/airflow/dags/airflow_titanic_2.py
[2022-10-13T22:36:01.489+0000] {logging_mixin.py:117} INFO - [2022-10-13T22:36:01.488+0000] {dag.py:2573} INFO - Sync 1 DAGs
[2022-10-13T22:36:01.510+0000] {logging_mixin.py:117} INFO - [2022-10-13T22:36:01.510+0000] {dag.py:3328} INFO - Setting next_dagrun for airflow_titanic_2 to None, run_after=None
[2022-10-13T22:36:01.527+0000] {processor.py:178} INFO - Processing /opt/airflow/dags/airflow_titanic_2.py took 3.555 seconds
[2022-10-13T22:36:31.689+0000] {processor.py:156} INFO - Started process (PID=27292) to work on /opt/airflow/dags/airflow_titanic_2.py
[2022-10-13T22:36:31.692+0000] {processor.py:758} INFO - Processing file /opt/airflow/dags/airflow_titanic_2.py for tasks to queue
[2022-10-13T22:36:31.692+0000] {logging_mixin.py:117} INFO - [2022-10-13T22:36:31.692+0000] {dagbag.py:525} INFO - Filling up the DagBag from /opt/airflow/dags/airflow_titanic_2.py
[2022-10-13T22:36:31.748+0000] {logging_mixin.py:117} WARNING - /home/airflow/.local/lib/python3.7/site-packages/airflow/models/dag.py:3425 RemovedInAirflow3Warning: Param `schedule_interval` is deprecated and will be removed in a future release. Please use `schedule` instead.
[2022-10-13T22:36:35.175+0000] {processor.py:768} INFO - DAG(s) dict_keys(['airflow_titanic_2']) retrieved from /opt/airflow/dags/airflow_titanic_2.py
[2022-10-13T22:36:35.206+0000] {logging_mixin.py:117} INFO - [2022-10-13T22:36:35.206+0000] {dag.py:2573} INFO - Sync 1 DAGs
[2022-10-13T22:36:35.227+0000] {logging_mixin.py:117} INFO - [2022-10-13T22:36:35.227+0000] {dag.py:3328} INFO - Setting next_dagrun for airflow_titanic_2 to None, run_after=None
[2022-10-13T22:36:35.246+0000] {processor.py:178} INFO - Processing /opt/airflow/dags/airflow_titanic_2.py took 3.559 seconds
[2022-10-13T22:37:05.406+0000] {processor.py:156} INFO - Started process (PID=27612) to work on /opt/airflow/dags/airflow_titanic_2.py
[2022-10-13T22:37:05.409+0000] {processor.py:758} INFO - Processing file /opt/airflow/dags/airflow_titanic_2.py for tasks to queue
[2022-10-13T22:37:05.409+0000] {logging_mixin.py:117} INFO - [2022-10-13T22:37:05.409+0000] {dagbag.py:525} INFO - Filling up the DagBag from /opt/airflow/dags/airflow_titanic_2.py
[2022-10-13T22:37:05.467+0000] {logging_mixin.py:117} WARNING - /home/airflow/.local/lib/python3.7/site-packages/airflow/models/dag.py:3425 RemovedInAirflow3Warning: Param `schedule_interval` is deprecated and will be removed in a future release. Please use `schedule` instead.
[2022-10-13T22:37:09.006+0000] {processor.py:768} INFO - DAG(s) dict_keys(['airflow_titanic_2']) retrieved from /opt/airflow/dags/airflow_titanic_2.py
[2022-10-13T22:37:09.040+0000] {logging_mixin.py:117} INFO - [2022-10-13T22:37:09.040+0000] {dag.py:2573} INFO - Sync 1 DAGs
[2022-10-13T22:37:09.060+0000] {logging_mixin.py:117} INFO - [2022-10-13T22:37:09.060+0000] {dag.py:3328} INFO - Setting next_dagrun for airflow_titanic_2 to None, run_after=None
[2022-10-13T22:37:09.078+0000] {processor.py:178} INFO - Processing /opt/airflow/dags/airflow_titanic_2.py took 3.676 seconds
[2022-10-13T22:37:39.246+0000] {processor.py:156} INFO - Started process (PID=27938) to work on /opt/airflow/dags/airflow_titanic_2.py
[2022-10-13T22:37:39.246+0000] {processor.py:758} INFO - Processing file /opt/airflow/dags/airflow_titanic_2.py for tasks to queue
[2022-10-13T22:37:39.247+0000] {logging_mixin.py:117} INFO - [2022-10-13T22:37:39.247+0000] {dagbag.py:525} INFO - Filling up the DagBag from /opt/airflow/dags/airflow_titanic_2.py
[2022-10-13T22:37:39.341+0000] {logging_mixin.py:117} WARNING - /home/airflow/.local/lib/python3.7/site-packages/airflow/models/dag.py:3425 RemovedInAirflow3Warning: Param `schedule_interval` is deprecated and will be removed in a future release. Please use `schedule` instead.
[2022-10-13T22:37:43.217+0000] {processor.py:768} INFO - DAG(s) dict_keys(['airflow_titanic_2']) retrieved from /opt/airflow/dags/airflow_titanic_2.py
[2022-10-13T22:37:43.246+0000] {logging_mixin.py:117} INFO - [2022-10-13T22:37:43.246+0000] {dag.py:2573} INFO - Sync 1 DAGs
[2022-10-13T22:37:43.266+0000] {logging_mixin.py:117} INFO - [2022-10-13T22:37:43.266+0000] {dag.py:3328} INFO - Setting next_dagrun for airflow_titanic_2 to None, run_after=None
[2022-10-13T22:37:43.287+0000] {processor.py:178} INFO - Processing /opt/airflow/dags/airflow_titanic_2.py took 4.044 seconds
[2022-10-13T22:38:13.465+0000] {processor.py:156} INFO - Started process (PID=28264) to work on /opt/airflow/dags/airflow_titanic_2.py
[2022-10-13T22:38:13.465+0000] {processor.py:758} INFO - Processing file /opt/airflow/dags/airflow_titanic_2.py for tasks to queue
[2022-10-13T22:38:13.466+0000] {logging_mixin.py:117} INFO - [2022-10-13T22:38:13.466+0000] {dagbag.py:525} INFO - Filling up the DagBag from /opt/airflow/dags/airflow_titanic_2.py
[2022-10-13T22:38:13.522+0000] {logging_mixin.py:117} WARNING - /home/airflow/.local/lib/python3.7/site-packages/airflow/models/dag.py:3425 RemovedInAirflow3Warning: Param `schedule_interval` is deprecated and will be removed in a future release. Please use `schedule` instead.
[2022-10-13T22:38:17.194+0000] {processor.py:768} INFO - DAG(s) dict_keys(['airflow_titanic_2']) retrieved from /opt/airflow/dags/airflow_titanic_2.py
[2022-10-13T22:38:17.223+0000] {logging_mixin.py:117} INFO - [2022-10-13T22:38:17.223+0000] {dag.py:2573} INFO - Sync 1 DAGs
[2022-10-13T22:38:17.247+0000] {logging_mixin.py:117} INFO - [2022-10-13T22:38:17.247+0000] {dag.py:3328} INFO - Setting next_dagrun for airflow_titanic_2 to None, run_after=None
[2022-10-13T22:38:17.263+0000] {processor.py:178} INFO - Processing /opt/airflow/dags/airflow_titanic_2.py took 3.800 seconds
[2022-10-13T22:38:47.438+0000] {processor.py:156} INFO - Started process (PID=28588) to work on /opt/airflow/dags/airflow_titanic_2.py
[2022-10-13T22:38:47.438+0000] {processor.py:758} INFO - Processing file /opt/airflow/dags/airflow_titanic_2.py for tasks to queue
[2022-10-13T22:38:47.439+0000] {logging_mixin.py:117} INFO - [2022-10-13T22:38:47.439+0000] {dagbag.py:525} INFO - Filling up the DagBag from /opt/airflow/dags/airflow_titanic_2.py
[2022-10-13T22:38:47.496+0000] {logging_mixin.py:117} WARNING - /home/airflow/.local/lib/python3.7/site-packages/airflow/models/dag.py:3425 RemovedInAirflow3Warning: Param `schedule_interval` is deprecated and will be removed in a future release. Please use `schedule` instead.
[2022-10-13T22:38:51.059+0000] {processor.py:768} INFO - DAG(s) dict_keys(['airflow_titanic_2']) retrieved from /opt/airflow/dags/airflow_titanic_2.py
[2022-10-13T22:38:51.090+0000] {logging_mixin.py:117} INFO - [2022-10-13T22:38:51.090+0000] {dag.py:2573} INFO - Sync 1 DAGs
[2022-10-13T22:38:51.113+0000] {logging_mixin.py:117} INFO - [2022-10-13T22:38:51.113+0000] {dag.py:3328} INFO - Setting next_dagrun for airflow_titanic_2 to None, run_after=None
[2022-10-13T22:38:51.133+0000] {processor.py:178} INFO - Processing /opt/airflow/dags/airflow_titanic_2.py took 3.697 seconds
[2022-10-13T22:39:21.268+0000] {processor.py:156} INFO - Started process (PID=28909) to work on /opt/airflow/dags/airflow_titanic_2.py
[2022-10-13T22:39:21.268+0000] {processor.py:758} INFO - Processing file /opt/airflow/dags/airflow_titanic_2.py for tasks to queue
[2022-10-13T22:39:21.269+0000] {logging_mixin.py:117} INFO - [2022-10-13T22:39:21.269+0000] {dagbag.py:525} INFO - Filling up the DagBag from /opt/airflow/dags/airflow_titanic_2.py
[2022-10-13T22:39:21.329+0000] {logging_mixin.py:117} WARNING - /home/airflow/.local/lib/python3.7/site-packages/airflow/models/dag.py:3425 RemovedInAirflow3Warning: Param `schedule_interval` is deprecated and will be removed in a future release. Please use `schedule` instead.
[2022-10-13T22:39:24.861+0000] {processor.py:768} INFO - DAG(s) dict_keys(['airflow_titanic_2']) retrieved from /opt/airflow/dags/airflow_titanic_2.py
[2022-10-13T22:39:24.890+0000] {logging_mixin.py:117} INFO - [2022-10-13T22:39:24.889+0000] {dag.py:2573} INFO - Sync 1 DAGs
[2022-10-13T22:39:24.909+0000] {logging_mixin.py:117} INFO - [2022-10-13T22:39:24.909+0000] {dag.py:3328} INFO - Setting next_dagrun for airflow_titanic_2 to None, run_after=None
[2022-10-13T22:39:24.927+0000] {processor.py:178} INFO - Processing /opt/airflow/dags/airflow_titanic_2.py took 3.662 seconds
[2022-10-13T22:39:55.092+0000] {processor.py:156} INFO - Started process (PID=29229) to work on /opt/airflow/dags/airflow_titanic_2.py
[2022-10-13T22:39:55.093+0000] {processor.py:758} INFO - Processing file /opt/airflow/dags/airflow_titanic_2.py for tasks to queue
[2022-10-13T22:39:55.093+0000] {logging_mixin.py:117} INFO - [2022-10-13T22:39:55.093+0000] {dagbag.py:525} INFO - Filling up the DagBag from /opt/airflow/dags/airflow_titanic_2.py
[2022-10-13T22:39:55.160+0000] {logging_mixin.py:117} WARNING - /home/airflow/.local/lib/python3.7/site-packages/airflow/models/dag.py:3425 RemovedInAirflow3Warning: Param `schedule_interval` is deprecated and will be removed in a future release. Please use `schedule` instead.
[2022-10-13T22:39:58.627+0000] {processor.py:768} INFO - DAG(s) dict_keys(['airflow_titanic_2']) retrieved from /opt/airflow/dags/airflow_titanic_2.py
[2022-10-13T22:39:58.659+0000] {logging_mixin.py:117} INFO - [2022-10-13T22:39:58.659+0000] {dag.py:2573} INFO - Sync 1 DAGs
[2022-10-13T22:39:58.681+0000] {logging_mixin.py:117} INFO - [2022-10-13T22:39:58.681+0000] {dag.py:3328} INFO - Setting next_dagrun for airflow_titanic_2 to None, run_after=None
[2022-10-13T22:39:58.698+0000] {processor.py:178} INFO - Processing /opt/airflow/dags/airflow_titanic_2.py took 3.608 seconds
[2022-10-13T22:40:28.810+0000] {processor.py:156} INFO - Started process (PID=29551) to work on /opt/airflow/dags/airflow_titanic_2.py
[2022-10-13T22:40:28.810+0000] {processor.py:758} INFO - Processing file /opt/airflow/dags/airflow_titanic_2.py for tasks to queue
[2022-10-13T22:40:28.811+0000] {logging_mixin.py:117} INFO - [2022-10-13T22:40:28.811+0000] {dagbag.py:525} INFO - Filling up the DagBag from /opt/airflow/dags/airflow_titanic_2.py
[2022-10-13T22:40:28.875+0000] {logging_mixin.py:117} WARNING - /home/airflow/.local/lib/python3.7/site-packages/airflow/models/dag.py:3425 RemovedInAirflow3Warning: Param `schedule_interval` is deprecated and will be removed in a future release. Please use `schedule` instead.
[2022-10-13T22:40:32.297+0000] {processor.py:768} INFO - DAG(s) dict_keys(['airflow_titanic_2']) retrieved from /opt/airflow/dags/airflow_titanic_2.py
[2022-10-13T22:40:32.325+0000] {logging_mixin.py:117} INFO - [2022-10-13T22:40:32.325+0000] {dag.py:2573} INFO - Sync 1 DAGs
[2022-10-13T22:40:32.344+0000] {logging_mixin.py:117} INFO - [2022-10-13T22:40:32.344+0000] {dag.py:3328} INFO - Setting next_dagrun for airflow_titanic_2 to None, run_after=None
[2022-10-13T22:40:32.364+0000] {processor.py:178} INFO - Processing /opt/airflow/dags/airflow_titanic_2.py took 3.557 seconds
[2022-10-13T22:41:02.520+0000] {processor.py:156} INFO - Started process (PID=29868) to work on /opt/airflow/dags/airflow_titanic_2.py
[2022-10-13T22:41:02.521+0000] {processor.py:758} INFO - Processing file /opt/airflow/dags/airflow_titanic_2.py for tasks to queue
[2022-10-13T22:41:02.522+0000] {logging_mixin.py:117} INFO - [2022-10-13T22:41:02.521+0000] {dagbag.py:525} INFO - Filling up the DagBag from /opt/airflow/dags/airflow_titanic_2.py
[2022-10-13T22:41:02.584+0000] {logging_mixin.py:117} WARNING - /home/airflow/.local/lib/python3.7/site-packages/airflow/models/dag.py:3425 RemovedInAirflow3Warning: Param `schedule_interval` is deprecated and will be removed in a future release. Please use `schedule` instead.
[2022-10-13T22:41:05.919+0000] {processor.py:768} INFO - DAG(s) dict_keys(['airflow_titanic_2']) retrieved from /opt/airflow/dags/airflow_titanic_2.py
[2022-10-13T22:41:05.953+0000] {logging_mixin.py:117} INFO - [2022-10-13T22:41:05.952+0000] {dag.py:2573} INFO - Sync 1 DAGs
[2022-10-13T22:41:05.974+0000] {logging_mixin.py:117} INFO - [2022-10-13T22:41:05.974+0000] {dag.py:3328} INFO - Setting next_dagrun for airflow_titanic_2 to None, run_after=None
[2022-10-13T22:41:05.994+0000] {processor.py:178} INFO - Processing /opt/airflow/dags/airflow_titanic_2.py took 3.479 seconds
[2022-10-13T22:41:36.165+0000] {processor.py:156} INFO - Started process (PID=30195) to work on /opt/airflow/dags/airflow_titanic_2.py
[2022-10-13T22:41:36.165+0000] {processor.py:758} INFO - Processing file /opt/airflow/dags/airflow_titanic_2.py for tasks to queue
[2022-10-13T22:41:36.166+0000] {logging_mixin.py:117} INFO - [2022-10-13T22:41:36.166+0000] {dagbag.py:525} INFO - Filling up the DagBag from /opt/airflow/dags/airflow_titanic_2.py
[2022-10-13T22:41:36.243+0000] {logging_mixin.py:117} WARNING - /home/airflow/.local/lib/python3.7/site-packages/airflow/models/dag.py:3425 RemovedInAirflow3Warning: Param `schedule_interval` is deprecated and will be removed in a future release. Please use `schedule` instead.
[2022-10-13T22:41:39.489+0000] {processor.py:768} INFO - DAG(s) dict_keys(['airflow_titanic_2']) retrieved from /opt/airflow/dags/airflow_titanic_2.py
[2022-10-13T22:41:39.516+0000] {logging_mixin.py:117} INFO - [2022-10-13T22:41:39.516+0000] {dag.py:2573} INFO - Sync 1 DAGs
[2022-10-13T22:41:39.538+0000] {logging_mixin.py:117} INFO - [2022-10-13T22:41:39.538+0000] {dag.py:3328} INFO - Setting next_dagrun for airflow_titanic_2 to None, run_after=None
[2022-10-13T22:41:39.555+0000] {processor.py:178} INFO - Processing /opt/airflow/dags/airflow_titanic_2.py took 3.393 seconds
