[2022-10-13T22:16:46.351+0000] {taskinstance.py:1165} INFO - Dependencies all met for <TaskInstance: airflow_titanic.execute_airflow_titanic_2 manual__2022-10-13T22:15:15.195502+00:00 [queued]>
[2022-10-13T22:16:46.358+0000] {taskinstance.py:1165} INFO - Dependencies all met for <TaskInstance: airflow_titanic.execute_airflow_titanic_2 manual__2022-10-13T22:15:15.195502+00:00 [queued]>
[2022-10-13T22:16:46.359+0000] {taskinstance.py:1362} INFO - 
--------------------------------------------------------------------------------
[2022-10-13T22:16:46.359+0000] {taskinstance.py:1363} INFO - Starting attempt 1 of 1
[2022-10-13T22:16:46.359+0000] {taskinstance.py:1364} INFO - 
--------------------------------------------------------------------------------
[2022-10-13T22:16:46.371+0000] {taskinstance.py:1383} INFO - Executing <Task(TriggerDagRunOperator): execute_airflow_titanic_2> on 2022-10-13 22:15:15.195502+00:00
[2022-10-13T22:16:46.379+0000] {standard_task_runner.py:54} INFO - Started process 14897 to run task
[2022-10-13T22:16:46.381+0000] {standard_task_runner.py:82} INFO - Running: ['***', 'tasks', 'run', '***_titanic', 'execute_***_titanic_2', 'manual__2022-10-13T22:15:15.195502+00:00', '--job-id', '38', '--raw', '--subdir', 'DAGS_FOLDER/***_titanic.py', '--cfg-path', '/tmp/tmpml_a0zo3']
[2022-10-13T22:16:46.382+0000] {standard_task_runner.py:83} INFO - Job 38: Subtask execute_***_titanic_2
[2022-10-13T22:16:46.382+0000] {dagbag.py:525} INFO - Filling up the DagBag from /opt/***/dags/***_titanic.py
[2022-10-13T22:16:46.437+0000] {logging_mixin.py:117} WARNING - /home/***/.local/lib/python3.7/site-packages/***/models/dag.py:3425 RemovedInAirflow3Warning: Param `schedule_interval` is deprecated and will be removed in a future release. Please use `schedule` instead.
[2022-10-13T22:16:49.444+0000] {task_command.py:384} INFO - Running <TaskInstance: airflow_titanic.execute_airflow_titanic_2 manual__2022-10-13T22:15:15.195502+00:00 [running]> on host 708a74060eb9
[2022-10-13T22:16:49.551+0000] {taskinstance.py:1592} INFO - Exporting the following env vars:
AIRFLOW_CTX_DAG_OWNER=Marcos Vieira
AIRFLOW_CTX_DAG_ID=***_titanic
AIRFLOW_CTX_TASK_ID=execute_***_titanic_2
AIRFLOW_CTX_EXECUTION_DATE=2022-10-13T22:15:15.195502+00:00
AIRFLOW_CTX_TRY_NUMBER=1
AIRFLOW_CTX_DAG_RUN_ID=manual__2022-10-13T22:15:15.195502+00:00
[2022-10-13T22:16:49.675+0000] {taskinstance.py:1406} INFO - Marking task as SUCCESS. dag_id=***_titanic, task_id=execute_***_titanic_2, execution_date=20221013T221515, start_date=20221013T221646, end_date=20221013T221649
[2022-10-13T22:16:49.736+0000] {local_task_job.py:164} INFO - Task exited with return code 0
[2022-10-13T22:16:49.763+0000] {local_task_job.py:273} INFO - 1 downstream tasks scheduled from follow-on schedule check
