[2022-10-13T22:07:49.785+0000] {taskinstance.py:1165} INFO - Dependencies all met for <TaskInstance: trabalho2.aggregation_dataframe manual__2022-10-13T22:07:42.536318+00:00 [queued]>
[2022-10-13T22:07:49.798+0000] {taskinstance.py:1165} INFO - Dependencies all met for <TaskInstance: trabalho2.aggregation_dataframe manual__2022-10-13T22:07:42.536318+00:00 [queued]>
[2022-10-13T22:07:49.798+0000] {taskinstance.py:1362} INFO - 
--------------------------------------------------------------------------------
[2022-10-13T22:07:49.798+0000] {taskinstance.py:1363} INFO - Starting attempt 1 of 1
[2022-10-13T22:07:49.798+0000] {taskinstance.py:1364} INFO - 
--------------------------------------------------------------------------------
[2022-10-13T22:07:49.820+0000] {taskinstance.py:1383} INFO - Executing <Task(_PythonDecoratedOperator): aggregation_dataframe> on 2022-10-13 22:07:42.536318+00:00
[2022-10-13T22:07:49.828+0000] {standard_task_runner.py:54} INFO - Started process 8872 to run task
[2022-10-13T22:07:49.832+0000] {standard_task_runner.py:82} INFO - Running: ['***', 'tasks', 'run', 'trabalho2', 'aggregation_dataframe', 'manual__2022-10-13T22:07:42.536318+00:00', '--job-id', '30', '--raw', '--subdir', 'DAGS_FOLDER/***_titanic.py', '--cfg-path', '/tmp/tmpddh2nm9m']
[2022-10-13T22:07:49.833+0000] {standard_task_runner.py:83} INFO - Job 30: Subtask aggregation_dataframe
[2022-10-13T22:07:49.834+0000] {dagbag.py:525} INFO - Filling up the DagBag from /opt/***/dags/***_titanic.py
[2022-10-13T22:07:50.040+0000] {logging_mixin.py:117} WARNING - /home/***/.local/lib/python3.7/site-packages/***/models/dag.py:3425 RemovedInAirflow3Warning: Param `schedule_interval` is deprecated and will be removed in a future release. Please use `schedule` instead.
[2022-10-13T22:07:54.636+0000] {task_command.py:384} INFO - Running <TaskInstance: trabalho2.aggregation_dataframe manual__2022-10-13T22:07:42.536318+00:00 [running]> on host 708a74060eb9
[2022-10-13T22:07:54.734+0000] {taskinstance.py:1592} INFO - Exporting the following env vars:
AIRFLOW_CTX_DAG_OWNER=Marcos Vieira
AIRFLOW_CTX_DAG_ID=trabalho2
AIRFLOW_CTX_TASK_ID=aggregation_dataframe
AIRFLOW_CTX_EXECUTION_DATE=2022-10-13T22:07:42.536318+00:00
AIRFLOW_CTX_TRY_NUMBER=1
AIRFLOW_CTX_DAG_RUN_ID=manual__2022-10-13T22:07:42.536318+00:00
[2022-10-13T22:08:00.484+0000] {logging_mixin.py:117} INFO - +------+------+--------+
|   Sex|Pclass|Contagem|
+------+------+--------+
|female|     3|     144|
|  male|     2|     108|
|female|     1|      94|
|  male|     1|     122|
|  male|     3|     347|
|female|     2|      76|
+------+------+--------+
[2022-10-13T22:08:01.072+0000] {logging_mixin.py:117} INFO - +------+------+------------------+
|   Sex|Pclass|            Tarifa|
+------+------+------------------+
|female|     3|16.118809722222224|
|  male|     2| 19.74178240740741|
|female|     1|106.12579787234041|
|  male|     1| 67.22612704918033|
|  male|     3|12.661632564841513|
|female|     2| 21.97012105263158|
+------+------+------------------+
[2022-10-13T22:08:01.523+0000] {logging_mixin.py:117} INFO - +------+------+-------------+
|   Sex|Pclass|SibSp + Parch|
+------+------+-------------+
|female|     3|          144|
|  male|     2|          108|
|female|     1|           94|
|  male|     1|          122|
|  male|     3|          347|
|female|     2|           76|
+------+------+-------------+
[2022-10-13T22:08:02.275+0000] {logging_mixin.py:117} INFO - +------+------+--------+------------------+-------------+
|   Sex|Pclass|Contagem|            Tarifa|SibSp + Parch|
+------+------+--------+------------------+-------------+
|female|     3|     144|16.118809722222224|          144|
|  male|     2|     108| 19.74178240740741|          108|
|female|     1|      94|106.12579787234041|           94|
|  male|     1|     122| 67.22612704918033|          122|
|  male|     3|     347|12.661632564841513|          347|
|female|     2|      76| 21.97012105263158|           76|
+------+------+--------+------------------+-------------+
[2022-10-13T22:08:02.276+0000] {taskinstance.py:1851} ERROR - Task failed with exception
Traceback (most recent call last):
  File "/home/airflow/.local/lib/python3.7/site-packages/airflow/decorators/base.py", line 188, in execute
    return_value = super().execute(context)
  File "/home/airflow/.local/lib/python3.7/site-packages/airflow/operators/python.py", line 175, in execute
    return_value = self.execute_callable()
  File "/home/airflow/.local/lib/python3.7/site-packages/airflow/operators/python.py", line 193, in execute_callable
    return self.python_callable(*self.op_args, **self.op_kwargs)
  File "/opt/airflow/dags/airflow_titanic.py", line 77, in aggregation_dataframe
    df_aggregation.write.format("csv").save(TARGET_DIR + "tabela_unica.csv")
AttributeError: 'NoneType' object has no attribute 'write'
[2022-10-13T22:08:02.293+0000] {taskinstance.py:1406} INFO - Marking task as FAILED. dag_id=trabalho2, task_id=aggregation_dataframe, execution_date=20221013T220742, start_date=20221013T220749, end_date=20221013T220802
[2022-10-13T22:08:02.317+0000] {standard_task_runner.py:107} ERROR - Failed to execute job 30 for task aggregation_dataframe ('NoneType' object has no attribute 'write'; 8872)
[2022-10-13T22:08:02.363+0000] {local_task_job.py:164} INFO - Task exited with return code 1
[2022-10-13T22:08:02.409+0000] {local_task_job.py:273} INFO - 0 downstream tasks scheduled from follow-on schedule check
